2026-02-28 11:36:34,078 FuncName:log_message LINE:161 [INFO]- "GET / HTTP/1.1" 200 472006
2026-02-28 11:36:34,106 FuncName:log_message LINE:161 [INFO]- "GET /static/css/bootstrap.css HTTP/1.1" 304 0
2026-02-28 11:36:34,106 FuncName:log_message LINE:161 [INFO]- "GET /static/css/smohan.face.css HTTP/1.1" 304 0
2026-02-28 11:36:34,106 FuncName:log_message LINE:161 [INFO]- "GET /static/js/jquery.min.js HTTP/1.1" 304 0
2026-02-28 11:36:34,116 FuncName:log_message LINE:161 [INFO]- "GET /static/css/style.css HTTP/1.1" 304 0
2026-02-28 11:36:34,116 FuncName:log_message LINE:161 [INFO]- "GET /static/css/semantic.min.css HTTP/1.1" 304 0
2026-02-28 11:36:34,119 FuncName:log_message LINE:161 [INFO]- "GET /static/css/default.css HTTP/1.1" 304 0
2026-02-28 11:36:34,119 FuncName:log_message LINE:161 [INFO]- "GET /static/js/jquery.base64.min.js HTTP/1.1" 304 0
2026-02-28 11:36:34,120 FuncName:log_message LINE:161 [INFO]- "GET /static/js/jquery.cookie.js HTTP/1.1" 304 0
2026-02-28 11:36:34,121 FuncName:log_message LINE:161 [INFO]- "GET /static/js/js.js HTTP/1.1" 304 0
2026-02-28 11:36:34,122 FuncName:log_message LINE:161 [INFO]- "GET /static/debug_toolbar/js/toolbar.js HTTP/1.1" 304 0
2026-02-28 11:36:34,126 FuncName:log_message LINE:161 [INFO]- "GET /static/images/focus/09480d8b63c479.jpg HTTP/1.1" 304 0
2026-02-28 11:36:34,126 FuncName:log_message LINE:161 [INFO]- "GET /static/images/focus/4136f145453342.jpg HTTP/1.1" 304 0
2026-02-28 11:36:34,126 FuncName:log_message LINE:161 [INFO]- "GET /static/css/font-awesome.min.css HTTP/1.1" 304 0
2026-02-28 11:36:34,134 FuncName:log_message LINE:161 [INFO]- "GET /static/images/focus/04ec08f97e9773.jpg HTTP/1.1" 304 0
2026-02-28 11:36:34,135 FuncName:log_message LINE:161 [INFO]- "GET /static/images/user.jpg HTTP/1.1" 304 0
2026-02-28 11:36:34,164 FuncName:log_message LINE:161 [INFO]- "GET /static/images/scrollup.png HTTP/1.1" 304 0
2026-02-28 11:36:34,165 FuncName:log_message LINE:161 [INFO]- "GET /static/js/footer.js HTTP/1.1" 304 0
2026-02-28 11:36:34,167 FuncName:log_message LINE:161 [INFO]- "GET /static/debug_toolbar/css/toolbar.css HTTP/1.1" 304 0
2026-02-28 11:36:34,196 FuncName:log_message LINE:161 [INFO]- "GET /static/images/slider.png HTTP/1.1" 304 0
2026-02-28 11:36:34,196 FuncName:log_message LINE:161 [INFO]- "GET /static/images/icon1.ico?v=888 HTTP/1.1" 304 0
2026-02-28 11:36:34,296 FuncName:log_message LINE:161 [INFO]- "GET /static/css/fonts/fontawesome-webfont.woff2?v=4.5.0 HTTP/1.1" 304 0
2026-02-28 11:36:34,306 FuncName:log_message LINE:161 [INFO]- "GET /static/debug_toolbar/css/print.css HTTP/1.1" 304 0
2026-02-28 11:36:34,348 FuncName:log_message LINE:161 [INFO]- "GET /static/debug_toolbar/js/utils.js HTTP/1.1" 304 0
2026-02-28 11:36:35,637 FuncName:log_message LINE:161 [INFO]- "GET /admin/ HTTP/1.1" 200 28502
2026-02-28 11:36:35,661 FuncName:log_message LINE:161 [INFO]- "GET /static/admin/simpleui-x/elementui/theme-chalk/index.css HTTP/1.1" 304 0
2026-02-28 11:36:35,667 FuncName:log_message LINE:161 [INFO]- "GET /static/admin/simpleui-x/waves/waves.min.css?_=2.1 HTTP/1.1" 304 0
2026-02-28 11:36:35,667 FuncName:log_message LINE:161 [INFO]- "GET /static/admin/simpleui-x/img/logo.png HTTP/1.1" 304 0
2026-02-28 11:36:35,667 FuncName:log_message LINE:161 [INFO]- "GET /static/admin/simpleui-x/css/index.css?_=3.2 HTTP/1.1" 304 0
2026-02-28 11:36:35,668 FuncName:log_message LINE:161 [INFO]- "GET /static/admin/simpleui-x/js/vue.min.js?_=2026.01.13 HTTP/1.1" 304 0
2026-02-28 11:36:35,669 FuncName:log_message LINE:161 [INFO]- "GET /static/admin/simpleui-x/elementui/index.js?_=2026.01.13 HTTP/1.1" 304 0
2026-02-28 11:36:35,669 FuncName:log_message LINE:161 [INFO]- "GET /static/admin/simpleui-x/elementui/umd/locale/en.js?_=2026.01.13 HTTP/1.1" 304 0
2026-02-28 11:36:35,671 FuncName:log_message LINE:161 [INFO]- "GET /static/admin/simpleui-x/automatic/dicts.js?_=2026.01.13 HTTP/1.1" 304 0
2026-02-28 11:36:35,673 FuncName:log_message LINE:161 [INFO]- "GET /static/admin/simpleui-x/automatic/segment.js?_=2026.01.13 HTTP/1.1" 304 0
2026-02-28 11:36:35,675 FuncName:log_message LINE:161 [INFO]- "GET /static/admin/simpleui-x/locale/en-us.js?_=2026.01.13 HTTP/1.1" 304 0
2026-02-28 11:36:35,677 FuncName:log_message LINE:161 [INFO]- "GET /static/admin/simpleui-x/locale/zh-hans.js?_=2026.01.13 HTTP/1.1" 304 0
2026-02-28 11:36:35,677 FuncName:log_message LINE:161 [INFO]- "GET /static/admin/simpleui-x/js/cookie.js?_=2026.01.13 HTTP/1.1" 304 0
2026-02-28 11:36:35,678 FuncName:log_message LINE:161 [INFO]- "GET /static/admin/simpleui-x/theme/theme.js?_=2026.01.13 HTTP/1.1" 304 0
2026-02-28 11:36:35,679 FuncName:log_message LINE:161 [INFO]- "GET /static/admin/simpleui-x/waves/waves.min.js?_=2026.01.13 HTTP/1.1" 304 0
2026-02-28 11:36:35,681 FuncName:log_message LINE:161 [INFO]- "GET /static/admin/simpleui-x/js/menu.js?_=2026.01.13 HTTP/1.1" 304 0
2026-02-28 11:36:35,682 FuncName:log_message LINE:161 [INFO]- "GET /static/admin/simpleui-x/js/index.js?_=2026.01.13 HTTP/1.1" 304 0
2026-02-28 11:36:35,732 FuncName:log_message LINE:161 [INFO]- "GET /static/admin/simpleui-x/elementui/theme-chalk/fonts/element-icons.woff HTTP/1.1" 304 0
2026-02-28 11:36:46,433 FuncName:log_message LINE:161 [INFO]- "GET /admin/user/usersperfer/ HTTP/1.1" 200 47604
2026-02-28 11:36:46,441 FuncName:log_message LINE:161 [INFO]- "GET /static/admin/simpleui-x/theme/simpleui.css HTTP/1.1" 304 0
2026-02-28 11:36:46,441 FuncName:log_message LINE:161 [INFO]- "GET /static/admin/simpleui-x/locale/zh-hans.js HTTP/1.1" 304 0
2026-02-28 11:36:46,441 FuncName:log_message LINE:161 [INFO]- "GET /static/admin/simpleui-x/js/language.js?_=2.1.2 HTTP/1.1" 304 0
2026-02-28 11:36:46,442 FuncName:log_message LINE:161 [INFO]- "GET /static/admin/simpleui-x/locale/en-us.js?_=2.1.2 HTTP/1.1" 304 0
2026-02-28 11:36:46,442 FuncName:log_message LINE:161 [INFO]- "GET /static/admin/css/base.css?_=2.7 HTTP/1.1" 304 0
2026-02-28 11:36:46,442 FuncName:log_message LINE:161 [INFO]- "GET /static/admin/simpleui-x/css/base.css?_=2.7 HTTP/1.1" 304 0
2026-02-28 11:36:46,447 FuncName:log_message LINE:161 [INFO]- "GET /static/admin/css/forms.css HTTP/1.1" 304 0
2026-02-28 11:36:46,447 FuncName:log_message LINE:161 [INFO]- "GET /static/admin/css/changelists.css?_=20180905 HTTP/1.1" 304 0
2026-02-28 11:36:46,448 FuncName:log_message LINE:161 [INFO]- "GET /static/admin/css/responsive.css?_=20180905 HTTP/1.1" 304 0
2026-02-28 11:36:46,448 FuncName:log_message LINE:161 [INFO]- "GET /static/admin/simpleui-x/js/cookie.js HTTP/1.1" 304 0
2026-02-28 11:36:46,450 FuncName:log_message LINE:161 [INFO]- "GET /static/admin/js/vendor/jquery/jquery.js HTTP/1.1" 304 0
2026-02-28 11:36:46,450 FuncName:log_message LINE:161 [INFO]- "GET /static/admin/css/fonts.css HTTP/1.1" 304 0
2026-02-28 11:36:46,450 FuncName:log_message LINE:161 [INFO]- "GET /static/admin/js/jquery.init.js HTTP/1.1" 304 0
2026-02-28 11:36:46,450 FuncName:log_message LINE:161 [INFO]- "GET /static/admin/js/core.js HTTP/1.1" 304 0
2026-02-28 11:36:46,450 FuncName:log_message LINE:161 [INFO]- "GET /static/admin/js/admin/RelatedObjectLookups.js HTTP/1.1" 304 0
2026-02-28 11:36:46,450 FuncName:log_message LINE:161 [INFO]- "GET /static/admin/js/actions.js HTTP/1.1" 304 0
2026-02-28 11:36:46,450 FuncName:log_message LINE:161 [INFO]- "GET /static/admin/js/urlify.js HTTP/1.1" 304 0
2026-02-28 11:36:46,456 FuncName:log_message LINE:161 [INFO]- "GET /static/admin/js/prepopulate.js HTTP/1.1" 304 0
2026-02-28 11:36:46,456 FuncName:log_message LINE:161 [INFO]- "GET /static/admin/js/vendor/xregexp/xregexp.js HTTP/1.1" 304 0
2026-02-28 11:36:46,456 FuncName:log_message LINE:161 [INFO]- "GET /static/admin/js/vendor/jquery/jquery.min.js HTTP/1.1" 304 0
2026-02-28 11:36:46,456 FuncName:log_message LINE:161 [INFO]- "GET /static/admin/simpleui-x/automatic/segment.js HTTP/1.1" 304 0
2026-02-28 11:36:46,456 FuncName:log_message LINE:161 [INFO]- "GET /static/admin/simpleui-x/automatic/dicts.js HTTP/1.1" 304 0
2026-02-28 11:36:46,456 FuncName:log_message LINE:161 [INFO]- "GET /static/admin/simpleui-x/js/axios.min.js HTTP/1.1" 304 0
2026-02-28 11:36:46,456 FuncName:log_message LINE:161 [INFO]- "GET /static/admin/css/widgets.css HTTP/1.1" 304 0
2026-02-28 11:36:46,580 FuncName:log_message LINE:161 [INFO]- "GET /admin/jsi18n/ HTTP/1.1" 200 8398
2026-02-28 11:36:46,607 FuncName:log_message LINE:161 [INFO]- "GET /static/admin/fonts/Roboto-Regular-webfont.woff HTTP/1.1" 304 0
2026-02-28 11:36:46,615 FuncName:log_message LINE:161 [INFO]- "GET /static/admin/fonts/Roboto-Bold-webfont.woff HTTP/1.1" 304 0
2026-02-28 11:36:49,344 FuncName:log_message LINE:161 [INFO]- "GET /admin/user/usermovierecommend/ HTTP/1.1" 200 45897
2026-02-28 11:36:49,636 FuncName:log_message LINE:161 [INFO]- "GET /admin/jsi18n/ HTTP/1.1" 200 8398
2026-02-28 11:36:49,655 FuncName:log_message LINE:161 [INFO]- "GET /static/admin/img/sorting-icons.svg HTTP/1.1" 304 0
2026-02-28 11:36:49,656 FuncName:log_message LINE:161 [INFO]- "GET /static/admin/img/search.svg HTTP/1.1" 304 0
2026-02-28 11:36:49,660 FuncName:log_message LINE:161 [INFO]- "GET /static/admin/fonts/Roboto-Light-webfont.woff HTTP/1.1" 304 0
2026-02-28 11:36:54,470 FuncName:log_message LINE:161 [INFO]- "GET /admin/user/usertag/ HTTP/1.1" 200 121267
2026-02-28 11:36:54,816 FuncName:log_message LINE:161 [INFO]- "GET /admin/jsi18n/ HTTP/1.1" 200 8398
2026-02-28 11:36:55,510 FuncName:log_message LINE:161 [INFO]- "GET /admin/user/usersbase/3/change/ HTTP/1.1" 200 28708
2026-02-28 11:36:55,527 FuncName:log_message LINE:161 [INFO]- "GET /static/admin/js/admin/DateTimeShortcuts.js HTTP/1.1" 304 0
2026-02-28 11:36:55,527 FuncName:log_message LINE:161 [INFO]- "GET /static/admin/js/change_form.js HTTP/1.1" 304 0
2026-02-28 11:36:55,532 FuncName:log_message LINE:161 [INFO]- "GET /static/admin/js/prepopulate_init.js HTTP/1.1" 304 0
2026-02-28 11:36:55,532 FuncName:log_message LINE:161 [INFO]- "GET /static/admin/js/calendar.js HTTP/1.1" 304 0
2026-02-28 11:36:55,532 FuncName:log_message LINE:161 [INFO]- "GET /static/admin/js/inlines.js HTTP/1.1" 200 13773
2026-02-28 11:36:55,783 FuncName:log_message LINE:161 [INFO]- "GET /admin/jsi18n/ HTTP/1.1" 200 8398
2026-02-28 11:36:55,829 FuncName:log_message LINE:161 [INFO]- "GET /static/admin/img/icon-calendar.svg HTTP/1.1" 304 0
2026-02-28 11:36:58,571 FuncName:log_message LINE:161 [INFO]- "GET /admin/user/usermovierecommend/ HTTP/1.1" 200 45897
2026-02-28 11:36:58,866 FuncName:log_message LINE:161 [INFO]- "GET /admin/jsi18n/ HTTP/1.1" 200 8398
2026-02-28 13:47:20,516 FuncName:log_message LINE:161 [INFO]- "GET /admin/ HTTP/1.1" 200 28502
2026-02-28 13:47:21,082 FuncName:log_message LINE:161 [INFO]- "GET /admin/user/usersdetail/ HTTP/1.1" 200 45902
2026-02-28 13:47:24,450 FuncName:log_message LINE:161 [INFO]- "GET /admin/user/usermovierecommend/ HTTP/1.1" 200 45897
2026-02-28 13:47:24,577 FuncName:log_message LINE:161 [INFO]- "GET /admin/jsi18n/ HTTP/1.1" 200 8398
2026-02-28 13:52:36,314 FuncName:log_message LINE:161 [INFO]- "GET /user/logout HTTP/1.1" 200 138
2026-02-28 13:52:41,653 FuncName:log_message LINE:161 [INFO]- "GET / HTTP/1.1" 200 395390
2026-02-28 13:52:41,683 FuncName:log_message LINE:161 [INFO]- "GET /static/css/bootstrap.css HTTP/1.1" 304 0
2026-02-28 13:52:41,683 FuncName:log_message LINE:161 [INFO]- "GET /static/css/style.css HTTP/1.1" 304 0
2026-02-28 13:52:41,683 FuncName:log_message LINE:161 [INFO]- "GET /static/js/jquery.min.js HTTP/1.1" 304 0
2026-02-28 13:52:41,689 FuncName:log_message LINE:161 [INFO]- "GET /static/js/jquery.base64.min.js HTTP/1.1" 304 0
2026-02-28 13:52:41,690 FuncName:log_message LINE:161 [INFO]- "GET /static/css/font-awesome.min.css HTTP/1.1" 304 0
2026-02-28 13:52:41,690 FuncName:log_message LINE:161 [INFO]- "GET /static/js/js.js HTTP/1.1" 304 0
2026-02-28 13:52:41,690 FuncName:log_message LINE:161 [INFO]- "GET /static/js/jquery.cookie.js HTTP/1.1" 304 0
2026-02-28 13:52:41,692 FuncName:log_message LINE:161 [INFO]- "GET /static/images/focus/09480d8b63c479.jpg HTTP/1.1" 304 0
2026-02-28 13:52:41,693 FuncName:log_message LINE:161 [INFO]- "GET /static/images/focus/4136f145453342.jpg HTTP/1.1" 304 0
2026-02-28 13:52:41,710 FuncName:log_message LINE:161 [INFO]- "GET /static/images/scrollup.png HTTP/1.1" 304 0
2026-02-28 13:52:41,711 FuncName:log_message LINE:161 [INFO]- "GET /static/images/focus/04ec08f97e9773.jpg HTTP/1.1" 304 0
2026-02-28 13:52:41,716 FuncName:log_message LINE:161 [INFO]- "GET /static/images/log_ic02.png HTTP/1.1" 304 0
2026-02-28 13:52:41,716 FuncName:log_message LINE:161 [INFO]- "GET /static/images/log_ic01.png HTTP/1.1" 304 0
2026-02-28 13:52:41,716 FuncName:log_message LINE:161 [INFO]- "GET /static/js/footer.js HTTP/1.1" 304 0
2026-02-28 13:52:41,718 FuncName:log_message LINE:161 [INFO]- "GET /static/debug_toolbar/css/toolbar.css HTTP/1.1" 304 0
2026-02-28 13:52:41,734 FuncName:log_message LINE:161 [INFO]- "GET /static/images/icon1.ico?v=888 HTTP/1.1" 304 0
2026-02-28 13:52:41,737 FuncName:log_message LINE:161 [INFO]- "GET /static/css/fonts/fontawesome-webfont.woff2?v=4.5.0 HTTP/1.1" 304 0
2026-02-28 13:52:41,768 FuncName:log_message LINE:161 [INFO]- "GET /static/debug_toolbar/css/print.css HTTP/1.1" 304 0
2026-02-28 13:52:50,602 FuncName:log_message LINE:161 [INFO]- "GET /admin/django_apscheduler/djangojobexecution/ HTTP/1.1" 302 0
2026-02-28 13:52:50,623 FuncName:log_message LINE:161 [INFO]- "GET /admin/login/?next=/admin/django_apscheduler/djangojobexecution/ HTTP/1.1" 200 9202
2026-02-28 13:52:50,631 FuncName:log_message LINE:161 [INFO]- "GET /static/admin/simpleui-x/css/login.css?_=2.1 HTTP/1.1" 304 0
2026-02-28 13:52:50,631 FuncName:log_message LINE:161 [INFO]- "GET /static/admin/simpleui-x/js/login.js?_=3.3 HTTP/1.1" 304 0
2026-02-28 13:52:50,632 FuncName:log_message LINE:161 [INFO]- "GET /static/admin/simpleui-x/particles/particles.js HTTP/1.1" 304 0
2026-02-28 13:52:50,632 FuncName:log_message LINE:161 [INFO]- "GET /static/admin/simpleui-x/particles/app.js HTTP/1.1" 304 0
2026-02-28 13:52:50,650 FuncName:log_message LINE:161 [INFO]- "GET /static/admin/simpleui-x/img/bg.svg HTTP/1.1" 304 0
2026-02-28 13:52:50,671 FuncName:log_message LINE:161 [INFO]- "GET /admin/ HTTP/1.1" 302 0
2026-02-28 13:52:50,692 FuncName:log_message LINE:161 [INFO]- "GET /admin/login/?next=/admin/ HTTP/1.1" 200 9125
2026-02-28 13:52:50,734 FuncName:log_message LINE:161 [INFO]- "GET /favicon.ico HTTP/1.1" 302 0
2026-02-28 13:52:50,747 FuncName:log_message LINE:161 [WARNING]- "GET /static/images/icon.ico HTTP/1.1" 404 1905
2026-02-28 13:52:59,747 FuncName:log_message LINE:161 [INFO]- "POST /admin/login/?next=/admin/ HTTP/1.1" 302 0
2026-02-28 13:53:00,152 FuncName:log_message LINE:161 [INFO]- "GET /admin/ HTTP/1.1" 200 28501
2026-02-28 13:53:02,427 FuncName:log_message LINE:161 [INFO]- "GET /admin/api/indexfocus/ HTTP/1.1" 200 44477
2026-02-28 13:53:02,649 FuncName:log_message LINE:161 [INFO]- "GET /admin/jsi18n/ HTTP/1.1" 200 8398
2026-02-28 13:53:09,625 FuncName:log_message LINE:161 [INFO]- "GET /admin/api/indexfocus/add/ HTTP/1.1" 200 17633
2026-02-28 13:53:10,020 FuncName:log_message LINE:161 [INFO]- "GET /admin/jsi18n/ HTTP/1.1" 200 8398
2026-02-28 13:53:10,048 FuncName:log_message LINE:161 [INFO]- "GET /static/admin/img/icon-clock.svg HTTP/1.1" 304 0
2026-02-28 13:53:14,415 FuncName:log_message LINE:161 [INFO]- "GET /admin/movie/collectmoviedb/?_to_field=movie_id&_popup=1 HTTP/1.1" 200 89855
2026-02-28 13:53:20,031 FuncName:log_message LINE:161 [INFO]- "GET /admin/movie/collectmoviedb/?p=2&_to_field=movie_id&_popup=1 HTTP/1.1" 200 91080
2026-02-28 13:53:25,578 FuncName:log_message LINE:161 [INFO]- "GET /admin/movie/collectmoviedb/?p=3&_to_field=movie_id&_popup=1 HTTP/1.1" 200 90606
2026-02-28 13:53:37,631 FuncName:log_message LINE:161 [INFO]- "GET /admin/movie/collectmoviedb/?q=%E6%98%9F%E9%99%85&_to_field=movie_id&_popup=1 HTTP/1.1" 200 85419
2026-02-28 14:04:27,953 FuncName:log_message LINE:161 [INFO]- "POST /admin/api/indexfocus/add/ HTTP/1.1" 302 0
2026-02-28 14:04:29,485 FuncName:log_message LINE:161 [INFO]- "GET /admin/api/indexfocus/ HTTP/1.1" 200 46534
2026-02-28 14:04:29,862 FuncName:log_message LINE:161 [INFO]- "GET /admin/jsi18n/ HTTP/1.1" 200 8398
2026-02-28 14:04:38,840 FuncName:log_message LINE:161 [INFO]- "POST /admin/api/indexfocus/ HTTP/1.1" 200 11817
2026-02-28 14:04:38,852 FuncName:log_message LINE:161 [INFO]- "GET /static/admin/js/cancel.js HTTP/1.1" 200 409
2026-02-28 14:04:45,920 FuncName:log_message LINE:161 [INFO]- "POST /admin/api/indexfocus/ HTTP/1.1" 302 0
2026-02-28 14:04:46,819 FuncName:log_message LINE:161 [INFO]- "GET /admin/api/indexfocus/ HTTP/1.1" 200 41069
2026-02-28 14:04:47,117 FuncName:log_message LINE:161 [INFO]- "GET /admin/jsi18n/ HTTP/1.1" 200 8398
2026-02-28 14:04:54,219 FuncName:log_message LINE:161 [INFO]- "GET / HTTP/1.1" 200 410183
2026-02-28 14:04:54,283 FuncName:log_message LINE:161 [INFO]- "GET /static/images/focus/%E6%98%9F%E9%99%85%E7%A9%BF%E8%B6%8A_qsdIyy0.png HTTP/1.1" 200 5315035
2026-02-28 14:04:56,259 FuncName:log_message LINE:161 [INFO]- "GET /static/images/icon1.ico HTTP/1.1" 304 0
2026-02-28 14:05:04,339 FuncName:log_message LINE:161 [INFO]- "GET /admin/api/indexfocus/add/ HTTP/1.1" 200 17632
2026-02-28 14:05:04,659 FuncName:log_message LINE:161 [INFO]- "GET /admin/jsi18n/ HTTP/1.1" 200 8398
2026-02-28 14:05:08,514 FuncName:log_message LINE:161 [INFO]- "GET /admin/movie/collectmoviedb/?_to_field=movie_id&_popup=1 HTTP/1.1" 200 89855
2026-02-28 14:05:27,130 FuncName:log_message LINE:161 [INFO]- "GET /admin/movie/collectmoviedb/?q=%E9%9C%B8%E7%8E%8B%E5%88%AB%E5%A7%AC&_to_field=movie_id&_popup=1 HTTP/1.1" 200 51962
2026-02-28 14:06:27,292 FuncName:log_message LINE:161 [INFO]- "GET /admin/movie/collectmoviedb/?_to_field=movie_id&_popup=1 HTTP/1.1" 200 89855
2026-02-28 14:06:37,156 FuncName:log_message LINE:161 [INFO]- "GET /admin/movie/collectmoviedb/?q=%E6%A5%9A%E9%97%A8%E7%9A%84%E4%B8%96%E7%95%8C&_to_field=movie_id&_popup=1 HTTP/1.1" 200 51142
2026-02-28 14:18:15,594 FuncName:log_message LINE:161 [INFO]- "POST /admin/api/indexfocus/add/ HTTP/1.1" 302 0
2026-02-28 14:18:16,537 FuncName:log_message LINE:161 [INFO]- "GET /admin/api/indexfocus/ HTTP/1.1" 200 43052
2026-02-28 14:18:16,776 FuncName:log_message LINE:161 [INFO]- "GET /admin/jsi18n/ HTTP/1.1" 200 8398
2026-02-28 14:18:18,693 FuncName:log_message LINE:161 [INFO]- "GET /admin/api/indexfocus/add/ HTTP/1.1" 200 17632
2026-02-28 14:18:18,987 FuncName:log_message LINE:161 [INFO]- "GET /admin/jsi18n/ HTTP/1.1" 200 8398
2026-02-28 14:18:21,159 FuncName:log_message LINE:161 [INFO]- "GET /admin/movie/collectmoviedb/?_to_field=movie_id&_popup=1 HTTP/1.1" 200 89855
2026-02-28 14:18:30,858 FuncName:log_message LINE:161 [INFO]- "GET /admin/movie/collectmoviedb/?q=%E6%97%A0%E5%8F%8C&_to_field=movie_id&_popup=1 HTTP/1.1" 200 54214
2026-02-28 14:19:42,266 FuncName:log_message LINE:161 [INFO]- "POST /admin/api/indexfocus/add/ HTTP/1.1" 302 0
2026-02-28 14:19:43,393 FuncName:log_message LINE:161 [INFO]- "GET /admin/api/indexfocus/ HTTP/1.1" 200 44757
2026-02-28 14:19:43,647 FuncName:log_message LINE:161 [INFO]- "GET /admin/jsi18n/ HTTP/1.1" 200 8398
2026-02-28 14:19:47,335 FuncName:log_message LINE:161 [INFO]- "GET / HTTP/1.1" 200 424608
2026-02-28 14:19:47,365 FuncName:log_message LINE:161 [INFO]- "GET /static/images/focus/WS_vxZj6Yh.jpg HTTP/1.1" 200 234580
2026-02-28 14:19:47,376 FuncName:log_message LINE:161 [INFO]- "GET /static/images/focus/%E6%98%9F%E9%99%85%E7%A9%BF%E8%B6%8A_qsdIyy0.png HTTP/1.1" 304 0
2026-02-28 14:19:47,404 FuncName:log_message LINE:161 [INFO]- "GET /static/images/focus/%E6%A5%9A%E9%97%A8%E7%9A%84%E4%B8%96%E7%95%8C_kNtwRfO.png HTTP/1.1" 200 4505650
2026-02-28 14:19:54,121 FuncName:log_message LINE:161 [INFO]- "GET /register.html HTTP/1.1" 200 206079
2026-02-28 14:19:54,147 FuncName:log_message LINE:161 [INFO]- "GET /static/css/gloab.css HTTP/1.1" 304 0
2026-02-28 14:19:54,147 FuncName:log_message LINE:161 [INFO]- "GET /static/js/register.js HTTP/1.1" 304 0
2026-02-28 14:19:54,147 FuncName:log_message LINE:161 [INFO]- "GET /static/css/register.css HTTP/1.1" 304 0
2026-02-28 14:19:54,168 FuncName:log_message LINE:161 [INFO]- "GET /static/images/showpwd.png HTTP/1.1" 304 0
2026-02-28 14:19:54,508 FuncName:log_message LINE:161 [INFO]- "GET /api/captcha HTTP/1.1" 200 12846
2026-02-28 14:19:54,648 FuncName:log_message LINE:161 [INFO]- "GET /api/districts?parent=86 HTTP/1.1" 200 2719
2026-02-28 14:20:18,054 FuncName:log_message LINE:161 [INFO]- "GET / HTTP/1.1" 200 424604
2026-02-28 14:20:18,075 FuncName:log_message LINE:161 [INFO]- "GET /static/images/focus/WS_vxZj6Yh.jpg HTTP/1.1" 304 0
2026-02-28 14:20:18,077 FuncName:log_message LINE:161 [INFO]- "GET /static/images/focus/%E6%A5%9A%E9%97%A8%E7%9A%84%E4%B8%96%E7%95%8C_kNtwRfO.png HTTP/1.1" 304 0
2026-02-28 14:21:16,454 FuncName:log_message LINE:161 [INFO]- "GET /search.html?type=all&s=%E6%97%A0%E5%8F%8C HTTP/1.1" 200 215532
2026-02-28 14:21:16,479 FuncName:log_message LINE:161 [INFO]- "GET /static/js/search.js HTTP/1.1" 304 0
2026-02-28 14:21:18,748 FuncName:log_message LINE:161 [INFO]- "GET /movie.html?id=26425063 HTTP/1.1" 200 207674
2026-02-28 14:21:18,766 FuncName:log_message LINE:161 [INFO]- "GET /static/js/movie.js?v=20240501 HTTP/1.1" 304 0
2026-02-28 14:21:21,136 FuncName:log_message LINE:161 [INFO]- "GET /movie/movie_rating?rating=5&movieId=26425063 HTTP/1.1" 200 66
2026-02-28 14:21:21,920 FuncName:log_message LINE:161 [INFO]- "GET /movie/movie_like?movieId=26425063 HTTP/1.1" 200 66
2026-02-28 14:21:24,164 FuncName:log_message LINE:161 [INFO]- "GET /movie/movie_like?movieId=26425063 HTTP/1.1" 200 66
2026-02-28 14:21:51,013 FuncName:log_message LINE:161 [INFO]- "GET /movie/movie_rating?rating=5&movieId=26425063 HTTP/1.1" 200 66
2026-02-28 14:22:19,661 FuncName:log_message LINE:161 [INFO]- "POST /movie/movie_comment HTTP/1.1" 200 66
2026-02-28 14:22:25,540 FuncName:log_message LINE:161 [INFO]- "GET /movie.html?id=26425063 HTTP/1.1" 200 217208
2026-02-28 14:22:44,250 FuncName:log_message LINE:161 [INFO]- "POST /user/login HTTP/1.1" 200 138
2026-02-28 14:22:48,593 FuncName:log_message LINE:161 [INFO]- "GET /movie.html? HTTP/1.1" 200 256812
2026-02-28 14:22:48,598 FuncName:handle_error LINE:75 [INFO]- - Broken pipe from ('127.0.0.1', 61987)

2026-02-28 14:22:53,069 FuncName:log_message LINE:161 [INFO]- "GET / HTTP/1.1" 200 474425
2026-02-28 14:22:53,089 FuncName:log_message LINE:161 [INFO]- "GET /static/images/focus/WS_vxZj6Yh.jpg HTTP/1.1" 304 0
2026-02-28 14:22:53,090 FuncName:log_message LINE:161 [INFO]- "GET /static/images/focus/%E6%A5%9A%E9%97%A8%E7%9A%84%E4%B8%96%E7%95%8C_kNtwRfO.png HTTP/1.1" 304 0
2026-02-28 14:22:53,101 FuncName:log_message LINE:161 [INFO]- "GET /static/images/focus/%E6%98%9F%E9%99%85%E7%A9%BF%E8%B6%8A_qsdIyy0.png HTTP/1.1" 304 0
2026-02-28 16:27:56,401 FuncName:log_message LINE:161 [INFO]- "GET /user/logout HTTP/1.1" 200 138
2026-02-28 16:28:00,429 FuncName:log_message LINE:161 [INFO]- "GET / HTTP/1.1" 200 425040
2026-02-28 16:28:00,467 FuncName:log_message LINE:161 [INFO]- "GET /static/images/focus/WS_vxZj6Yh.jpg HTTP/1.1" 304 0
2026-02-28 16:28:00,467 FuncName:log_message LINE:161 [INFO]- "GET /static/images/focus/%E6%A5%9A%E9%97%A8%E7%9A%84%E4%B8%96%E7%95%8C_kNtwRfO.png HTTP/1.1" 304 0
2026-02-28 16:28:00,470 FuncName:log_message LINE:161 [INFO]- "GET /static/images/focus/%E6%98%9F%E9%99%85%E7%A9%BF%E8%B6%8A_qsdIyy0.png HTTP/1.1" 304 0
2026-02-28 16:28:01,982 FuncName:log_message LINE:161 [INFO]- "GET /register.html HTTP/1.1" 200 211063
2026-02-28 16:28:02,206 FuncName:log_message LINE:161 [INFO]- "GET /api/captcha HTTP/1.1" 200 13373
2026-02-28 16:28:02,309 FuncName:log_message LINE:161 [INFO]- "GET /api/districts?parent=86 HTTP/1.1" 200 2719
2026-02-28 16:28:56,108 FuncName:log_message LINE:161 [INFO]- "GET /static/images/hidepwd.png HTTP/1.1" 200 2975
2026-02-28 16:28:58,208 FuncName:log_message LINE:161 [INFO]- "POST /user/register1 HTTP/1.1" 200 150
2026-02-28 16:28:58,496 FuncName:log_message LINE:161 [INFO]- "POST /api/email_vail?type=1 HTTP/1.1" 200 148
2026-02-28 16:29:06,365 FuncName:log_message LINE:161 [INFO]- "POST /user/register2 HTTP/1.1" 200 100
2026-02-28 16:45:09,432 FuncName:log_message LINE:161 [INFO]- "POST /user/login HTTP/1.1" 200 102
2026-02-28 16:45:11,483 FuncName:log_message LINE:161 [INFO]- "POST /user/login HTTP/1.1" 200 138
2026-02-28 16:45:16,052 FuncName:handle_error LINE:75 [INFO]- - Broken pipe from ('127.0.0.1', 51825)

2026-02-28 16:45:16,077 FuncName:log_message LINE:161 [INFO]- "GET /search.html? HTTP/1.1" 200 273998
2026-02-28 16:45:22,140 FuncName:log_message LINE:161 [INFO]- "GET / HTTP/1.1" 200 533663
2026-02-28 16:45:22,159 FuncName:log_message LINE:161 [INFO]- "GET /static/images/focus/WS_vxZj6Yh.jpg HTTP/1.1" 304 0
2026-02-28 16:45:22,160 FuncName:log_message LINE:161 [INFO]- "GET /static/images/focus/%E6%A5%9A%E9%97%A8%E7%9A%84%E4%B8%96%E7%95%8C_kNtwRfO.png HTTP/1.1" 304 0
2026-02-28 16:45:22,173 FuncName:log_message LINE:161 [INFO]- "GET /static/images/focus/%E6%98%9F%E9%99%85%E7%A9%BF%E8%B6%8A_qsdIyy0.png HTTP/1.1" 304 0
2026-02-28 16:45:39,639 FuncName:log_message LINE:161 [INFO]- "GET /movie.html?id=26609310 HTTP/1.1" 200 321977
2026-02-28 16:48:59,758 FuncName:log_message LINE:161 [INFO]- "GET / HTTP/1.1" 200 538151
2026-02-28 16:56:05,331 FuncName:log_message LINE:161 [INFO]- "GET /movie.html?id=30453095 HTTP/1.1" 200 283396
2026-02-28 16:56:16,975 FuncName:log_message LINE:161 [INFO]- "GET /userCollection.html HTTP/1.1" 200 299236
2026-02-28 16:56:19,253 FuncName:log_message LINE:161 [INFO]- "GET /userComment.html HTTP/1.1" 200 256670
2026-02-28 16:56:37,125 FuncName:log_message LINE:161 [INFO]- "POST /movie/movie_comment HTTP/1.1" 200 259
2026-02-28 16:56:37,200 FuncName:log_message LINE:161 [INFO]- "GET /user/user_img/3/ HTTP/1.1" 200 3730
2026-02-28 16:57:38,849 FuncName:log_message LINE:161 [INFO]- "GET /search.html?type=all&s=%E9%BD%90%E5%A4%A9%E5%A4%A7%E5%9C%A3 HTTP/1.1" 200 267120
2026-02-28 16:57:50,412 FuncName:log_message LINE:161 [INFO]- "GET /search.html?type=all&s=%E5%A4%A7%E9%97%B9 HTTP/1.1" 200 396872
