2026-02-27 14:24:41,535 FuncName:run_with_reloader LINE:637 [INFO]- Watching for file changes with StatReloader
2026-02-27 14:24:49,107 FuncName:log_message LINE:161 [INFO]- "GET / HTTP/1.1" 200 405334
2026-02-27 14:24:49,129 FuncName:log_message LINE:161 [INFO]- "GET /static/css/style.css HTTP/1.1" 304 0
2026-02-27 14:24:49,132 FuncName:log_message LINE:161 [INFO]- "GET /static/js/js.js HTTP/1.1" 304 0
2026-02-27 14:24:49,133 FuncName:log_message LINE:161 [INFO]- "GET /static/debug_toolbar/js/toolbar.js HTTP/1.1" 304 0
2026-02-27 14:24:49,165 FuncName:log_message LINE:161 [INFO]- "GET /static/debug_toolbar/css/toolbar.css HTTP/1.1" 304 0
2026-02-27 14:24:49,199 FuncName:log_message LINE:161 [INFO]- "GET /static/images/icon1.ico?v=888 HTTP/1.1" 304 0
2026-02-27 14:24:49,286 FuncName:log_message LINE:161 [INFO]- "GET /static/debug_toolbar/css/print.css HTTP/1.1" 304 0
2026-02-27 14:24:49,293 FuncName:log_message LINE:161 [INFO]- "GET /static/debug_toolbar/js/utils.js HTTP/1.1" 304 0
2026-02-27 14:24:59,064 FuncName:log_message LINE:161 [INFO]- "GET /search.html?type=all&s=%E5%86%92%E9%99%A9 HTTP/1.1" 200 324289
2026-02-27 14:25:03,355 FuncName:log_message LINE:161 [INFO]- "GET /search.html?type=all&s=%E8%8B%B1%E6%96%87 HTTP/1.1" 200 285714
2026-02-27 15:40:00,447 FuncName:log_message LINE:161 [INFO]- "GET / HTTP/1.1" 200 394976
2026-02-27 15:40:04,312 FuncName:log_message LINE:161 [INFO]- "GET / HTTP/1.1" 200 394972
2026-02-27 15:40:05,618 FuncName:log_message LINE:161 [INFO]- "GET /static/images/icon1.ico HTTP/1.1" 304 0
2026-02-27 15:40:06,373 FuncName:log_message LINE:161 [INFO]- "GET / HTTP/1.1" 200 394972
2026-02-27 15:40:12,011 FuncName:log_message LINE:161 [INFO]- "GET / HTTP/1.1" 200 394973
2026-02-27 15:40:32,846 FuncName:log_message LINE:161 [INFO]- "POST /user/login HTTP/1.1" 200 102
2026-02-27 15:40:36,854 FuncName:log_message LINE:161 [INFO]- "POST /user/login HTTP/1.1" 200 138
2026-02-27 15:40:43,685 FuncName:log_message LINE:161 [INFO]- "GET /? HTTP/1.1" 200 472962
2026-02-27 15:40:43,867 FuncName:handle_error LINE:75 [INFO]- - Broken pipe from ('127.0.0.1', 59805)

2026-02-27 15:40:50,788 FuncName:log_message LINE:161 [INFO]- "GET /? HTTP/1.1" 200 474240
2026-02-27 15:40:58,237 FuncName:log_message LINE:161 [INFO]- "GET /? HTTP/1.1" 200 474239
2026-02-27 15:41:03,742 FuncName:log_message LINE:161 [INFO]- "GET /? HTTP/1.1" 200 474239
2026-02-27 15:41:07,947 FuncName:log_message LINE:161 [INFO]- "GET /? HTTP/1.1" 200 474239
2026-02-27 15:41:17,729 FuncName:log_message LINE:161 [INFO]- "GET /? HTTP/1.1" 200 474240
2026-02-27 16:02:48,691 FuncName:log_message LINE:161 [INFO]- "GET /admin/ HTTP/1.1" 302 0
2026-02-27 16:02:48,796 FuncName:log_message LINE:161 [INFO]- "GET /admin/login/?next=/admin/ HTTP/1.1" 200 9124
2026-02-27 16:03:34,935 FuncName:log_message LINE:161 [INFO]- "POST /admin/login/?next=/admin/ HTTP/1.1" 302 0
2026-02-27 16:03:35,157 FuncName:log_message LINE:161 [INFO]- "GET /admin/ HTTP/1.1" 200 28501
2026-02-27 16:03:39,437 FuncName:log_message LINE:161 [INFO]- "GET /admin/django_apscheduler/djangojobexecution/ HTTP/1.1" 200 40086
2026-02-27 16:03:39,563 FuncName:log_message LINE:161 [INFO]- "GET /admin/jsi18n/ HTTP/1.1" 200 8398
2026-02-27 16:03:42,784 FuncName:log_message LINE:161 [INFO]- "GET /admin/django_apscheduler/djangojob/ HTTP/1.1" 200 36652
2026-02-27 16:03:42,930 FuncName:log_message LINE:161 [INFO]- "GET /admin/jsi18n/ HTTP/1.1" 200 8398
2026-02-27 16:03:50,082 FuncName:log_message LINE:161 [INFO]- "GET /admin/user/usercookie/ HTTP/1.1" 200 52585
2026-02-27 16:03:50,211 FuncName:log_message LINE:161 [INFO]- "GET /admin/jsi18n/ HTTP/1.1" 200 8398
2026-02-27 16:03:52,172 FuncName:log_message LINE:161 [INFO]- "GET /admin/user/usersperfer/ HTTP/1.1" 200 47604
2026-02-27 16:03:52,312 FuncName:log_message LINE:161 [INFO]- "GET /admin/jsi18n/ HTTP/1.1" 200 8398
2026-02-27 16:03:54,525 FuncName:log_message LINE:161 [INFO]- "GET /admin/user/usersbase/ HTTP/1.1" 200 48888
2026-02-27 16:03:54,660 FuncName:log_message LINE:161 [INFO]- "GET /admin/jsi18n/ HTTP/1.1" 200 8398
2026-02-27 16:03:58,957 FuncName:log_message LINE:161 [INFO]- "GET /admin/user/usermovierecommend/ HTTP/1.1" 200 45897
2026-02-27 16:03:59,166 FuncName:log_message LINE:161 [INFO]- "GET /admin/jsi18n/ HTTP/1.1" 200 8398
2026-02-27 16:03:59,490 FuncName:log_message LINE:161 [INFO]- "GET /admin/user/usersdetail/ HTTP/1.1" 200 45903
2026-02-27 16:03:59,680 FuncName:log_message LINE:161 [INFO]- "GET /admin/jsi18n/ HTTP/1.1" 200 8398
2026-02-27 16:04:00,162 FuncName:log_message LINE:161 [INFO]- "GET /admin/user/usertag/ HTTP/1.1" 200 121267
2026-02-27 16:04:00,287 FuncName:log_message LINE:161 [INFO]- "GET /admin/jsi18n/ HTTP/1.1" 200 8398
2026-02-27 16:04:20,226 FuncName:log_message LINE:161 [INFO]- "GET /admin/user/usertag/?p=2 HTTP/1.1" 200 122405
2026-02-27 16:04:20,351 FuncName:log_message LINE:161 [INFO]- "GET /admin/jsi18n/ HTTP/1.1" 200 8398
