2026-02-23 16:22:51,152 FuncName:run_with_reloader LINE:637 [INFO]- Watching for file changes with StatReloader
2026-02-23 16:23:36,847 FuncName:run_with_reloader LINE:637 [INFO]- Watching for file changes with StatReloader
2026-02-23 16:23:41,402 FuncName:log_message LINE:161 [INFO]- "GET / HTTP/1.1" 200 385407
2026-02-23 16:23:45,716 FuncName:log_message LINE:161 [INFO]- "GET / HTTP/1.1" 200 366034
2026-02-23 16:23:47,349 FuncName:log_message LINE:161 [INFO]- "GET /movie.html?id=26577050 HTTP/1.1" 200 196160
2026-02-23 16:23:49,534 FuncName:log_message LINE:161 [INFO]- "GET /movie.html?id=26791681 HTTP/1.1" 200 194728
2026-02-23 16:23:50,955 FuncName:log_message LINE:161 [INFO]- "GET /movie.html?id=25873396 HTTP/1.1" 200 192652
2026-02-23 16:23:55,177 FuncName:log_message LINE:161 [INFO]- "GET /movie.html?id=30466847 HTTP/1.1" 200 199502
2026-02-23 16:23:56,413 FuncName:log_message LINE:161 [INFO]- "GET /movie.html?id=1296141 HTTP/1.1" 200 199423
2026-02-23 16:23:58,435 FuncName:log_message LINE:161 [INFO]- "GET /movie.html?id=30309318 HTTP/1.1" 200 206257
2026-02-23 16:24:19,642 FuncName:log_message LINE:161 [INFO]- "GET /search.html?type=tag&s=%E6%81%90%E6%80%96 HTTP/1.1" 200 331484
2026-02-23 16:24:22,986 FuncName:log_message LINE:161 [INFO]- "GET /search.html?type=tag&s=%E5%8A%A8%E7%94%BB HTTP/1.1" 200 326667
2026-02-23 16:24:29,911 FuncName:log_message LINE:161 [INFO]- "GET /search.html?type=tag&s=%E7%88%B1%E6%83%85 HTTP/1.1" 200 335849
2026-02-23 16:24:31,719 FuncName:log_message LINE:161 [INFO]- "GET /movie.html?id=34464477 HTTP/1.1" 200 214677
2026-02-23 16:24:32,525 FuncName:log_message LINE:161 [INFO]- "GET /movie.html?id=30309158 HTTP/1.1" 200 212191
2026-02-23 16:24:33,665 FuncName:log_message LINE:161 [INFO]- "GET /movie.html?id=26580108 HTTP/1.1" 200 220353
2026-02-23 16:24:34,921 FuncName:log_message LINE:161 [INFO]- "GET /movie.html?id=30271236 HTTP/1.1" 200 222878
2026-02-23 16:24:36,393 FuncName:log_message LINE:161 [INFO]- "GET /search.html?type=tag&s=%E7%88%B1%E6%83%85&limit=20&page=3 HTTP/1.1" 200 310167
2026-02-23 16:24:37,581 FuncName:log_message LINE:161 [INFO]- "GET /movie.html?id=32579297 HTTP/1.1" 200 217764
2026-02-23 16:24:38,604 FuncName:log_message LINE:161 [INFO]- "GET /movie.html?id=27044419 HTTP/1.1" 200 220842
2026-02-23 16:24:39,800 FuncName:log_message LINE:161 [INFO]- "GET /movie.html?id=26776334 HTTP/1.1" 200 218455
2026-02-23 16:24:40,869 FuncName:log_message LINE:161 [INFO]- "GET /movie.html?id=34452918 HTTP/1.1" 200 222382
2026-02-23 16:24:51,033 FuncName:log_message LINE:161 [INFO]- "GET /search.html?type=tag&s=%E8%AD%A6%E5%8C%AA HTTP/1.1" 200 346466
2026-02-23 16:24:53,849 FuncName:log_message LINE:161 [INFO]- "GET /movie.html?id=30304210 HTTP/1.1" 200 211437
2026-02-23 16:24:54,372 FuncName:log_message LINE:161 [INFO]- "GET /movie.html?id=11599093 HTTP/1.1" 200 222376
2026-02-23 16:24:55,167 FuncName:log_message LINE:161 [INFO]- "GET /movie.html?id=26235346 HTTP/1.1" 200 214613
2026-02-23 16:24:55,875 FuncName:log_message LINE:161 [INFO]- "GET /movie.html?id=27089150 HTTP/1.1" 200 214235
2026-02-23 16:24:56,422 FuncName:log_message LINE:161 [INFO]- "GET /movie.html?id=33458728 HTTP/1.1" 200 233082
2026-02-23 16:24:57,295 FuncName:log_message LINE:161 [INFO]- "GET /movie.html?id=30175306 HTTP/1.1" 200 218435
2026-02-23 16:24:58,904 FuncName:log_message LINE:161 [INFO]- "GET /movie.html?id=33379586 HTTP/1.1" 200 225322
2026-02-23 16:25:00,737 FuncName:log_message LINE:161 [INFO]- "GET /movie.html?id=27187912 HTTP/1.1" 200 220707
2026-02-23 16:25:02,622 FuncName:log_message LINE:161 [INFO]- "GET /movie.html?id=30254294 HTTP/1.1" 200 214688
2026-02-23 16:25:04,239 FuncName:log_message LINE:161 [INFO]- "GET /search.html?type=tag&s=%E8%AD%A6%E5%8C%AA&limit=20&page=2 HTTP/1.1" 200 349787
2026-02-23 16:25:05,612 FuncName:log_message LINE:161 [INFO]- "GET /movie.html?id=30173633 HTTP/1.1" 200 221064
2026-02-23 16:25:06,812 FuncName:log_message LINE:161 [INFO]- "GET /movie.html?id=30308908 HTTP/1.1" 200 222534
2026-02-23 16:26:34,440 FuncName:log_message LINE:161 [INFO]- "GET /movie.html?id=25789365 HTTP/1.1" 200 222828
2026-02-23 16:26:35,870 FuncName:log_message LINE:161 [INFO]- "GET /movie.html?id=27195080 HTTP/1.1" 200 225415
2026-02-23 16:26:36,864 FuncName:log_message LINE:161 [INFO]- "GET /movie.html?id=30176809 HTTP/1.1" 200 225111
2026-02-23 16:26:37,539 FuncName:log_message LINE:161 [INFO]- "GET /movie.html?id=27601920 HTTP/1.1" 200 216299
2026-02-23 16:26:38,993 FuncName:log_message LINE:161 [INFO]- "GET /movie.html?id=27624708 HTTP/1.1" 200 214000
2026-02-23 16:26:39,933 FuncName:log_message LINE:161 [INFO]- "GET /search.html?type=tag&s=%E8%AD%A6%E5%8C%AA&limit=20&page=3 HTTP/1.1" 200 356311
2026-02-23 16:26:41,180 FuncName:log_message LINE:161 [INFO]- "GET /movie.html?id=30181789 HTTP/1.1" 200 225666
2026-02-23 16:26:41,804 FuncName:log_message LINE:161 [INFO]- "GET /movie.html?id=3143727 HTTP/1.1" 200 224228
2026-02-23 16:26:42,744 FuncName:log_message LINE:161 [INFO]- "GET /movie.html?id=30133186 HTTP/1.1" 200 219748
2026-02-23 16:26:43,782 FuncName:log_message LINE:161 [INFO]- "GET /movie.html?id=27193180 HTTP/1.1" 200 224443
2026-02-23 16:26:52,561 FuncName:log_message LINE:161 [INFO]- "GET /movie.html?id=3808583 HTTP/1.1" 200 217497
2026-02-23 16:26:53,248 FuncName:log_message LINE:161 [INFO]- "GET /movie.html?id=26732578 HTTP/1.1" 200 225897
2026-02-23 16:26:54,009 FuncName:log_message LINE:161 [INFO]- "GET /movie.html?id=26781663 HTTP/1.1" 200 218149
2026-02-23 16:26:55,696 FuncName:log_message LINE:161 [INFO]- "GET /search.html?type=tag&s=%E8%AD%A6%E5%8C%AA&limit=20&page=4 HTTP/1.1" 200 366777
2026-02-23 16:26:56,906 FuncName:log_message LINE:161 [INFO]- "GET /movie.html?id=26862892 HTTP/1.1" 200 211994
2026-02-23 16:26:57,409 FuncName:log_message LINE:161 [INFO]- "GET /movie.html?id=26898064 HTTP/1.1" 200 221456
2026-02-23 16:26:58,564 FuncName:log_message LINE:161 [INFO]- "GET /movie.html?id=26708997 HTTP/1.1" 200 215680
2026-02-23 16:27:00,439 FuncName:log_message LINE:161 [INFO]- "GET /movie.html?id=6875396 HTTP/1.1" 200 225267
2026-02-23 16:27:02,239 FuncName:log_message LINE:161 [INFO]- "GET /movie.html?id=26873154 HTTP/1.1" 200 218084
2026-02-23 16:27:12,583 FuncName:log_message LINE:161 [INFO]- "GET /movie.html?id=26678813 HTTP/1.1" 200 243820
2026-02-23 16:27:12,843 FuncName:log_message LINE:161 [INFO]- "GET /movie.html?id=26678813 HTTP/1.1" 200 245297
2026-02-23 16:27:13,119 FuncName:log_message LINE:161 [INFO]- "GET /movie.html?id=6875396 HTTP/1.1" 200 249381
2026-02-23 16:27:14,165 FuncName:log_message LINE:161 [INFO]- "GET /movie.html?id=26381649 HTTP/1.1" 200 236413
2026-02-23 16:27:14,893 FuncName:log_message LINE:161 [INFO]- "GET /movie.html?id=11625312 HTTP/1.1" 200 249614
2026-02-23 16:27:16,005 FuncName:log_message LINE:161 [INFO]- "GET /movie.html?id=26389148 HTTP/1.1" 200 254700
2026-02-23 16:27:16,939 FuncName:log_message LINE:161 [INFO]- "GET /search.html?type=tag&s=%E8%AD%A6%E5%8C%AA&limit=20&page=5 HTTP/1.1" 200 349544
2026-02-23 16:27:18,025 FuncName:log_message LINE:161 [INFO]- "GET /movie.html?id=25980709 HTTP/1.1" 200 258556
2026-02-23 16:27:19,029 FuncName:log_message LINE:161 [INFO]- "GET /movie.html?id=26756314 HTTP/1.1" 200 240310
2026-02-23 16:27:20,212 FuncName:log_message LINE:161 [INFO]- "GET /movie.html?id=26755168 HTTP/1.1" 200 236697
2026-02-23 16:27:25,229 FuncName:log_message LINE:161 [INFO]- "GET /movie.html?id=26806006 HTTP/1.1" 200 243880
2026-02-23 16:27:27,076 FuncName:log_message LINE:161 [INFO]- "GET /movie.html?id=27055302 HTTP/1.1" 200 248031
2026-02-23 16:27:28,549 FuncName:log_message LINE:161 [INFO]- "GET /movie.html?id=26820695 HTTP/1.1" 200 238143
2026-02-23 16:27:29,202 FuncName:log_message LINE:161 [INFO]- "GET /movie.html?id=26979004 HTTP/1.1" 200 223465
2026-02-23 16:27:30,181 FuncName:log_message LINE:161 [INFO]- "GET /movie.html?id=26754325 HTTP/1.1" 200 239486
2026-02-23 16:27:30,974 FuncName:log_message LINE:161 [INFO]- "GET /movie.html?id=26914022 HTTP/1.1" 200 226385
2026-02-23 16:27:31,915 FuncName:log_message LINE:161 [INFO]- "GET /movie.html?id=27037561 HTTP/1.1" 200 228540
2026-02-23 16:27:33,328 FuncName:log_message LINE:161 [INFO]- "GET /movie.html?id=27037557 HTTP/1.1" 200 226631
2026-02-23 16:27:33,671 FuncName:log_message LINE:161 [INFO]- "GET /static/css/fonts/outline-icons.woff2 HTTP/1.1" 200 13576
2026-02-23 16:27:34,899 FuncName:log_message LINE:161 [INFO]- "GET /movie.html?id=26356591 HTTP/1.1" 200 228607
2026-02-23 16:27:35,404 FuncName:log_message LINE:161 [INFO]- "GET /movie.html?id=26830537 HTTP/1.1" 200 223628
2026-02-23 16:27:36,181 FuncName:log_message LINE:161 [INFO]- "GET /movie.html?id=26335572 HTTP/1.1" 200 222351
2026-02-23 16:27:37,036 FuncName:log_message LINE:161 [INFO]- "GET /movie.html?id=25798448 HTTP/1.1" 200 226725
2026-02-23 16:27:49,204 FuncName:log_message LINE:161 [INFO]- "GET /movie.html?id=25798448 HTTP/1.1" 200 232848
2026-02-23 16:27:49,274 FuncName:log_message LINE:161 [INFO]- "GET /static/images/icon1.ico?v=888 HTTP/1.1" 304 0
2026-02-23 16:27:51,319 FuncName:log_message LINE:161 [INFO]- "GET /movie.html?id=24719063 HTTP/1.1" 200 235560
2026-02-23 16:27:51,815 FuncName:log_message LINE:161 [INFO]- "GET /movie.html?id=26306671 HTTP/1.1" 200 249813
2026-02-23 16:27:52,428 FuncName:log_message LINE:161 [INFO]- "GET /movie.html?id=25728010 HTTP/1.1" 200 248009
2026-02-23 16:27:54,893 FuncName:log_message LINE:161 [INFO]- "GET /movie.html?id=26596857 HTTP/1.1" 200 259860
2026-02-23 16:27:55,332 FuncName:log_message LINE:161 [INFO]- "GET /movie.html?id=26720440 HTTP/1.1" 200 253468
2026-02-23 16:28:02,726 FuncName:log_message LINE:161 [INFO]- "GET /search.html?type=tag&s=%E8%AD%A6%E5%8C%AA&limit=20&page=6 HTTP/1.1" 200 401508
2026-02-23 16:28:02,776 FuncName:log_message LINE:161 [INFO]- "GET /static/images/icon1.ico?v=888 HTTP/1.1" 304 0
2026-02-23 16:28:06,422 FuncName:log_message LINE:161 [INFO]- "GET /movie.html?id=26672475 HTTP/1.1" 200 239531
2026-02-23 16:28:07,503 FuncName:log_message LINE:161 [INFO]- "GET /movie.html?id=10526498 HTTP/1.1" 200 232028
2026-02-23 16:28:08,235 FuncName:log_message LINE:161 [INFO]- "GET /movie.html?id=6875611 HTTP/1.1" 200 232329
2026-02-23 16:28:08,846 FuncName:log_message LINE:161 [INFO]- "GET /movie.html?id=25766529 HTTP/1.1" 200 247767
2026-02-23 16:28:09,579 FuncName:log_message LINE:161 [INFO]- "GET /movie.html?id=10535562 HTTP/1.1" 200 247292
2026-02-23 16:28:10,568 FuncName:log_message LINE:161 [INFO]- "GET /movie.html?id=24702267 HTTP/1.1" 200 247137
2026-02-23 16:28:11,236 FuncName:log_message LINE:161 [INFO]- "GET /movie.html?id=3642895 HTTP/1.1" 200 258815
2026-02-23 16:28:11,982 FuncName:log_message LINE:161 [INFO]- "GET /movie.html?id=25723328 HTTP/1.1" 200 265855
2026-02-23 16:28:12,604 FuncName:log_message LINE:161 [INFO]- "GET /movie.html?id=25803050 HTTP/1.1" 200 251788
2026-02-23 16:28:13,509 FuncName:log_message LINE:161 [INFO]- "GET /movie.html?id=25823999 HTTP/1.1" 200 240942
2026-02-23 16:28:20,781 FuncName:log_message LINE:161 [INFO]- "GET /movie.html?id=25803050 HTTP/1.1" 200 249257
2026-02-23 16:28:21,965 FuncName:log_message LINE:161 [INFO]- "GET /movie.html?id=26431420 HTTP/1.1" 200 245617
2026-02-23 16:28:22,632 FuncName:log_message LINE:161 [INFO]- "GET /movie.html?id=26925006 HTTP/1.1" 200 251940
2026-02-23 16:28:23,199 FuncName:log_message LINE:161 [INFO]- "GET /movie.html?id=20388224 HTTP/1.1" 200 252251
2026-02-23 16:28:24,987 FuncName:log_message LINE:161 [INFO]- "GET /movie.html?id=10763164 HTTP/1.1" 200 260997
2026-02-23 16:28:26,425 FuncName:log_message LINE:161 [INFO]- "GET /movie.html?id=22555690 HTTP/1.1" 200 250961
2026-02-23 16:28:28,161 FuncName:log_message LINE:161 [INFO]- "GET /movie.html?id=6872273 HTTP/1.1" 200 254476
2026-02-23 16:28:28,816 FuncName:log_message LINE:161 [INFO]- "GET /movie.html?id=3781133 HTTP/1.1" 200 246179
2026-02-23 16:28:29,643 FuncName:log_message LINE:161 [INFO]- "GET /movie.html?id=10617168 HTTP/1.1" 200 252333
2026-02-23 16:28:30,553 FuncName:log_message LINE:161 [INFO]- "GET /movie.html?id=10437779 HTTP/1.1" 200 257388
2026-02-23 16:28:31,542 FuncName:log_message LINE:161 [INFO]- "GET /movie.html?id=20515071 HTTP/1.1" 200 261103
2026-02-23 16:28:50,644 FuncName:log_message LINE:161 [INFO]- "POST /user/login HTTP/1.1" 200 138
2026-02-23 16:28:52,976 FuncName:log_message LINE:161 [INFO]- "GET /search.html? HTTP/1.1" 200 195277
2026-02-23 16:28:53,038 FuncName:handle_error LINE:75 [INFO]- - Broken pipe from ('127.0.0.1', 60329)

2026-02-23 16:28:53,932 FuncName:log_message LINE:161 [INFO]- "GET /static/images/icon1.ico HTTP/1.1" 304 0
2026-02-23 16:28:58,910 FuncName:log_message LINE:161 [INFO]- "GET /search.html?type=tag&s=%E8%AD%A6%E5%8C%AA HTTP/1.1" 200 362958
2026-02-23 16:29:00,065 FuncName:log_message LINE:161 [INFO]- "GET /search.html?type=tag&s=%E8%AD%A6%E5%8C%AA&limit=20&page=5 HTTP/1.1" 200 330923
2026-02-23 16:29:01,066 FuncName:log_message LINE:161 [INFO]- "GET /search.html?type=tag&s=%E8%AD%A6%E5%8C%AA&limit=20&page=6 HTTP/1.1" 200 388065
2026-02-23 16:29:02,210 FuncName:log_message LINE:161 [INFO]- "GET /search.html?type=tag&s=%E8%AD%A6%E5%8C%AA&limit=20&page=7 HTTP/1.1" 200 383625
2026-02-23 16:29:23,190 FuncName:log_message LINE:161 [INFO]- "GET /movie.html?id=10774066 HTTP/1.1" 200 245704
2026-02-23 16:29:24,034 FuncName:log_message LINE:161 [INFO]- "GET /movie.html?id=3282396 HTTP/1.1" 200 240076
2026-02-23 16:29:24,692 FuncName:log_message LINE:161 [INFO]- "GET /movie.html?id=10449606 HTTP/1.1" 200 243437
2026-02-23 16:29:25,354 FuncName:log_message LINE:161 [INFO]- "GET /movie.html?id=3170961 HTTP/1.1" 200 256233
2026-02-23 16:29:26,193 FuncName:log_message LINE:161 [INFO]- "GET /movie.html?id=6957283 HTTP/1.1" 200 255085
2026-02-23 16:29:27,337 FuncName:log_message LINE:161 [INFO]- "GET /movie.html?id=6854725 HTTP/1.1" 200 243189
2026-02-23 16:29:27,376 FuncName:log_message LINE:161 [INFO]- "GET /static/js/js.js HTTP/1.1" 304 0
2026-02-23 16:29:28,014 FuncName:log_message LINE:161 [INFO]- "GET /movie.html?id=25843060 HTTP/1.1" 200 240508
2026-02-23 16:29:28,687 FuncName:log_message LINE:161 [INFO]- "GET /movie.html?id=26304157 HTTP/1.1" 200 245040
2026-02-23 16:29:29,315 FuncName:log_message LINE:161 [INFO]- "GET /movie.html?id=10741649 HTTP/1.1" 200 256054
2026-02-23 16:29:30,218 FuncName:log_message LINE:161 [INFO]- "GET /movie.html?id=3256172 HTTP/1.1" 200 240568
2026-02-23 16:29:32,528 FuncName:log_message LINE:161 [INFO]- "GET /movie.html?id=3387483 HTTP/1.1" 200 255430
2026-02-23 16:29:33,879 FuncName:log_message LINE:161 [INFO]- "GET /movie.html?id=5319819 HTTP/1.1" 200 247148
2026-02-23 16:29:34,823 FuncName:log_message LINE:161 [INFO]- "GET /movie.html?id=4154669 HTTP/1.1" 200 259393
2026-02-23 16:29:35,916 FuncName:log_message LINE:161 [INFO]- "GET /movie.html?id=6738735 HTTP/1.1" 200 257435
2026-02-23 16:29:37,009 FuncName:log_message LINE:161 [INFO]- "GET /movie.html?id=6128922 HTTP/1.1" 200 259176
2026-02-23 16:29:38,055 FuncName:log_message LINE:161 [INFO]- "GET /movie.html?id=10355623 HTTP/1.1" 200 270376
2026-02-23 16:29:38,891 FuncName:log_message LINE:161 [INFO]- "GET /movie.html?id=6875543 HTTP/1.1" 200 263267
2026-02-23 16:29:40,861 FuncName:log_message LINE:161 [INFO]- "GET /movie.html?id=10551883 HTTP/1.1" 200 261107
2026-02-23 16:29:41,714 FuncName:log_message LINE:161 [INFO]- "GET /movie.html?id=6875438 HTTP/1.1" 200 248075
2026-02-23 16:29:42,987 FuncName:log_message LINE:161 [INFO]- "GET /movie.html?id=24321001 HTTP/1.1" 200 262727
2026-02-23 16:29:54,454 FuncName:log_message LINE:161 [INFO]- "GET /search.html?type=tag&s=%E8%AD%A6%E5%8C%AA&limit=20&page=8 HTTP/1.1" 200 362854
2026-02-23 16:29:54,469 FuncName:log_message LINE:161 [INFO]- "GET /static/js/js.js HTTP/1.1" 304 0
2026-02-23 16:29:56,364 FuncName:log_message LINE:161 [INFO]- "GET /movie.html?id=6874158 HTTP/1.1" 200 238810
2026-02-23 16:29:57,017 FuncName:log_message LINE:161 [INFO]- "GET /movie.html?id=6874020 HTTP/1.1" 200 236606
2026-02-23 16:29:57,616 FuncName:log_message LINE:161 [INFO]- "GET /movie.html?id=10522852 HTTP/1.1" 200 249425
2026-02-23 16:29:58,412 FuncName:log_message LINE:161 [INFO]- "GET /movie.html?id=6006574 HTTP/1.1" 200 241091
2026-02-23 16:29:59,003 FuncName:log_message LINE:161 [INFO]- "GET /movie.html?id=10741651 HTTP/1.1" 200 250048
2026-02-23 16:30:00,014 FuncName:log_message LINE:161 [INFO]- "GET /movie.html?id=3238087 HTTP/1.1" 200 256546
2026-02-23 16:30:00,944 FuncName:log_message LINE:161 [INFO]- "GET /movie.html?id=5422105 HTTP/1.1" 200 254350
2026-02-23 16:30:01,454 FuncName:log_message LINE:161 [INFO]- "GET /movie.html?id=6771529 HTTP/1.1" 200 246971
2026-02-23 16:30:02,158 FuncName:log_message LINE:161 [INFO]- "GET /movie.html?id=4132395 HTTP/1.1" 200 259572
2026-02-23 16:30:02,932 FuncName:log_message LINE:161 [INFO]- "GET /movie.html?id=5154463 HTTP/1.1" 200 257845
2026-02-23 16:30:03,560 FuncName:log_message LINE:161 [INFO]- "GET /movie.html?id=3238087 HTTP/1.1" 200 267620
2026-02-23 16:30:06,616 FuncName:log_message LINE:161 [INFO]- "GET /movie.html?id=5167754 HTTP/1.1" 200 256596
2026-02-23 16:30:07,562 FuncName:log_message LINE:161 [INFO]- "GET /movie.html?id=5123366 HTTP/1.1" 200 248093
2026-02-23 16:30:08,939 FuncName:log_message LINE:161 [INFO]- "GET /movie.html?id=6100793 HTTP/1.1" 200 247731
2026-02-23 16:30:10,014 FuncName:log_message LINE:161 [INFO]- "GET /movie.html?id=6773710 HTTP/1.1" 200 244455
2026-02-23 16:30:11,000 FuncName:log_message LINE:161 [INFO]- "GET /movie.html?id=6854691 HTTP/1.1" 200 235808
2026-02-23 16:30:12,081 FuncName:log_message LINE:161 [INFO]- "GET /movie.html?id=6519574 HTTP/1.1" 200 228377
2026-02-23 16:30:12,991 FuncName:log_message LINE:161 [INFO]- "GET /movie.html?id=6866843 HTTP/1.1" 200 229977
2026-02-23 16:30:13,844 FuncName:log_message LINE:161 [INFO]- "GET /movie.html?id=5157922 HTTP/1.1" 200 232262
2026-02-23 16:30:14,688 FuncName:log_message LINE:161 [INFO]- "GET /movie.html?id=6724610 HTTP/1.1" 200 221902
2026-02-23 16:30:15,711 FuncName:log_message LINE:161 [INFO]- "GET /movie.html?id=6905190 HTTP/1.1" 200 235456
2026-02-23 16:30:36,838 FuncName:log_message LINE:161 [INFO]- "GET /search.html?type=tag&s=%E8%AD%A6%E5%8C%AA&limit=20&page=9 HTTP/1.1" 200 349080
2026-02-23 16:30:40,298 FuncName:log_message LINE:161 [INFO]- "GET /movie.html?id=26296566 HTTP/1.1" 200 233283
2026-02-23 16:30:40,645 FuncName:log_message LINE:161 [INFO]- "GET /movie.html?id=1769631 HTTP/1.1" 200 225265
2026-02-23 16:30:41,744 FuncName:log_message LINE:161 [INFO]- "GET /movie.html?id=6109399 HTTP/1.1" 200 226944
2026-02-23 16:30:42,683 FuncName:log_message LINE:161 [INFO]- "GET /movie.html?id=5342326 HTTP/1.1" 200 244107
2026-02-23 16:30:43,063 FuncName:log_message LINE:161 [INFO]- "GET /movie.html?id=4133988 HTTP/1.1" 200 226075
2026-02-23 16:30:44,311 FuncName:log_message LINE:161 [INFO]- "GET /movie.html?id=4133814 HTTP/1.1" 200 237978
2026-02-23 16:30:45,178 FuncName:log_message LINE:161 [INFO]- "GET /movie.html?id=3569954 HTTP/1.1" 200 251274
2026-02-23 16:30:45,714 FuncName:log_message LINE:161 [INFO]- "GET /movie.html?id=4189695 HTTP/1.1" 200 242142
2026-02-23 16:30:46,457 FuncName:log_message LINE:161 [INFO]- "GET /movie.html?id=5188729 HTTP/1.1" 200 254426
2026-02-23 16:30:46,837 FuncName:log_message LINE:161 [INFO]- "GET /movie.html?id=4097125 HTTP/1.1" 200 250495
2026-02-23 16:30:48,567 FuncName:log_message LINE:161 [INFO]- "GET /movie.html?id=5154575 HTTP/1.1" 200 253400
2026-02-23 16:30:49,049 FuncName:log_message LINE:161 [INFO]- "GET /movie.html?id=3835524 HTTP/1.1" 200 239964
2026-02-23 16:30:50,715 FuncName:log_message LINE:161 [INFO]- "GET /movie.html?id=3364855 HTTP/1.1" 200 242264
2026-02-23 16:30:51,087 FuncName:log_message LINE:161 [INFO]- "GET /movie.html?id=5151082 HTTP/1.1" 200 225622
2026-02-23 16:30:51,884 FuncName:log_message LINE:161 [INFO]- "GET /movie.html?id=5154523 HTTP/1.1" 200 231178
2026-02-23 16:30:53,137 FuncName:log_message LINE:161 [INFO]- "GET /movie.html?id=5423768 HTTP/1.1" 200 233137
2026-02-23 16:30:54,037 FuncName:log_message LINE:161 [INFO]- "GET /movie.html?id=5151196 HTTP/1.1" 200 234083
2026-02-23 16:30:55,936 FuncName:log_message LINE:161 [INFO]- "GET /movie.html?id=3412882 HTTP/1.1" 200 237004
2026-02-23 16:30:56,981 FuncName:log_message LINE:161 [INFO]- "GET /movie.html?id=2369549 HTTP/1.1" 200 237189
2026-02-23 16:30:57,678 FuncName:log_message LINE:161 [INFO]- "GET /movie.html?id=3395460 HTTP/1.1" 200 242746
2026-02-23 16:34:04,165 FuncName:log_message LINE:161 [INFO]- "GET /search.html?type=tag&s=%E8%AD%A6%E5%8C%AA&limit=20&page=10 HTTP/1.1" 200 369578
2026-02-23 16:34:07,253 FuncName:log_message LINE:161 [INFO]- "GET /movie.html?id=3391271 HTTP/1.1" 200 255471
2026-02-23 16:34:08,253 FuncName:log_message LINE:161 [INFO]- "GET /movie.html?id=2338069 HTTP/1.1" 200 254042
2026-02-23 16:34:09,634 FuncName:log_message LINE:161 [INFO]- "GET /movie.html?id=3072077 HTTP/1.1" 200 256981
2026-02-23 16:34:10,053 FuncName:log_message LINE:161 [INFO]- "GET /movie.html?id=3369178 HTTP/1.1" 200 260661
2026-02-23 16:34:11,222 FuncName:log_message LINE:161 [INFO]- "GET /movie.html?id=3158435 HTTP/1.1" 200 261885
2026-02-23 16:34:12,516 FuncName:log_message LINE:161 [INFO]- "GET /movie.html?id=3013604 HTTP/1.1" 200 248107
2026-02-23 16:34:12,888 FuncName:log_message LINE:161 [INFO]- "GET /movie.html?id=4274274 HTTP/1.1" 200 248753
2026-02-23 16:34:13,693 FuncName:log_message LINE:161 [INFO]- "GET /movie.html?id=25760407 HTTP/1.1" 200 255332
2026-02-23 16:34:15,094 FuncName:log_message LINE:161 [INFO]- "GET /movie.html?id=6781985 HTTP/1.1" 200 237539
2026-02-23 16:34:16,737 FuncName:log_message LINE:161 [INFO]- "GET /movie.html?id=3768032 HTTP/1.1" 200 238057
2026-02-23 16:34:17,786 FuncName:log_message LINE:161 [INFO]- "GET /movie.html?id=5344735 HTTP/1.1" 200 223722
2026-02-23 16:34:18,770 FuncName:log_message LINE:161 [INFO]- "GET /movie.html?id=5326517 HTTP/1.1" 200 228314
2026-02-23 16:34:19,895 FuncName:log_message LINE:161 [INFO]- "GET /movie.html?id=3136488 HTTP/1.1" 200 239814
2026-02-23 16:34:21,116 FuncName:log_message LINE:161 [INFO]- "GET /movie.html?id=1867415 HTTP/1.1" 200 230871
2026-02-23 16:34:22,033 FuncName:log_message LINE:161 [INFO]- "GET /movie.html?id=1507248 HTTP/1.1" 200 254906
2026-02-23 16:34:23,594 FuncName:log_message LINE:161 [INFO]- "GET /movie.html?id=3621404 HTTP/1.1" 200 252190
2026-02-23 16:34:24,878 FuncName:log_message LINE:161 [INFO]- "GET /movie.html?id=3072883 HTTP/1.1" 200 259961
2026-02-23 16:34:26,641 FuncName:log_message LINE:161 [INFO]- "GET /movie.html?id=2264143 HTTP/1.1" 200 244184
2026-02-23 16:34:27,650 FuncName:log_message LINE:161 [INFO]- "GET /movie.html?id=3072167 HTTP/1.1" 200 253279
2026-02-23 16:34:28,550 FuncName:log_message LINE:161 [INFO]- "GET /movie.html?id=2148242 HTTP/1.1" 200 253998
2026-02-23 16:34:37,674 FuncName:log_message LINE:161 [INFO]- "GET /search.html?type=tag&s=%E8%AD%A6%E5%8C%AA&limit=20&page=11 HTTP/1.1" 200 375026
2026-02-23 16:35:13,523 FuncName:log_message LINE:161 [INFO]- "GET /movie.html?id=1507151 HTTP/1.1" 200 251101
2026-02-23 16:35:13,590 FuncName:log_message LINE:161 [INFO]- "GET /static/js/movie.js?v=20240501 HTTP/1.1" 304 0
2026-02-23 16:35:15,303 FuncName:log_message LINE:161 [INFO]- "GET /movie.html?id=3159504 HTTP/1.1" 200 232840
2026-02-23 16:35:15,829 FuncName:log_message LINE:161 [INFO]- "GET /movie.html?id=4924688 HTTP/1.1" 200 238202
2026-02-23 16:35:17,244 FuncName:log_message LINE:161 [INFO]- "GET /movie.html?id=2278017 HTTP/1.1" 200 246964
2026-02-23 16:35:17,715 FuncName:log_message LINE:161 [INFO]- "GET /movie.html?id=2080133 HTTP/1.1" 200 236705
2026-02-23 16:35:18,856 FuncName:log_message LINE:161 [INFO]- "GET /movie.html?id=2228239 HTTP/1.1" 200 244230
2026-02-23 16:35:19,643 FuncName:log_message LINE:161 [INFO]- "GET /movie.html?id=1578503 HTTP/1.1" 200 250954
2026-02-23 16:35:20,920 FuncName:log_message LINE:161 [INFO]- "GET /movie.html?id=2368439 HTTP/1.1" 200 245568
2026-02-23 16:35:22,223 FuncName:log_message LINE:161 [INFO]- "GET /movie.html?id=1947114 HTTP/1.1" 200 248717
2026-02-23 16:35:23,366 FuncName:log_message LINE:161 [INFO]- "GET /movie.html?id=3226106 HTTP/1.1" 200 238830
2026-02-23 16:35:25,313 FuncName:log_message LINE:161 [INFO]- "GET /movie.html?id=1915729 HTTP/1.1" 200 240096
2026-02-23 16:35:26,271 FuncName:log_message LINE:161 [INFO]- "GET /movie.html?id=1853160 HTTP/1.1" 200 235107
2026-02-23 16:35:27,112 FuncName:log_message LINE:161 [INFO]- "GET /movie.html?id=1441801 HTTP/1.1" 200 233665
2026-02-23 16:35:28,243 FuncName:log_message LINE:161 [INFO]- "GET /movie.html?id=1428177 HTTP/1.1" 200 235758
2026-02-23 16:35:29,276 FuncName:log_message LINE:161 [INFO]- "GET /movie.html?id=1865108 HTTP/1.1" 200 241782
2026-02-23 16:35:29,918 FuncName:log_message LINE:161 [INFO]- "GET /movie.html?id=2046237 HTTP/1.1" 200 245392
2026-02-23 16:35:32,607 FuncName:log_message LINE:161 [INFO]- "GET /movie.html?id=3001812 HTTP/1.1" 200 253532
2026-02-23 16:35:34,023 FuncName:log_message LINE:161 [INFO]- "GET /movie.html?id=1907653 HTTP/1.1" 200 258188
2026-02-23 16:35:35,505 FuncName:log_message LINE:161 [INFO]- "GET /movie.html?id=2020641 HTTP/1.1" 200 244527
2026-02-23 16:35:36,293 FuncName:log_message LINE:161 [INFO]- "GET /movie.html?id=1936906 HTTP/1.1" 200 238123
2026-02-23 16:35:45,867 FuncName:log_message LINE:161 [INFO]- "GET /search.html?type=tag&s=%E8%AD%A6%E5%8C%AA&limit=20&page=12 HTTP/1.1" 200 352108
2026-02-23 16:37:47,632 FuncName:log_message LINE:161 [INFO]- "GET /movie.html?id=1420053 HTTP/1.1" 200 230450
2026-02-23 16:37:50,142 FuncName:log_message LINE:161 [INFO]- "GET /movie/movie_rating?rating=5&movieId=1420053 HTTP/1.1" 200 105
2026-02-23 16:37:56,582 FuncName:log_message LINE:161 [INFO]- "GET /movie.html?id=1305149 HTTP/1.1" 200 237768
2026-02-23 16:38:07,173 FuncName:log_message LINE:161 [INFO]- "GET /movie/movie_rating?rating=2&movieId=1305149 HTTP/1.1" 200 105
2026-02-23 16:38:09,732 FuncName:log_message LINE:161 [INFO]- "GET /movie/movie_like?movieId=1305149 HTTP/1.1" 200 93
2026-02-23 16:44:57,799 FuncName:run_with_reloader LINE:637 [INFO]- Watching for file changes with StatReloader
2026-02-23 16:45:01,939 FuncName:log_message LINE:161 [INFO]- "GET / HTTP/1.1" 200 405547
2026-02-23 16:45:02,029 FuncName:log_message LINE:161 [INFO]- "GET /static/images/icon1.ico?v=888 HTTP/1.1" 304 0
2026-02-23 16:45:06,480 FuncName:log_message LINE:161 [INFO]- "GET / HTTP/1.1" 200 386174
2026-02-23 16:45:09,008 FuncName:log_message LINE:161 [INFO]- "GET /search.html?type=tag&s=%E7%88%B1%E6%83%85 HTTP/1.1" 200 318264
2026-02-23 16:45:10,833 FuncName:log_message LINE:161 [INFO]- "GET /movie.html?id=26737490 HTTP/1.1" 200 192655
2026-02-23 16:45:12,117 FuncName:log_message LINE:161 [INFO]- "GET /movie.html?id=30309158 HTTP/1.1" 200 201885
2026-02-23 16:45:12,739 FuncName:log_message LINE:161 [INFO]- "GET /movie.html?id=33406097 HTTP/1.1" 200 206095
2026-02-23 16:45:13,399 FuncName:log_message LINE:161 [INFO]- "GET /movie.html?id=33446786 HTTP/1.1" 200 211327
2026-02-23 16:45:15,033 FuncName:log_message LINE:161 [INFO]- "GET /movie.html?id=30466860 HTTP/1.1" 200 217024
2026-02-23 16:45:16,250 FuncName:log_message LINE:161 [INFO]- "GET /movie.html?id=34464477 HTTP/1.1" 200 230264
2026-02-23 16:45:16,808 FuncName:log_message LINE:161 [INFO]- "GET /movie.html?id=30391352 HTTP/1.1" 200 226594
2026-02-23 16:45:17,522 FuncName:log_message LINE:161 [INFO]- "GET /movie.html?id=30463454 HTTP/1.1" 200 230633
2026-02-23 16:45:18,424 FuncName:log_message LINE:161 [INFO]- "GET /movie.html?id=33412928 HTTP/1.1" 200 243731
2026-02-23 16:45:18,894 FuncName:log_message LINE:161 [INFO]- "GET /movie.html?id=34440182 HTTP/1.1" 200 233668
2026-02-23 16:45:20,009 FuncName:log_message LINE:161 [INFO]- "GET /movie.html?id=30395081 HTTP/1.1" 200 235199
2026-02-23 16:45:21,293 FuncName:log_message LINE:161 [INFO]- "GET /movie.html?id=34603816 HTTP/1.1" 200 248998
2026-02-23 16:45:21,821 FuncName:log_message LINE:161 [INFO]- "GET /movie.html?id=26580108 HTTP/1.1" 200 239977
2026-02-23 16:45:22,690 FuncName:log_message LINE:161 [INFO]- "GET /movie.html?id=26664834 HTTP/1.1" 200 241654
2026-02-23 16:45:23,339 FuncName:log_message LINE:161 [INFO]- "GET /movie.html?id=27174271 HTTP/1.1" 200 239513
2026-02-23 16:45:24,485 FuncName:log_message LINE:161 [INFO]- "GET /movie.html?id=27000951 HTTP/1.1" 200 232103
2026-02-23 16:45:25,299 FuncName:log_message LINE:161 [INFO]- "GET /movie.html?id=33407575 HTTP/1.1" 200 239677
2026-02-23 16:45:26,103 FuncName:log_message LINE:161 [INFO]- "GET /movie.html?id=24875519 HTTP/1.1" 200 242828
2026-02-23 16:45:27,591 FuncName:log_message LINE:161 [INFO]- "GET /movie.html?id=26661193 HTTP/1.1" 200 243221
2026-02-23 16:45:29,319 FuncName:log_message LINE:161 [INFO]- "GET /movie.html?id=30271236 HTTP/1.1" 200 231628
2026-02-23 16:45:30,762 FuncName:log_message LINE:161 [INFO]- "GET /movie/movie_rating?rating=3&movieId=26737490 HTTP/1.1" 200 66
2026-02-23 16:45:32,788 FuncName:log_message LINE:161 [INFO]- "GET /movie/movie_like?movieId=26737490 HTTP/1.1" 200 66
2026-02-23 16:45:41,599 FuncName:log_message LINE:161 [INFO]- "POST /user/login HTTP/1.1" 200 138
2026-02-23 16:45:44,139 FuncName:handle_error LINE:75 [INFO]- - Broken pipe from ('127.0.0.1', 51197)

2026-02-23 16:45:44,209 FuncName:log_message LINE:161 [INFO]- "GET /movie.html? HTTP/1.1" 200 205103
2026-02-23 16:45:48,441 FuncName:log_message LINE:161 [INFO]- "GET / HTTP/1.1" 200 445241
2026-02-23 16:45:53,058 FuncName:log_message LINE:161 [INFO]- "GET /search.html?type=tag&s=%E7%88%B1%E6%83%85 HTTP/1.1" 200 360277
2026-02-23 16:46:03,573 FuncName:log_message LINE:161 [INFO]- "GET /search.html?type=tag&s=%E7%88%B1%E6%83%85 HTTP/1.1" 200 360278
2026-02-23 16:46:05,652 FuncName:log_message LINE:161 [INFO]- "GET /movie.html?id=26737490 HTTP/1.1" 200 234667
2026-02-23 16:46:06,305 FuncName:log_message LINE:161 [INFO]- "GET /movie.html?id=30309158 HTTP/1.1" 200 237679
2026-02-23 16:46:06,847 FuncName:log_message LINE:161 [INFO]- "GET /movie.html?id=33406097 HTTP/1.1" 200 235491
2026-02-23 16:46:07,603 FuncName:log_message LINE:161 [INFO]- "GET /movie.html?id=33446786 HTTP/1.1" 200 238459
2026-02-23 16:46:08,669 FuncName:log_message LINE:161 [INFO]- "GET /movie.html?id=30466860 HTTP/1.1" 200 239069
2026-02-23 16:46:10,029 FuncName:log_message LINE:161 [INFO]- "GET /favicon.ico HTTP/1.1" 302 0
2026-02-23 16:46:10,204 FuncName:log_message LINE:161 [INFO]- "GET /movie.html?id=34464477 HTTP/1.1" 200 242576
2026-02-23 16:46:10,261 FuncName:log_message LINE:161 [INFO]- "GET /favicon.ico HTTP/1.1" 302 0
2026-02-23 16:46:10,562 FuncName:log_message LINE:161 [INFO]- "GET /favicon.ico HTTP/1.1" 302 0
2026-02-23 16:46:10,949 FuncName:log_message LINE:161 [INFO]- "GET /favicon.ico HTTP/1.1" 302 0
2026-02-23 16:46:10,962 FuncName:log_message LINE:161 [INFO]- "GET /favicon.ico HTTP/1.1" 302 0
2026-02-23 16:46:11,162 FuncName:log_message LINE:161 [INFO]- "GET /movie.html?id=30391352 HTTP/1.1" 200 238907
2026-02-23 16:46:11,830 FuncName:log_message LINE:161 [INFO]- "GET /movie.html?id=30463454 HTTP/1.1" 200 242946
2026-02-23 16:46:12,884 FuncName:log_message LINE:161 [INFO]- "GET /movie.html?id=33412928 HTTP/1.1" 200 256043
2026-02-23 16:46:13,529 FuncName:log_message LINE:161 [INFO]- "GET /movie.html?id=34440182 HTTP/1.1" 200 245980
2026-02-23 16:46:14,657 FuncName:log_message LINE:161 [INFO]- "GET /movie.html?id=30395081 HTTP/1.1" 200 247510
2026-02-23 16:46:15,308 FuncName:log_message LINE:161 [INFO]- "GET /movie.html?id=34603816 HTTP/1.1" 200 261309
2026-02-23 16:46:16,223 FuncName:log_message LINE:161 [INFO]- "GET /movie.html?id=26664834 HTTP/1.1" 200 254611
2026-02-23 16:46:17,245 FuncName:log_message LINE:161 [INFO]- "GET /movie.html?id=26580108 HTTP/1.1" 200 252032
2026-02-23 16:46:18,253 FuncName:log_message LINE:161 [INFO]- "GET /movie.html?id=27174271 HTTP/1.1" 200 251824
2026-02-23 16:46:19,369 FuncName:log_message LINE:161 [INFO]- "GET /movie.html?id=27000951 HTTP/1.1" 200 244415
2026-02-23 16:46:19,989 FuncName:log_message LINE:161 [INFO]- "GET /movie.html?id=33407575 HTTP/1.1" 200 251988
2026-02-23 16:46:20,735 FuncName:log_message LINE:161 [INFO]- "GET /movie.html?id=24875519 HTTP/1.1" 200 255141
2026-02-23 16:46:21,602 FuncName:log_message LINE:161 [INFO]- "GET /movie.html?id=26661193 HTTP/1.1" 200 255144
2026-02-23 16:46:22,463 FuncName:log_message LINE:161 [INFO]- "GET /movie.html?id=30271236 HTTP/1.1" 200 243940
2026-02-23 16:46:24,386 FuncName:log_message LINE:161 [INFO]- "GET /movie/movie_rating?rating=3&movieId=26737490 HTTP/1.1" 200 105
2026-02-23 16:46:26,199 FuncName:log_message LINE:161 [INFO]- "GET /movie/movie_like?movieId=26737490 HTTP/1.1" 200 93
2026-02-23 16:46:30,231 FuncName:log_message LINE:161 [INFO]- "GET /movie/movie_rating?rating=3&movieId=30309158 HTTP/1.1" 200 105
2026-02-23 16:46:31,127 FuncName:log_message LINE:161 [INFO]- "GET /movie/movie_like?movieId=30309158 HTTP/1.1" 200 93
2026-02-23 16:46:33,186 FuncName:log_message LINE:161 [INFO]- "GET /movie/movie_rating?rating=4&movieId=33406097 HTTP/1.1" 200 105
2026-02-23 16:46:35,831 FuncName:log_message LINE:161 [INFO]- "GET /movie/movie_rating?rating=4&movieId=33446786 HTTP/1.1" 200 105
2026-02-23 16:46:37,937 FuncName:log_message LINE:161 [INFO]- "GET /movie/movie_rating?rating=4&movieId=30466860 HTTP/1.1" 200 105
2026-02-23 16:46:40,003 FuncName:log_message LINE:161 [INFO]- "GET /movie/movie_rating?rating=3&movieId=34464477 HTTP/1.1" 200 105
2026-02-23 16:46:42,135 FuncName:log_message LINE:161 [INFO]- "GET /movie/movie_rating?rating=3&movieId=30391352 HTTP/1.1" 200 105
2026-02-23 16:46:44,644 FuncName:log_message LINE:161 [INFO]- "GET /movie/movie_rating?rating=3&movieId=30463454 HTTP/1.1" 200 105
2026-02-23 16:46:47,119 FuncName:log_message LINE:161 [INFO]- "GET /movie/movie_rating?rating=3&movieId=33412928 HTTP/1.1" 200 105
2026-02-23 16:46:48,836 FuncName:log_message LINE:161 [INFO]- "GET /movie/movie_rating?rating=3&movieId=34440182 HTTP/1.1" 200 105
2026-02-23 16:46:50,905 FuncName:log_message LINE:161 [INFO]- "GET /movie/movie_rating?rating=4&movieId=30395081 HTTP/1.1" 200 105
2026-02-23 16:46:54,325 FuncName:log_message LINE:161 [INFO]- "GET /movie/movie_rating?rating=5&movieId=34603816 HTTP/1.1" 200 105
2026-02-23 16:46:57,971 FuncName:log_message LINE:161 [INFO]- "GET /movie/movie_rating?rating=4&movieId=26664834 HTTP/1.1" 200 105
2026-02-23 16:47:00,157 FuncName:log_message LINE:161 [INFO]- "GET /movie/movie_rating?rating=3&movieId=26580108 HTTP/1.1" 200 105
2026-02-23 16:47:02,342 FuncName:log_message LINE:161 [INFO]- "GET /movie/movie_rating?rating=3&movieId=27174271 HTTP/1.1" 200 105
2026-02-23 16:47:04,190 FuncName:log_message LINE:161 [INFO]- "GET /movie/movie_rating?rating=3&movieId=27000951 HTTP/1.1" 200 105
2026-02-23 16:47:06,465 FuncName:log_message LINE:161 [INFO]- "GET /movie/movie_rating?rating=2&movieId=33407575 HTTP/1.1" 200 105
2026-02-23 16:47:08,674 FuncName:log_message LINE:161 [INFO]- "GET /movie/movie_rating?rating=5&movieId=24875519 HTTP/1.1" 200 105
2026-02-23 16:47:09,827 FuncName:log_message LINE:161 [INFO]- "GET /movie/movie_rating?rating=1&movieId=24875519 HTTP/1.1" 200 105
2026-02-23 16:47:11,804 FuncName:log_message LINE:161 [INFO]- "GET /movie/movie_rating?rating=1&movieId=26661193 HTTP/1.1" 200 105
2026-02-23 16:47:14,246 FuncName:log_message LINE:161 [INFO]- "GET /movie/movie_rating?rating=5&movieId=30271236 HTTP/1.1" 200 105
2026-02-23 16:47:15,514 FuncName:log_message LINE:161 [INFO]- "GET /movie/movie_like?movieId=30271236 HTTP/1.1" 200 93
2026-02-23 16:47:19,235 FuncName:log_message LINE:161 [INFO]- "GET /search.html?type=tag&s=%E7%88%B1%E6%83%85&limit=20&page=2 HTTP/1.1" 200 363058
2026-02-23 16:49:15,335 FuncName:log_message LINE:161 [WARNING]- "POST /login/ HTTP/1.1" 404 9588
2026-02-23 16:50:56,656 FuncName:log_message LINE:161 [INFO]- "GET /movie.html?id=26640100 HTTP/1.1" 200 248592
2026-02-23 16:50:57,112 FuncName:log_message LINE:161 [INFO]- "GET /movie.html?id=26389470 HTTP/1.1" 200 248004
2026-02-23 16:50:57,801 FuncName:log_message LINE:161 [INFO]- "GET /movie.html?id=30284119 HTTP/1.1" 200 247962
2026-02-23 16:50:58,684 FuncName:log_message LINE:161 [INFO]- "GET /movie.html?id=30210703 HTTP/1.1" 200 240972
2026-02-23 16:50:59,590 FuncName:log_message LINE:161 [INFO]- "GET /movie.html?id=30459680 HTTP/1.1" 200 251076
2026-02-23 16:51:00,763 FuncName:log_message LINE:161 [INFO]- "GET /movie.html?id=30170833 HTTP/1.1" 200 242077
2026-02-23 16:51:01,522 FuncName:log_message LINE:161 [INFO]- "GET /movie.html?id=25812001 HTTP/1.1" 200 264194
2026-02-23 16:51:02,058 FuncName:log_message LINE:161 [INFO]- "GET /movie.html?id=25873396 HTTP/1.1" 200 266138
2026-02-23 16:51:03,123 FuncName:log_message LINE:161 [INFO]- "GET /movie.html?id=30446493 HTTP/1.1" 200 248886
2026-02-23 16:51:04,201 FuncName:log_message LINE:161 [INFO]- "GET /movie.html?id=25970980 HTTP/1.1" 200 252369
2026-02-23 16:51:05,358 FuncName:log_message LINE:161 [INFO]- "GET /movie.html?id=26290372 HTTP/1.1" 200 239662
2026-02-23 16:51:06,019 FuncName:log_message LINE:161 [INFO]- "GET /movie.html?id=6892074 HTTP/1.1" 200 248915
2026-02-23 16:51:07,080 FuncName:log_message LINE:161 [INFO]- "GET /movie.html?id=26630167 HTTP/1.1" 200 249791
2026-02-23 16:51:07,786 FuncName:log_message LINE:161 [INFO]- "GET /movie.html?id=30465916 HTTP/1.1" 200 257778
2026-02-23 16:51:08,521 FuncName:log_message LINE:161 [INFO]- "GET /movie.html?id=25881778 HTTP/1.1" 200 253790
2026-02-23 16:51:09,945 FuncName:log_message LINE:161 [INFO]- "GET /movie.html?id=3097440 HTTP/1.1" 200 218234
2026-02-23 16:51:10,756 FuncName:log_message LINE:161 [INFO]- "GET /movie.html?id=26878750 HTTP/1.1" 200 247632
2026-02-23 16:51:11,983 FuncName:log_message LINE:161 [INFO]- "GET /movie.html?id=26874608 HTTP/1.1" 200 246872
2026-02-23 16:51:12,941 FuncName:log_message LINE:161 [INFO]- "GET /movie.html?id=33427846 HTTP/1.1" 200 239780
2026-02-23 16:51:13,875 FuncName:log_message LINE:161 [INFO]- "GET /movie.html?id=4915856 HTTP/1.1" 200 241180
2026-02-23 16:51:16,252 FuncName:log_message LINE:161 [INFO]- "GET /movie/movie_rating?rating=1&movieId=26640100 HTTP/1.1" 200 105
2026-02-23 16:51:18,882 FuncName:log_message LINE:161 [INFO]- "GET /movie/movie_rating?rating=1&movieId=26389470 HTTP/1.1" 200 105
2026-02-23 16:51:21,698 FuncName:log_message LINE:161 [INFO]- "GET /movie/movie_rating?rating=3&movieId=30284119 HTTP/1.1" 200 105
2026-02-23 16:51:23,657 FuncName:log_message LINE:161 [INFO]- "GET /movie/movie_like?movieId=30284119 HTTP/1.1" 200 93
2026-02-23 16:51:26,549 FuncName:log_message LINE:161 [INFO]- "GET /movie/movie_rating?rating=3&movieId=30210703 HTTP/1.1" 200 105
2026-02-23 16:51:27,296 FuncName:log_message LINE:161 [INFO]- "GET /movie/movie_like?movieId=30210703 HTTP/1.1" 200 93
2026-02-23 16:51:30,664 FuncName:log_message LINE:161 [INFO]- "GET /movie/movie_rating?rating=2&movieId=30459680 HTTP/1.1" 200 105
2026-02-23 16:51:32,977 FuncName:log_message LINE:161 [INFO]- "GET /movie/movie_rating?rating=1&movieId=30170833 HTTP/1.1" 200 105
2026-02-23 16:51:35,338 FuncName:log_message LINE:161 [INFO]- "GET /movie/movie_rating?rating=1&movieId=25812001 HTTP/1.1" 200 105
2026-02-23 16:51:37,451 FuncName:log_message LINE:161 [INFO]- "GET /movie/movie_rating?rating=1&movieId=25873396 HTTP/1.1" 200 105
2026-02-23 16:51:40,282 FuncName:log_message LINE:161 [INFO]- "GET /movie/movie_rating?rating=3&movieId=30446493 HTTP/1.1" 200 105
2026-02-23 16:51:42,860 FuncName:log_message LINE:161 [INFO]- "GET /movie/movie_rating?rating=1&movieId=25970980 HTTP/1.1" 200 105
2026-02-23 16:51:46,147 FuncName:log_message LINE:161 [INFO]- "GET /movie/movie_rating?rating=1&movieId=26290372 HTTP/1.1" 200 105
2026-02-23 16:51:48,978 FuncName:log_message LINE:161 [INFO]- "GET /movie/movie_rating?rating=2&movieId=6892074 HTTP/1.1" 200 105
2026-02-23 16:51:51,210 FuncName:log_message LINE:161 [INFO]- "GET /movie/movie_rating?rating=2&movieId=26630167 HTTP/1.1" 200 105
2026-02-23 16:51:53,123 FuncName:log_message LINE:161 [INFO]- "GET /movie/movie_rating?rating=4&movieId=30465916 HTTP/1.1" 200 105
2026-02-23 16:51:54,873 FuncName:log_message LINE:161 [INFO]- "GET /movie/movie_rating?rating=3&movieId=25881778 HTTP/1.1" 200 105
2026-02-23 16:51:56,667 FuncName:log_message LINE:161 [INFO]- "GET /movie/movie_rating?rating=3&movieId=3097440 HTTP/1.1" 200 105
2026-02-23 16:51:57,743 FuncName:log_message LINE:161 [INFO]- "GET /movie/movie_rating?rating=1&movieId=3097440 HTTP/1.1" 200 105
2026-02-23 16:51:59,897 FuncName:log_message LINE:161 [INFO]- "GET /movie/movie_rating?rating=3&movieId=26878750 HTTP/1.1" 200 105
2026-02-23 16:52:01,978 FuncName:log_message LINE:161 [INFO]- "GET /movie/movie_rating?rating=1&movieId=26874608 HTTP/1.1" 200 105
2026-02-23 16:52:04,037 FuncName:log_message LINE:161 [INFO]- "GET /movie/movie_rating?rating=1&movieId=33427846 HTTP/1.1" 200 105
2026-02-23 16:52:05,948 FuncName:log_message LINE:161 [INFO]- "GET /movie/movie_rating?rating=1&movieId=4915856 HTTP/1.1" 200 105
2026-02-23 16:52:08,473 FuncName:log_message LINE:161 [INFO]- "GET /search.html?type=tag&s=%E7%88%B1%E6%83%85&limit=20&page=3 HTTP/1.1" 200 329046
2026-02-23 16:52:08,512 FuncName:log_message LINE:161 [INFO]- "GET /static/images/icon1.ico?v=888 HTTP/1.1" 304 0
