2026-02-26 12:06:49,419 FuncName:run_with_reloader LINE:637 [INFO]- Watching for file changes with StatReloader
2026-02-26 12:06:59,574 FuncName:log_message LINE:161 [INFO]- "GET / HTTP/1.1" 200 372534
2026-02-26 12:06:59,608 FuncName:log_message LINE:161 [INFO]- "GET /static/css/bootstrap.css HTTP/1.1" 304 0
2026-02-26 12:06:59,610 FuncName:log_message LINE:161 [INFO]- "GET /static/css/smohan.face.css HTTP/1.1" 304 0
2026-02-26 12:06:59,610 FuncName:log_message LINE:161 [INFO]- "GET /static/css/semantic.min.css HTTP/1.1" 304 0
2026-02-26 12:06:59,610 FuncName:log_message LINE:161 [INFO]- "GET /static/css/default.css HTTP/1.1" 304 0
2026-02-26 12:06:59,618 FuncName:log_message LINE:161 [INFO]- "GET /static/js/jquery.min.js HTTP/1.1" 304 0
2026-02-26 12:06:59,618 FuncName:log_message LINE:161 [INFO]- "GET /static/js/js.js HTTP/1.1" 304 0
2026-02-26 12:06:59,618 FuncName:log_message LINE:161 [INFO]- "GET /static/js/jquery.cookie.js HTTP/1.1" 304 0
2026-02-26 12:06:59,618 FuncName:log_message LINE:161 [INFO]- "GET /static/js/jquery.base64.min.js HTTP/1.1" 304 0
2026-02-26 12:06:59,618 FuncName:log_message LINE:161 [INFO]- "GET /static/css/style.css HTTP/1.1" 200 25966
2026-02-26 12:06:59,621 FuncName:log_message LINE:161 [INFO]- "GET /static/debug_toolbar/js/toolbar.js HTTP/1.1" 304 0
2026-02-26 12:06:59,621 FuncName:log_message LINE:161 [INFO]- "GET /static/images/focus/4136f145453342.jpg HTTP/1.1" 304 0
2026-02-26 12:06:59,621 FuncName:log_message LINE:161 [INFO]- "GET /static/css/font-awesome.min.css HTTP/1.1" 304 0
2026-02-26 12:06:59,621 FuncName:log_message LINE:161 [INFO]- "GET /static/images/focus/09480d8b63c479.jpg HTTP/1.1" 304 0
2026-02-26 12:06:59,650 FuncName:log_message LINE:161 [INFO]- "GET /static/images/scrollup.png HTTP/1.1" 304 0
2026-02-26 12:06:59,650 FuncName:log_message LINE:161 [INFO]- "GET /static/images/focus/04ec08f97e9773.jpg HTTP/1.1" 304 0
2026-02-26 12:06:59,666 FuncName:log_message LINE:161 [INFO]- "GET /static/js/footer.js HTTP/1.1" 304 0
2026-02-26 12:06:59,668 FuncName:log_message LINE:161 [INFO]- "GET /static/images/log_ic02.png HTTP/1.1" 304 0
2026-02-26 12:06:59,668 FuncName:log_message LINE:161 [INFO]- "GET /static/images/log_ic01.png HTTP/1.1" 304 0
2026-02-26 12:06:59,669 FuncName:log_message LINE:161 [INFO]- "GET /static/debug_toolbar/css/toolbar.css HTTP/1.1" 304 0
2026-02-26 12:06:59,693 FuncName:log_message LINE:161 [INFO]- "GET /static/images/icon1.ico?v=888 HTTP/1.1" 304 0
2026-02-26 12:06:59,693 FuncName:log_message LINE:161 [INFO]- "GET /static/images/slider.png HTTP/1.1" 304 0
2026-02-26 12:06:59,780 FuncName:log_message LINE:161 [INFO]- "GET /static/css/fonts/fontawesome-webfont.woff2?v=4.5.0 HTTP/1.1" 304 0
2026-02-26 12:06:59,782 FuncName:log_message LINE:161 [INFO]- "GET /static/debug_toolbar/css/print.css HTTP/1.1" 304 0
2026-02-26 12:06:59,797 FuncName:log_message LINE:161 [INFO]- "GET /static/debug_toolbar/js/utils.js HTTP/1.1" 304 0
2026-02-26 12:07:04,490 FuncName:log_message LINE:161 [INFO]- "GET / HTTP/1.1" 200 372530
2026-02-26 12:07:05,640 FuncName:log_message LINE:161 [INFO]- "GET /static/images/icon1.ico HTTP/1.1" 304 0
2026-02-26 12:07:13,738 FuncName:log_message LINE:161 [INFO]- "GET / HTTP/1.1" 200 372530
2026-02-26 12:07:13,788 FuncName:log_message LINE:161 [INFO]- "GET /static/css/smohan.face.css HTTP/1.1" 200 2786
2026-02-26 12:07:13,788 FuncName:log_message LINE:161 [INFO]- "GET /static/css/bootstrap.css HTTP/1.1" 200 104190
2026-02-26 12:07:13,799 FuncName:log_message LINE:161 [INFO]- "GET /static/css/default.css HTTP/1.1" 200 25501
2026-02-26 12:07:13,799 FuncName:log_message LINE:161 [INFO]- "GET /static/js/jquery.base64.min.js HTTP/1.1" 200 1782
2026-02-26 12:07:13,799 FuncName:log_message LINE:161 [INFO]- "GET /static/css/style.css HTTP/1.1" 200 25966
2026-02-26 12:07:13,799 FuncName:log_message LINE:161 [INFO]- "GET /static/js/jquery.min.js HTTP/1.1" 200 88152
2026-02-26 12:07:13,799 FuncName:log_message LINE:161 [INFO]- "GET /static/js/jquery.cookie.js HTTP/1.1" 200 3121
2026-02-26 12:07:13,799 FuncName:log_message LINE:161 [INFO]- "GET /static/js/js.js HTTP/1.1" 200 12325
2026-02-26 12:07:13,799 FuncName:log_message LINE:161 [INFO]- "GET /static/debug_toolbar/js/toolbar.js HTTP/1.1" 200 11275
2026-02-26 12:07:13,808 FuncName:log_message LINE:161 [INFO]- "GET /static/images/focus/4136f145453342.jpg HTTP/1.1" 200 305332
2026-02-26 12:07:13,808 FuncName:log_message LINE:161 [INFO]- "GET /static/css/font-awesome.min.css HTTP/1.1" 200 27448
2026-02-26 12:07:13,808 FuncName:log_message LINE:161 [INFO]- "GET /static/css/semantic.min.css HTTP/1.1" 200 1353496
2026-02-26 12:07:13,808 FuncName:log_message LINE:161 [INFO]- "GET /static/images/focus/09480d8b63c479.jpg HTTP/1.1" 200 401637
2026-02-26 12:07:13,831 FuncName:log_message LINE:161 [INFO]- "GET /static/images/scrollup.png HTTP/1.1" 200 583
2026-02-26 12:07:13,839 FuncName:log_message LINE:161 [INFO]- "GET /static/images/focus/04ec08f97e9773.jpg HTTP/1.1" 200 537539
2026-02-26 12:07:13,841 FuncName:log_message LINE:161 [INFO]- "GET /static/js/footer.js HTTP/1.1" 200 1342
2026-02-26 12:07:13,841 FuncName:log_message LINE:161 [INFO]- "GET /static/debug_toolbar/css/toolbar.css HTTP/1.1" 200 11479
2026-02-26 12:07:13,902 FuncName:log_message LINE:161 [INFO]- "GET /static/images/log_ic01.png HTTP/1.1" 200 1158
2026-02-26 12:07:13,908 FuncName:log_message LINE:161 [INFO]- "GET /static/images/log_ic02.png HTTP/1.1" 200 1143
2026-02-26 12:07:13,953 FuncName:log_message LINE:161 [INFO]- "GET /static/images/icon1.ico?v=888 HTTP/1.1" 200 21229
2026-02-26 12:07:13,953 FuncName:log_message LINE:161 [INFO]- "GET /static/images/slider.png HTTP/1.1" 200 53475
2026-02-26 12:07:14,028 FuncName:log_message LINE:161 [INFO]- "GET /static/css/fonts/outline-icons.woff2 HTTP/1.1" 200 13576
2026-02-26 12:07:14,028 FuncName:log_message LINE:161 [INFO]- "GET /static/css/fonts/fontawesome-webfont.woff2?v=4.5.0 HTTP/1.1" 200 66624
2026-02-26 12:07:14,028 FuncName:log_message LINE:161 [INFO]- "GET /static/debug_toolbar/css/print.css HTTP/1.1" 200 43
2026-02-26 12:07:14,038 FuncName:log_message LINE:161 [INFO]- "GET /static/debug_toolbar/js/utils.js HTTP/1.1" 200 3531
2026-02-26 12:07:27,608 FuncName:log_message LINE:161 [INFO]- "GET / HTTP/1.1" 200 372530
2026-02-26 12:07:31,709 FuncName:log_message LINE:161 [INFO]- "GET / HTTP/1.1" 200 372530
2026-02-26 12:08:03,786 FuncName:log_message LINE:161 [INFO]- "GET /admin HTTP/1.1" 301 0
2026-02-26 12:08:03,813 FuncName:log_message LINE:161 [INFO]- "GET /admin/ HTTP/1.1" 302 0
2026-02-26 12:08:03,830 FuncName:log_message LINE:161 [INFO]- "GET /admin/login/?next=/admin/ HTTP/1.1" 200 9125
2026-02-26 12:08:03,854 FuncName:log_message LINE:161 [INFO]- "GET /static/admin/simpleui-x/css/login.css?_=2.1 HTTP/1.1" 200 500
2026-02-26 12:08:03,858 FuncName:log_message LINE:161 [INFO]- "GET /static/admin/simpleui-x/fontawesome-free-6.2.0-web/css/all.min.css HTTP/1.1" 200 101784
2026-02-26 12:08:03,860 FuncName:log_message LINE:161 [INFO]- "GET /static/admin/simpleui-x/js/vue.min.js?_=2026.01.13 HTTP/1.1" 200 93675
2026-02-26 12:08:03,860 FuncName:log_message LINE:161 [INFO]- "GET /static/admin/simpleui-x/img/bg.svg HTTP/1.1" 200 9547
2026-02-26 12:08:03,860 FuncName:log_message LINE:161 [INFO]- "GET /static/admin/simpleui-x/img/logo.png HTTP/1.1" 200 115997
2026-02-26 12:08:03,861 FuncName:log_message LINE:161 [INFO]- "GET /static/admin/simpleui-x/elementui/theme-chalk/index.css HTTP/1.1" 200 232478
2026-02-26 12:08:03,864 FuncName:log_message LINE:161 [INFO]- "GET /static/admin/simpleui-x/elementui/umd/locale/en.js?_=2026.01.13 HTTP/1.1" 200 3461
2026-02-26 12:08:03,865 FuncName:log_message LINE:161 [INFO]- "GET /static/admin/simpleui-x/js/login.js?_=3.3 HTTP/1.1" 200 669
2026-02-26 12:08:03,867 FuncName:log_message LINE:161 [INFO]- "GET /static/admin/simpleui-x/particles/app.js HTTP/1.1" 200 3728
2026-02-26 12:08:03,867 FuncName:log_message LINE:161 [INFO]- "GET /static/admin/simpleui-x/particles/particles.js HTTP/1.1" 200 51264
2026-02-26 12:08:03,868 FuncName:log_message LINE:161 [INFO]- "GET /static/admin/simpleui-x/elementui/index.js?_=2026.01.13 HTTP/1.1" 200 567853
2026-02-26 12:08:03,925 FuncName:log_message LINE:161 [INFO]- "GET /static/admin/simpleui-x/fontawesome-free-6.2.0-web/webfonts/fa-solid-900.woff2 HTTP/1.1" 200 150472
2026-02-26 12:09:32,978 FuncName:run_with_reloader LINE:637 [INFO]- Watching for file changes with StatReloader
2026-02-26 12:09:39,238 FuncName:log_message LINE:161 [INFO]- "GET / HTTP/1.1" 200 372532
2026-02-26 12:09:42,918 FuncName:log_message LINE:161 [INFO]- "GET /admin/ HTTP/1.1" 302 0
2026-02-26 12:09:42,935 FuncName:log_message LINE:161 [INFO]- "GET /admin/login/?next=/admin/ HTTP/1.1" 200 9125
2026-02-26 12:09:45,498 FuncName:log_message LINE:161 [INFO]- "GET /static/admin/simpleui-x/elementui/theme-chalk/fonts/element-icons.woff HTTP/1.1" 200 28200
2026-02-26 12:09:48,768 FuncName:log_message LINE:161 [INFO]- "POST /admin/login/?next=/admin/ HTTP/1.1" 302 0
2026-02-26 12:09:49,248 FuncName:log_message LINE:161 [INFO]- "GET /admin/ HTTP/1.1" 200 28502
2026-02-26 12:09:49,274 FuncName:log_message LINE:161 [INFO]- "GET /static/admin/simpleui-x/css/index.css?_=3.2 HTTP/1.1" 200 6608
2026-02-26 12:09:49,274 FuncName:log_message LINE:161 [INFO]- "GET /static/admin/simpleui-x/waves/waves.min.css?_=2.1 HTTP/1.1" 200 3861
2026-02-26 12:09:49,283 FuncName:log_message LINE:161 [INFO]- "GET /static/admin/simpleui-x/js/cookie.js?_=2026.01.13 HTTP/1.1" 200 524
2026-02-26 12:09:49,287 FuncName:log_message LINE:161 [INFO]- "GET /static/admin/simpleui-x/automatic/dicts.js?_=2026.01.13 HTTP/1.1" 200 6292
2026-02-26 12:09:49,290 FuncName:log_message LINE:161 [INFO]- "GET /static/admin/simpleui-x/theme/theme.js?_=2026.01.13 HTTP/1.1" 200 4274
2026-02-26 12:09:49,291 FuncName:log_message LINE:161 [INFO]- "GET /static/admin/simpleui-x/waves/waves.min.js?_=2026.01.13 HTTP/1.1" 200 6329
2026-02-26 12:09:49,295 FuncName:log_message LINE:161 [INFO]- "GET /static/admin/simpleui-x/automatic/segment.js?_=2026.01.13 HTTP/1.1" 200 1186
2026-02-26 12:09:49,297 FuncName:log_message LINE:161 [INFO]- "GET /static/admin/simpleui-x/js/menu.js?_=2026.01.13 HTTP/1.1" 200 1189
2026-02-26 12:09:49,298 FuncName:log_message LINE:161 [INFO]- "GET /static/admin/simpleui-x/js/index.js?_=2026.01.13 HTTP/1.1" 200 20820
2026-02-26 12:09:49,298 FuncName:log_message LINE:161 [INFO]- "GET /static/admin/simpleui-x/locale/en-us.js?_=2026.01.13 HTTP/1.1" 200 811
2026-02-26 12:09:49,301 FuncName:log_message LINE:161 [INFO]- "GET /static/admin/simpleui-x/locale/zh-hans.js?_=2026.01.13 HTTP/1.1" 200 1254
2026-02-26 12:09:49,349 FuncName:log_message LINE:161 [INFO]- "GET /static/admin/simpleui-x/fontawesome-free-6.2.0-web/webfonts/fa-regular-400.woff2 HTTP/1.1" 200 25096
2026-02-26 12:09:49,349 FuncName:log_message LINE:161 [INFO]- "GET /static/admin/simpleui-x/fontawesome-free-6.2.0-web/webfonts/fa-brands-400.woff2 HTTP/1.1" 200 107460
2026-02-26 12:09:55,219 FuncName:log_message LINE:161 [INFO]- "GET /admin/api/indexfocus/ HTTP/1.1" 200 44478
2026-02-26 12:09:55,233 FuncName:log_message LINE:161 [INFO]- "GET /static/admin/simpleui-x/css/base.css?_=2.7 HTTP/1.1" 200 3264
2026-02-26 12:09:55,233 FuncName:log_message LINE:161 [INFO]- "GET /static/admin/simpleui-x/theme/simpleui.css HTTP/1.1" 200 4270
2026-02-26 12:09:55,233 FuncName:log_message LINE:161 [INFO]- "GET /static/admin/simpleui-x/locale/en-us.js?_=2.1.2 HTTP/1.1" 200 811
2026-02-26 12:09:55,233 FuncName:log_message LINE:161 [INFO]- "GET /static/admin/simpleui-x/locale/zh-hans.js HTTP/1.1" 200 1254
2026-02-26 12:09:55,237 FuncName:log_message LINE:161 [INFO]- "GET /static/admin/simpleui-x/js/language.js?_=2.1.2 HTTP/1.1" 200 189
2026-02-26 12:09:55,238 FuncName:log_message LINE:161 [INFO]- "GET /static/admin/css/base.css?_=2.7 HTTP/1.1" 200 16378
2026-02-26 12:09:55,239 FuncName:log_message LINE:161 [INFO]- "GET /static/admin/css/changelists.css?_=20180905 HTTP/1.1" 200 6190
2026-02-26 12:09:55,249 FuncName:log_message LINE:161 [INFO]- "GET /static/admin/css/forms.css HTTP/1.1" 200 8518
2026-02-26 12:09:55,250 FuncName:log_message LINE:161 [INFO]- "GET /static/admin/simpleui-x/js/cookie.js HTTP/1.1" 200 524
2026-02-26 12:09:55,251 FuncName:log_message LINE:161 [INFO]- "GET /static/admin/css/responsive.css?_=20180905 HTTP/1.1" 200 18052
2026-02-26 12:09:55,256 FuncName:log_message LINE:161 [INFO]- "GET /static/admin/css/fonts.css HTTP/1.1" 200 423
2026-02-26 12:09:55,257 FuncName:log_message LINE:161 [INFO]- "GET /static/admin/js/jquery.init.js HTTP/1.1" 200 363
2026-02-26 12:09:55,257 FuncName:log_message LINE:161 [INFO]- "GET /static/admin/js/core.js HTTP/1.1" 200 5723
2026-02-26 12:09:55,260 FuncName:log_message LINE:161 [INFO]- "GET /static/admin/js/vendor/jquery/jquery.js HTTP/1.1" 200 280364
2026-02-26 12:09:55,267 FuncName:log_message LINE:161 [INFO]- "GET /static/admin/js/actions.js HTTP/1.1" 200 6766
2026-02-26 12:09:55,267 FuncName:log_message LINE:161 [INFO]- "GET /static/admin/js/urlify.js HTTP/1.1" 200 8941
2026-02-26 12:09:55,268 FuncName:log_message LINE:161 [INFO]- "GET /static/admin/js/admin/RelatedObjectLookups.js HTTP/1.1" 200 6918
2026-02-26 12:09:55,269 FuncName:log_message LINE:161 [INFO]- "GET /static/admin/js/prepopulate.js HTTP/1.1" 200 1530
2026-02-26 12:09:55,275 FuncName:log_message LINE:161 [INFO]- "GET /static/admin/simpleui-x/automatic/segment.js HTTP/1.1" 200 1186
2026-02-26 12:09:55,275 FuncName:log_message LINE:161 [INFO]- "GET /static/admin/simpleui-x/automatic/dicts.js HTTP/1.1" 200 6292
2026-02-26 12:09:55,277 FuncName:log_message LINE:161 [INFO]- "GET /static/admin/css/widgets.css HTTP/1.1" 200 10322
2026-02-26 12:09:55,278 FuncName:log_message LINE:161 [INFO]- "GET /static/admin/js/vendor/xregexp/xregexp.js HTTP/1.1" 200 128820
2026-02-26 12:09:55,279 FuncName:log_message LINE:161 [INFO]- "GET /static/admin/js/vendor/jquery/jquery.min.js HTTP/1.1" 200 88145
2026-02-26 12:09:55,280 FuncName:log_message LINE:161 [INFO]- "GET /static/admin/simpleui-x/js/axios.min.js HTTP/1.1" 200 14237
2026-02-26 12:09:55,688 FuncName:log_message LINE:161 [INFO]- "GET /admin/jsi18n/ HTTP/1.1" 200 8398
2026-02-26 12:09:56,553 FuncName:log_message LINE:161 [INFO]- "GET /admin/api/districts/ HTTP/1.1" 200 83777
2026-02-26 12:09:56,809 FuncName:log_message LINE:161 [INFO]- "GET /admin/jsi18n/ HTTP/1.1" 200 8398
2026-02-26 12:09:56,836 FuncName:log_message LINE:161 [INFO]- "GET /static/admin/fonts/Roboto-Regular-webfont.woff HTTP/1.1" 200 85876
2026-02-26 12:09:56,860 FuncName:log_message LINE:161 [INFO]- "GET /static/admin/fonts/Roboto-Bold-webfont.woff HTTP/1.1" 200 86184
2026-02-26 12:09:58,868 FuncName:log_message LINE:161 [INFO]- "GET /admin/django_apscheduler/djangojob/ HTTP/1.1" 200 36651
2026-02-26 12:09:59,185 FuncName:log_message LINE:161 [INFO]- "GET /admin/jsi18n/ HTTP/1.1" 200 8398
2026-02-26 12:09:59,575 FuncName:log_message LINE:161 [INFO]- "GET /admin/django_apscheduler/djangojobexecution/ HTTP/1.1" 200 40086
2026-02-26 12:09:59,738 FuncName:log_message LINE:161 [INFO]- "GET /admin/jsi18n/ HTTP/1.1" 200 8398
2026-02-26 12:10:06,302 FuncName:log_message LINE:161 [INFO]- "GET /admin/movie/movielikes/ HTTP/1.1" 200 51694
2026-02-26 12:10:06,314 FuncName:log_message LINE:161 [INFO]- "GET /static/admin/js/calendar.js HTTP/1.1" 200 7777
2026-02-26 12:10:06,314 FuncName:log_message LINE:161 [INFO]- "GET /static/admin/js/admin/DateTimeShortcuts.js HTTP/1.1" 200 20232
2026-02-26 12:10:06,712 FuncName:log_message LINE:161 [INFO]- "GET /admin/jsi18n/ HTTP/1.1" 200 8398
2026-02-26 12:10:08,224 FuncName:log_message LINE:161 [INFO]- "GET /admin/user/usersperfer/ HTTP/1.1" 200 47606
2026-02-26 12:10:09,538 FuncName:log_message LINE:161 [INFO]- "GET /admin/user/usercookie/ HTTP/1.1" 200 50749
2026-02-26 12:10:10,038 FuncName:log_message LINE:161 [INFO]- "GET /admin/movie/moviesearchs/ HTTP/1.1" 200 132077
2026-02-26 12:10:10,451 FuncName:log_message LINE:161 [INFO]- "GET /admin/user/usersbase/ HTTP/1.1" 200 48890
2026-02-26 12:10:10,988 FuncName:log_message LINE:161 [INFO]- "GET /admin/jsi18n/ HTTP/1.1" 200 8398
2026-02-26 12:10:11,384 FuncName:log_message LINE:161 [INFO]- "GET /admin/user/usermovierecommend/ HTTP/1.1" 200 45899
2026-02-26 12:10:11,538 FuncName:log_message LINE:161 [INFO]- "GET /admin/jsi18n/ HTTP/1.1" 200 8398
2026-02-26 12:10:11,793 FuncName:log_message LINE:161 [INFO]- "GET /admin/user/usersdetail/ HTTP/1.1" 200 45904
2026-02-26 12:10:11,995 FuncName:log_message LINE:161 [INFO]- "GET /admin/jsi18n/ HTTP/1.1" 200 8398
2026-02-26 12:10:12,027 FuncName:log_message LINE:161 [INFO]- "GET /static/admin/img/sorting-icons.svg HTTP/1.1" 200 1097
2026-02-26 12:10:12,027 FuncName:log_message LINE:161 [INFO]- "GET /static/admin/img/search.svg HTTP/1.1" 200 458
2026-02-26 12:10:12,052 FuncName:log_message LINE:161 [INFO]- "GET /static/admin/fonts/Roboto-Light-webfont.woff HTTP/1.1" 200 85692
2026-02-26 12:10:12,084 FuncName:log_message LINE:161 [INFO]- "GET /static/admin/img/icon-clock.svg HTTP/1.1" 200 677
2026-02-26 12:10:12,084 FuncName:log_message LINE:161 [INFO]- "GET /static/admin/img/icon-calendar.svg HTTP/1.1" 200 1086
2026-02-26 12:10:12,420 FuncName:log_message LINE:161 [INFO]- "GET /admin/jsi18n/ HTTP/1.1" 200 8398
2026-02-26 12:10:12,828 FuncName:log_message LINE:161 [INFO]- "GET /admin/jsi18n/ HTTP/1.1" 200 8398
2026-02-26 12:10:13,188 FuncName:log_message LINE:161 [INFO]- "GET /admin/jsi18n/ HTTP/1.1" 200 8398
2026-02-26 12:10:15,378 FuncName:log_message LINE:161 [INFO]- "GET /admin/movie/movietagdb/ HTTP/1.1" 200 100082
2026-02-26 12:10:15,728 FuncName:log_message LINE:161 [INFO]- "GET /admin/jsi18n/ HTTP/1.1" 200 8398
2026-02-26 12:10:19,403 FuncName:log_message LINE:161 [INFO]- "GET /admin/user/usertag/ HTTP/1.1" 200 121268
2026-02-26 12:10:19,741 FuncName:log_message LINE:161 [INFO]- "GET /admin/jsi18n/ HTTP/1.1" 200 8398
2026-02-26 12:10:21,719 FuncName:handle_error LINE:75 [INFO]- - Broken pipe from ('127.0.0.1', 61689)

2026-02-26 12:10:57,375 FuncName:log_message LINE:161 [INFO]- "GET /admin/api/indexfocus/add/ HTTP/1.1" 200 17632
2026-02-26 12:10:57,390 FuncName:log_message LINE:161 [INFO]- "GET /static/admin/js/prepopulate_init.js HTTP/1.1" 200 495
2026-02-26 12:10:57,391 FuncName:log_message LINE:161 [INFO]- "GET /static/admin/js/change_form.js HTTP/1.1" 200 712
2026-02-26 12:10:57,634 FuncName:log_message LINE:161 [INFO]- "GET /admin/jsi18n/ HTTP/1.1" 200 8398
2026-02-26 12:11:01,169 FuncName:log_message LINE:161 [INFO]- "GET /admin/movie/collectmoviedb/?_to_field=movie_id&_popup=1 HTTP/1.1" 200 89855
2026-02-26 12:11:03,598 FuncName:log_message LINE:161 [INFO]- "GET /admin/movie/collectmoviedb/?_to_field=movie_id&_popup=1 HTTP/1.1" 200 89854
2026-02-26 12:11:10,129 FuncName:log_message LINE:161 [INFO]- "GET /admin/api/indexfocus/ HTTP/1.1" 200 44477
2026-02-26 12:11:10,429 FuncName:log_message LINE:161 [INFO]- "GET /admin/jsi18n/ HTTP/1.1" 200 8398
2026-02-26 12:11:38,549 FuncName:log_message LINE:161 [INFO]- "GET / HTTP/1.1" 200 372530
2026-02-26 12:15:55,999 FuncName:log_message LINE:161 [INFO]- "GET / HTTP/1.1" 200 372530
2026-02-26 12:16:25,995 FuncName:log_message LINE:161 [INFO]- "GET / HTTP/1.1" 200 372530
2026-02-26 12:16:37,868 FuncName:log_message LINE:161 [INFO]- "GET /register.html HTTP/1.1" 200 180048
2026-02-26 12:16:37,884 FuncName:log_message LINE:161 [INFO]- "GET /static/css/gloab.css HTTP/1.1" 304 0
2026-02-26 12:16:37,893 FuncName:log_message LINE:161 [INFO]- "GET /static/css/register.css HTTP/1.1" 304 0
2026-02-26 12:16:37,894 FuncName:log_message LINE:161 [INFO]- "GET /static/images/user.jpg HTTP/1.1" 304 0
2026-02-26 12:16:37,895 FuncName:log_message LINE:161 [INFO]- "GET /static/js/register.js HTTP/1.1" 304 0
2026-02-26 12:16:37,920 FuncName:log_message LINE:161 [INFO]- "GET /static/images/showpwd.png HTTP/1.1" 200 3030
2026-02-26 12:16:38,317 FuncName:log_message LINE:161 [INFO]- "GET /api/captcha HTTP/1.1" 200 12062
2026-02-26 12:16:38,447 FuncName:log_message LINE:161 [INFO]- "GET /api/districts?parent=86 HTTP/1.1" 200 2719
2026-02-26 12:18:55,883 FuncName:log_message LINE:161 [INFO]- "GET /register.html HTTP/1.1" 200 178578
2026-02-26 12:18:56,014 FuncName:log_message LINE:161 [INFO]- "GET /api/captcha HTTP/1.1" 200 13001
2026-02-26 12:18:56,188 FuncName:log_message LINE:161 [INFO]- "GET /api/districts?parent=86 HTTP/1.1" 200 2719
2026-02-26 12:19:02,867 FuncName:log_message LINE:161 [INFO]- "GET / HTTP/1.1" 200 369582
2026-02-26 12:19:05,264 FuncName:log_message LINE:161 [INFO]- "GET / HTTP/1.1" 200 369582
2026-02-26 12:19:07,458 FuncName:log_message LINE:161 [WARNING]- "GET /.well-known/appspecific/com.chrome.devtools.json HTTP/1.1" 404 9898
2026-02-26 12:19:15,688 FuncName:log_message LINE:161 [INFO]- "GET / HTTP/1.1" 200 369582
2026-02-26 12:19:15,731 FuncName:log_message LINE:161 [WARNING]- "GET /.well-known/appspecific/com.chrome.devtools.json HTTP/1.1" 404 9897
2026-02-26 12:19:31,018 FuncName:log_message LINE:161 [INFO]- "GET / HTTP/1.1" 200 369582
2026-02-26 12:19:31,066 FuncName:log_message LINE:161 [WARNING]- "GET /.well-known/appspecific/com.chrome.devtools.json HTTP/1.1" 404 9898
2026-02-26 12:20:01,872 FuncName:log_message LINE:161 [INFO]- "GET / HTTP/1.1" 200 369583
2026-02-26 12:20:04,548 FuncName:log_message LINE:161 [INFO]- "GET / HTTP/1.1" 200 369582
2026-02-26 12:20:04,571 FuncName:log_message LINE:161 [INFO]- "GET /static/css/smohan.face.css HTTP/1.1" 200 2786
2026-02-26 12:20:04,573 FuncName:log_message LINE:161 [INFO]- "GET /static/css/style.css HTTP/1.1" 200 26311
2026-02-26 12:20:04,573 FuncName:log_message LINE:161 [INFO]- "GET /static/css/default.css HTTP/1.1" 200 25501
2026-02-26 12:20:04,575 FuncName:log_message LINE:161 [INFO]- "GET /static/js/jquery.base64.min.js HTTP/1.1" 200 1782
2026-02-26 12:20:04,576 FuncName:log_message LINE:161 [INFO]- "GET /static/js/jquery.min.js HTTP/1.1" 200 88152
2026-02-26 12:20:04,576 FuncName:log_message LINE:161 [INFO]- "GET /static/css/bootstrap.css HTTP/1.1" 200 104190
2026-02-26 12:20:04,577 FuncName:log_message LINE:161 [INFO]- "GET /static/js/jquery.cookie.js HTTP/1.1" 200 3121
2026-02-26 12:20:04,578 FuncName:log_message LINE:161 [INFO]- "GET /static/js/js.js HTTP/1.1" 200 12325
2026-02-26 12:20:04,578 FuncName:log_message LINE:161 [INFO]- "GET /static/css/font-awesome.min.css HTTP/1.1" 200 27448
2026-02-26 12:20:04,578 FuncName:log_message LINE:161 [INFO]- "GET /static/debug_toolbar/js/toolbar.js HTTP/1.1" 200 11275
2026-02-26 12:20:04,578 FuncName:log_message LINE:161 [INFO]- "GET /static/images/focus/4136f145453342.jpg HTTP/1.1" 200 305332
2026-02-26 12:20:04,588 FuncName:log_message LINE:161 [INFO]- "GET /static/images/focus/09480d8b63c479.jpg HTTP/1.1" 200 401637
2026-02-26 12:20:04,588 FuncName:log_message LINE:161 [INFO]- "GET /static/css/semantic.min.css HTTP/1.1" 200 1353496
2026-02-26 12:20:04,588 FuncName:log_message LINE:161 [INFO]- "GET /static/images/scrollup.png HTTP/1.1" 200 583
2026-02-26 12:20:04,595 FuncName:log_message LINE:161 [INFO]- "GET /static/images/focus/04ec08f97e9773.jpg HTTP/1.1" 200 537539
2026-02-26 12:20:04,608 FuncName:log_message LINE:161 [INFO]- "GET /static/js/footer.js HTTP/1.1" 200 1342
2026-02-26 12:20:04,608 FuncName:log_message LINE:161 [INFO]- "GET /static/debug_toolbar/css/toolbar.css HTTP/1.1" 200 11479
2026-02-26 12:20:04,686 FuncName:log_message LINE:161 [INFO]- "GET /static/images/log_ic01.png HTTP/1.1" 200 1158
2026-02-26 12:20:04,689 FuncName:log_message LINE:161 [INFO]- "GET /static/images/log_ic02.png HTTP/1.1" 200 1143
2026-02-26 12:20:04,733 FuncName:log_message LINE:161 [INFO]- "GET /static/debug_toolbar/css/print.css HTTP/1.1" 200 43
2026-02-26 12:20:04,744 FuncName:log_message LINE:161 [INFO]- "GET /static/images/icon1.ico?v=888 HTTP/1.1" 200 21229
2026-02-26 12:20:04,745 FuncName:log_message LINE:161 [INFO]- "GET /static/images/slider.png HTTP/1.1" 200 53475
2026-02-26 12:20:04,749 FuncName:log_message LINE:161 [INFO]- "GET /static/css/fonts/fontawesome-webfont.woff2?v=4.5.0 HTTP/1.1" 200 66624
2026-02-26 12:20:04,762 FuncName:log_message LINE:161 [INFO]- "GET /static/debug_toolbar/js/utils.js HTTP/1.1" 200 3531
2026-02-26 12:20:05,873 FuncName:log_message LINE:161 [INFO]- "GET /static/images/icon1.ico HTTP/1.1" 200 21229
2026-02-26 12:20:07,638 FuncName:log_message LINE:161 [INFO]- "GET / HTTP/1.1" 200 369582
2026-02-26 12:20:07,665 FuncName:log_message LINE:161 [INFO]- "GET /static/css/smohan.face.css HTTP/1.1" 200 2786
2026-02-26 12:20:07,667 FuncName:log_message LINE:161 [INFO]- "GET /static/css/style.css HTTP/1.1" 200 26311
2026-02-26 12:20:07,668 FuncName:log_message LINE:161 [INFO]- "GET /static/css/default.css HTTP/1.1" 200 25501
2026-02-26 12:20:07,671 FuncName:log_message LINE:161 [INFO]- "GET /static/js/jquery.min.js HTTP/1.1" 200 88152
2026-02-26 12:20:07,671 FuncName:log_message LINE:161 [INFO]- "GET /static/js/jquery.base64.min.js HTTP/1.1" 200 1782
2026-02-26 12:20:07,674 FuncName:log_message LINE:161 [INFO]- "GET /static/js/jquery.cookie.js HTTP/1.1" 200 3121
2026-02-26 12:20:07,674 FuncName:log_message LINE:161 [INFO]- "GET /static/css/bootstrap.css HTTP/1.1" 200 104190
2026-02-26 12:20:07,675 FuncName:log_message LINE:161 [INFO]- "GET /static/js/js.js HTTP/1.1" 200 12325
2026-02-26 12:20:07,676 FuncName:log_message LINE:161 [INFO]- "GET /static/css/font-awesome.min.css HTTP/1.1" 200 27448
2026-02-26 12:20:07,679 FuncName:log_message LINE:161 [INFO]- "GET /static/debug_toolbar/js/toolbar.js HTTP/1.1" 200 11275
2026-02-26 12:20:07,682 FuncName:log_message LINE:161 [INFO]- "GET /static/images/focus/4136f145453342.jpg HTTP/1.1" 200 305332
2026-02-26 12:20:07,682 FuncName:log_message LINE:161 [INFO]- "GET /static/images/focus/09480d8b63c479.jpg HTTP/1.1" 200 401637
2026-02-26 12:20:07,694 FuncName:log_message LINE:161 [INFO]- "GET /static/images/scrollup.png HTTP/1.1" 200 583
2026-02-26 12:20:07,696 FuncName:log_message LINE:161 [INFO]- "GET /static/css/semantic.min.css HTTP/1.1" 200 1353496
2026-02-26 12:20:07,700 FuncName:log_message LINE:161 [INFO]- "GET /static/images/focus/04ec08f97e9773.jpg HTTP/1.1" 200 537539
2026-02-26 12:20:07,701 FuncName:log_message LINE:161 [INFO]- "GET /static/js/footer.js HTTP/1.1" 200 1342
2026-02-26 12:20:07,718 FuncName:log_message LINE:161 [INFO]- "GET /static/debug_toolbar/css/toolbar.css HTTP/1.1" 200 11479
2026-02-26 12:20:07,759 FuncName:log_message LINE:161 [INFO]- "GET /static/images/log_ic01.png HTTP/1.1" 200 1158
2026-02-26 12:20:07,768 FuncName:log_message LINE:161 [INFO]- "GET /static/images/log_ic02.png HTTP/1.1" 200 1143
2026-02-26 12:20:07,807 FuncName:log_message LINE:161 [INFO]- "GET /static/debug_toolbar/css/print.css HTTP/1.1" 200 43
2026-02-26 12:20:07,818 FuncName:log_message LINE:161 [INFO]- "GET /static/images/slider.png HTTP/1.1" 200 53475
2026-02-26 12:20:07,818 FuncName:log_message LINE:161 [INFO]- "GET /static/images/icon1.ico?v=888 HTTP/1.1" 200 21229
2026-02-26 12:20:07,821 FuncName:log_message LINE:161 [INFO]- "GET /static/css/fonts/fontawesome-webfont.woff2?v=4.5.0 HTTP/1.1" 200 66624
2026-02-26 12:20:07,833 FuncName:log_message LINE:161 [INFO]- "GET /static/debug_toolbar/js/utils.js HTTP/1.1" 200 3531
2026-02-26 12:20:09,117 FuncName:log_message LINE:161 [INFO]- "GET /static/images/icon1.ico HTTP/1.1" 200 21229
2026-02-26 12:50:11,772 FuncName:log_message LINE:161 [INFO]- "GET / HTTP/1.1" 200 381146
2026-02-26 12:50:11,793 FuncName:log_message LINE:161 [INFO]- "GET /static/css/bootstrap.css HTTP/1.1" 200 104190
2026-02-26 12:50:11,797 FuncName:log_message LINE:161 [INFO]- "GET /static/css/smohan.face.css HTTP/1.1" 200 2786
2026-02-26 12:50:11,800 FuncName:log_message LINE:161 [INFO]- "GET /static/js/jquery.base64.min.js HTTP/1.1" 200 1782
2026-02-26 12:50:11,800 FuncName:log_message LINE:161 [INFO]- "GET /static/css/style.css HTTP/1.1" 200 26311
2026-02-26 12:50:11,802 FuncName:log_message LINE:161 [INFO]- "GET /static/css/default.css HTTP/1.1" 200 25501
2026-02-26 12:50:11,803 FuncName:log_message LINE:161 [INFO]- "GET /static/js/jquery.cookie.js HTTP/1.1" 200 3121
2026-02-26 12:50:11,806 FuncName:log_message LINE:161 [INFO]- "GET /static/js/js.js HTTP/1.1" 200 12325
2026-02-26 12:50:11,807 FuncName:log_message LINE:161 [INFO]- "GET /static/js/jquery.min.js HTTP/1.1" 200 88152
2026-02-26 12:50:11,808 FuncName:log_message LINE:161 [INFO]- "GET /static/debug_toolbar/js/toolbar.js HTTP/1.1" 200 11275
2026-02-26 12:50:11,811 FuncName:log_message LINE:161 [INFO]- "GET /static/css/font-awesome.min.css HTTP/1.1" 200 27448
2026-02-26 12:50:11,814 FuncName:log_message LINE:161 [INFO]- "GET /static/images/focus/4136f145453342.jpg HTTP/1.1" 200 305332
2026-02-26 12:50:11,817 FuncName:log_message LINE:161 [INFO]- "GET /static/images/focus/09480d8b63c479.jpg HTTP/1.1" 200 401637
2026-02-26 12:50:11,817 FuncName:log_message LINE:161 [INFO]- "GET /static/images/scrollup.png HTTP/1.1" 200 583
2026-02-26 12:50:11,827 FuncName:log_message LINE:161 [INFO]- "GET /static/js/footer.js HTTP/1.1" 200 1342
2026-02-26 12:50:11,827 FuncName:log_message LINE:161 [INFO]- "GET /static/images/focus/04ec08f97e9773.jpg HTTP/1.1" 200 537539
2026-02-26 12:50:11,827 FuncName:log_message LINE:161 [INFO]- "GET /static/css/semantic.min.css HTTP/1.1" 200 1353496
2026-02-26 12:50:11,832 FuncName:log_message LINE:161 [INFO]- "GET /static/debug_toolbar/css/toolbar.css HTTP/1.1" 200 11479
2026-02-26 12:50:11,894 FuncName:log_message LINE:161 [INFO]- "GET /static/images/log_ic01.png HTTP/1.1" 200 1158
2026-02-26 12:50:11,897 FuncName:log_message LINE:161 [INFO]- "GET /static/images/log_ic02.png HTTP/1.1" 200 1143
2026-02-26 12:50:11,937 FuncName:log_message LINE:161 [INFO]- "GET /static/debug_toolbar/css/print.css HTTP/1.1" 200 43
2026-02-26 12:50:11,946 FuncName:log_message LINE:161 [INFO]- "GET /static/images/icon1.ico?v=888 HTTP/1.1" 200 21229
2026-02-26 12:50:11,947 FuncName:log_message LINE:161 [INFO]- "GET /static/images/slider.png HTTP/1.1" 200 53475
2026-02-26 12:50:11,950 FuncName:log_message LINE:161 [INFO]- "GET /static/css/fonts/fontawesome-webfont.woff2?v=4.5.0 HTTP/1.1" 200 66624
2026-02-26 12:50:11,967 FuncName:log_message LINE:161 [INFO]- "GET /static/debug_toolbar/js/utils.js HTTP/1.1" 200 3531
2026-02-26 12:50:14,222 FuncName:log_message LINE:161 [INFO]- "GET /static/images/icon1.ico HTTP/1.1" 200 21229
2026-02-26 12:52:47,397 FuncName:log_message LINE:161 [INFO]- "GET / HTTP/1.1" 200 381142
2026-02-26 12:52:50,886 FuncName:log_message LINE:161 [INFO]- "GET / HTTP/1.1" 200 381142
2026-02-26 12:52:50,909 FuncName:log_message LINE:161 [INFO]- "GET /static/js/jquery.min.js HTTP/1.1" 200 88152
2026-02-26 12:52:50,911 FuncName:log_message LINE:161 [INFO]- "GET /static/css/smohan.face.css HTTP/1.1" 200 2786
2026-02-26 12:52:50,912 FuncName:log_message LINE:161 [INFO]- "GET /static/css/default.css HTTP/1.1" 200 25501
2026-02-26 12:52:50,913 FuncName:log_message LINE:161 [INFO]- "GET /static/css/style.css HTTP/1.1" 200 26315
2026-02-26 12:52:50,914 FuncName:log_message LINE:161 [INFO]- "GET /static/js/jquery.base64.min.js HTTP/1.1" 200 1782
2026-02-26 12:52:50,914 FuncName:log_message LINE:161 [INFO]- "GET /static/css/bootstrap.css HTTP/1.1" 200 104190
2026-02-26 12:52:50,917 FuncName:log_message LINE:161 [INFO]- "GET /static/js/jquery.cookie.js HTTP/1.1" 200 3121
2026-02-26 12:52:50,917 FuncName:log_message LINE:161 [INFO]- "GET /static/js/js.js HTTP/1.1" 200 12325
2026-02-26 12:52:50,919 FuncName:log_message LINE:161 [INFO]- "GET /static/debug_toolbar/js/toolbar.js HTTP/1.1" 200 11275
2026-02-26 12:52:50,919 FuncName:log_message LINE:161 [INFO]- "GET /static/css/font-awesome.min.css HTTP/1.1" 200 27448
2026-02-26 12:52:50,925 FuncName:log_message LINE:161 [INFO]- "GET /static/images/focus/4136f145453342.jpg HTTP/1.1" 200 305332
2026-02-26 12:52:50,927 FuncName:log_message LINE:161 [INFO]- "GET /static/images/focus/09480d8b63c479.jpg HTTP/1.1" 200 401637
2026-02-26 12:52:50,934 FuncName:log_message LINE:161 [INFO]- "GET /static/images/scrollup.png HTTP/1.1" 200 583
2026-02-26 12:52:50,936 FuncName:log_message LINE:161 [INFO]- "GET /static/css/semantic.min.css HTTP/1.1" 200 1353496
2026-02-26 12:52:50,939 FuncName:log_message LINE:161 [INFO]- "GET /static/images/focus/04ec08f97e9773.jpg HTTP/1.1" 200 537539
2026-02-26 12:52:50,940 FuncName:log_message LINE:161 [INFO]- "GET /static/js/footer.js HTTP/1.1" 200 1342
2026-02-26 12:52:50,956 FuncName:log_message LINE:161 [INFO]- "GET /static/debug_toolbar/css/toolbar.css HTTP/1.1" 200 11479
2026-02-26 12:52:51,002 FuncName:log_message LINE:161 [INFO]- "GET /static/images/log_ic01.png HTTP/1.1" 200 1158
2026-02-26 12:52:51,007 FuncName:log_message LINE:161 [INFO]- "GET /static/images/log_ic02.png HTTP/1.1" 200 1143
2026-02-26 12:52:51,035 FuncName:log_message LINE:161 [INFO]- "GET /static/debug_toolbar/css/print.css HTTP/1.1" 200 43
2026-02-26 12:52:51,042 FuncName:log_message LINE:161 [INFO]- "GET /static/images/icon1.ico?v=888 HTTP/1.1" 200 21229
2026-02-26 12:52:51,042 FuncName:log_message LINE:161 [INFO]- "GET /static/images/slider.png HTTP/1.1" 200 53475
2026-02-26 12:52:51,045 FuncName:log_message LINE:161 [INFO]- "GET /static/css/fonts/fontawesome-webfont.woff2?v=4.5.0 HTTP/1.1" 200 66624
2026-02-26 12:52:51,053 FuncName:log_message LINE:161 [INFO]- "GET /static/debug_toolbar/js/utils.js HTTP/1.1" 200 3531
2026-02-26 12:52:52,763 FuncName:log_message LINE:161 [INFO]- "GET /static/images/icon1.ico HTTP/1.1" 200 21229
2026-02-26 12:58:18,519 FuncName:log_message LINE:161 [INFO]- "GET / HTTP/1.1" 200 381142
2026-02-26 12:58:18,541 FuncName:log_message LINE:161 [INFO]- "GET /static/css/style.css HTTP/1.1" 200 26321
2026-02-26 12:58:40,475 FuncName:log_message LINE:161 [INFO]- "GET / HTTP/1.1" 200 381142
2026-02-26 12:58:40,501 FuncName:log_message LINE:161 [INFO]- "GET /static/css/style.css HTTP/1.1" 200 26311
2026-02-26 13:01:04,723 FuncName:log_message LINE:161 [INFO]- "GET / HTTP/1.1" 200 356508
2026-02-26 13:01:04,744 FuncName:log_message LINE:161 [INFO]- "GET /static/css/style.css HTTP/1.1" 200 26122
2026-02-26 13:01:27,936 FuncName:log_message LINE:161 [INFO]- "GET / HTTP/1.1" 200 356505
2026-02-26 13:01:27,956 FuncName:log_message LINE:161 [INFO]- "GET /static/css/style.css HTTP/1.1" 200 26075
2026-02-26 13:02:03,530 FuncName:log_message LINE:161 [INFO]- "GET / HTTP/1.1" 200 356504
2026-02-26 13:02:03,549 FuncName:log_message LINE:161 [INFO]- "GET /static/css/style.css HTTP/1.1" 200 26075
2026-02-26 13:03:02,456 FuncName:log_message LINE:161 [INFO]- "GET / HTTP/1.1" 200 356504
2026-02-26 13:03:02,478 FuncName:log_message LINE:161 [INFO]- "GET /static/css/style.css HTTP/1.1" 200 26017
2026-02-26 13:06:01,787 FuncName:log_message LINE:161 [INFO]- "GET / HTTP/1.1" 200 356505
2026-02-26 13:06:01,806 FuncName:log_message LINE:161 [INFO]- "GET /static/css/style.css HTTP/1.1" 200 25987
2026-02-26 13:06:34,438 FuncName:log_message LINE:161 [INFO]- "GET / HTTP/1.1" 200 356504
2026-02-26 13:06:34,461 FuncName:log_message LINE:161 [INFO]- "GET /static/css/style.css HTTP/1.1" 200 25998
2026-02-26 13:06:41,256 FuncName:log_message LINE:161 [INFO]- "GET / HTTP/1.1" 200 356504
2026-02-26 13:06:41,273 FuncName:log_message LINE:161 [INFO]- "GET /static/css/style.css HTTP/1.1" 200 26017
2026-02-26 13:06:58,356 FuncName:log_message LINE:161 [INFO]- "GET / HTTP/1.1" 200 356504
2026-02-26 13:06:58,378 FuncName:log_message LINE:161 [INFO]- "GET /static/css/style.css HTTP/1.1" 200 25987
2026-02-26 13:07:35,986 FuncName:log_message LINE:161 [INFO]- "GET / HTTP/1.1" 200 356504
2026-02-26 13:07:36,007 FuncName:log_message LINE:161 [INFO]- "GET /static/css/style.css HTTP/1.1" 200 25991
2026-02-26 13:07:39,161 FuncName:log_message LINE:161 [INFO]- "GET / HTTP/1.1" 200 356504
2026-02-26 13:07:39,176 FuncName:log_message LINE:161 [INFO]- "GET /static/css/style.css HTTP/1.1" 304 0
2026-02-26 13:08:01,932 FuncName:log_message LINE:161 [INFO]- "GET / HTTP/1.1" 200 356505
2026-02-26 13:08:01,950 FuncName:log_message LINE:161 [INFO]- "GET /static/css/style.css HTTP/1.1" 200 26015
2026-02-26 13:10:04,139 FuncName:log_message LINE:161 [INFO]- "GET / HTTP/1.1" 200 356504
2026-02-26 13:10:04,161 FuncName:log_message LINE:161 [INFO]- "GET /static/css/style.css HTTP/1.1" 200 25971
2026-02-26 13:10:17,614 FuncName:log_message LINE:161 [INFO]- "GET /search.html?type=all&s=%E9%9C%B8%E7%8E%8B%E5%88%AB%E5%A7%AC HTTP/1.1" 200 167902
2026-02-26 13:10:17,635 FuncName:log_message LINE:161 [INFO]- "GET /static/css/style.css HTTP/1.1" 304 0
2026-02-26 13:10:17,639 FuncName:log_message LINE:161 [INFO]- "GET /static/js/search.js HTTP/1.1" 304 0
2026-02-26 13:15:58,673 FuncName:log_message LINE:161 [INFO]- "GET / HTTP/1.1" 200 407566
2026-02-26 13:15:58,693 FuncName:log_message LINE:161 [INFO]- "GET /static/css/style.css HTTP/1.1" 200 25996
2026-02-26 13:16:04,009 FuncName:log_message LINE:161 [INFO]- "GET / HTTP/1.1" 200 407562
2026-02-26 13:16:04,032 FuncName:log_message LINE:161 [INFO]- "GET /static/css/style.css HTTP/1.1" 304 0
2026-02-26 13:16:25,364 FuncName:log_message LINE:161 [INFO]- "GET /static/css/style.css HTTP/1.1" 304 0
2026-02-26 13:16:25,399 FuncName:log_message LINE:161 [WARNING]- "GET /.well-known/appspecific/com.chrome.devtools.json HTTP/1.1" 404 9898
2026-02-26 13:16:41,095 FuncName:log_message LINE:161 [INFO]- "GET /search.html?type=tag&s=%E6%82%AC%E7%96%91 HTTP/1.1" 200 331588
2026-02-26 13:16:41,123 FuncName:log_message LINE:161 [INFO]- "GET /static/css/style.css HTTP/1.1" 304 0
2026-02-26 13:16:41,145 FuncName:log_message LINE:161 [WARNING]- "GET /.well-known/appspecific/com.chrome.devtools.json HTTP/1.1" 404 9898
2026-02-26 13:16:46,709 FuncName:log_message LINE:161 [WARNING]- "GET /.well-known/appspecific/com.chrome.devtools.json HTTP/1.1" 404 9898
2026-02-26 13:16:46,751 FuncName:log_message LINE:161 [WARNING]- "GET /.well-known/appspecific/com.chrome.devtools.json HTTP/1.1" 404 9898
2026-02-26 13:18:56,496 FuncName:log_message LINE:161 [INFO]- "GET / HTTP/1.1" 200 407562
2026-02-26 13:18:56,516 FuncName:log_message LINE:161 [INFO]- "GET /static/css/style.css HTTP/1.1" 200 26000
2026-02-26 13:20:23,319 FuncName:log_message LINE:161 [INFO]- "GET / HTTP/1.1" 200 407562
2026-02-26 13:20:23,337 FuncName:log_message LINE:161 [INFO]- "GET /static/css/style.css HTTP/1.1" 200 26000
2026-02-26 13:20:34,146 FuncName:log_message LINE:161 [INFO]- "GET / HTTP/1.1" 200 407562
2026-02-26 13:20:34,163 FuncName:log_message LINE:161 [INFO]- "GET /static/css/style.css HTTP/1.1" 200 26002
2026-02-26 13:20:42,231 FuncName:log_message LINE:161 [INFO]- "GET / HTTP/1.1" 200 407562
2026-02-26 13:20:42,248 FuncName:log_message LINE:161 [INFO]- "GET /static/css/style.css HTTP/1.1" 200 26000
2026-02-26 13:23:06,540 FuncName:log_message LINE:161 [INFO]- "GET / HTTP/1.1" 200 407562
2026-02-26 13:23:06,563 FuncName:log_message LINE:161 [INFO]- "GET /static/css/style.css HTTP/1.1" 200 26003
2026-02-26 13:23:19,216 FuncName:log_message LINE:161 [INFO]- "GET / HTTP/1.1" 200 407563
2026-02-26 13:23:19,238 FuncName:log_message LINE:161 [INFO]- "GET /static/css/style.css HTTP/1.1" 200 26003
2026-02-26 13:23:30,782 FuncName:log_message LINE:161 [INFO]- "GET / HTTP/1.1" 200 407562
2026-02-26 13:23:30,798 FuncName:log_message LINE:161 [INFO]- "GET /static/css/style.css HTTP/1.1" 200 26000
2026-02-26 13:23:37,032 FuncName:log_message LINE:161 [INFO]- "GET / HTTP/1.1" 200 407563
2026-02-26 13:23:37,047 FuncName:log_message LINE:161 [INFO]- "GET /static/css/style.css HTTP/1.1" 200 26003
2026-02-26 13:23:40,015 FuncName:log_message LINE:161 [INFO]- "GET / HTTP/1.1" 200 407562
2026-02-26 13:23:40,030 FuncName:log_message LINE:161 [INFO]- "GET /static/css/style.css HTTP/1.1" 304 0
2026-02-26 13:23:52,466 FuncName:log_message LINE:161 [INFO]- "GET / HTTP/1.1" 200 407562
2026-02-26 13:23:52,487 FuncName:log_message LINE:161 [INFO]- "GET /static/css/style.css HTTP/1.1" 200 26000
2026-02-26 13:23:59,777 FuncName:log_message LINE:161 [INFO]- "GET / HTTP/1.1" 200 407562
2026-02-26 13:23:59,794 FuncName:log_message LINE:161 [INFO]- "GET /static/css/style.css HTTP/1.1" 200 26000
2026-02-26 13:24:08,999 FuncName:log_message LINE:161 [INFO]- "GET / HTTP/1.1" 200 407563
2026-02-26 13:24:09,020 FuncName:log_message LINE:161 [INFO]- "GET /static/css/style.css HTTP/1.1" 200 26000
2026-02-26 13:24:12,405 FuncName:log_message LINE:161 [INFO]- "GET /search.html?type=tag&s=%E4%BC%A0%E8%AE%B0 HTTP/1.1" 200 322207
2026-02-26 13:24:12,427 FuncName:log_message LINE:161 [INFO]- "GET /static/css/style.css HTTP/1.1" 304 0
2026-02-26 13:24:22,849 FuncName:log_message LINE:161 [INFO]- "GET / HTTP/1.1" 200 407563
2026-02-26 13:24:22,866 FuncName:log_message LINE:161 [INFO]- "GET /static/css/style.css HTTP/1.1" 200 26000
2026-02-26 13:25:46,366 FuncName:log_message LINE:161 [INFO]- "GET / HTTP/1.1" 200 407563
2026-02-26 13:25:46,390 FuncName:log_message LINE:161 [INFO]- "GET /static/css/style.css HTTP/1.1" 200 26028
2026-02-26 13:25:48,492 FuncName:log_message LINE:161 [INFO]- "GET / HTTP/1.1" 200 407563
2026-02-26 13:25:48,513 FuncName:log_message LINE:161 [INFO]- "GET /static/css/style.css HTTP/1.1" 304 0
2026-02-26 13:27:06,014 FuncName:log_message LINE:161 [INFO]- "GET / HTTP/1.1" 200 390638
2026-02-26 13:27:06,033 FuncName:log_message LINE:161 [INFO]- "GET /static/css/style.css HTTP/1.1" 200 25989
2026-02-26 13:27:29,911 FuncName:log_message LINE:161 [INFO]- "GET / HTTP/1.1" 200 390635
2026-02-26 13:27:29,932 FuncName:log_message LINE:161 [INFO]- "GET /static/css/style.css HTTP/1.1" 200 25989
2026-02-26 13:27:43,933 FuncName:log_message LINE:161 [INFO]- "GET / HTTP/1.1" 200 390634
2026-02-26 13:27:43,948 FuncName:log_message LINE:161 [INFO]- "GET /static/css/style.css HTTP/1.1" 200 25989
2026-02-26 13:27:55,947 FuncName:log_message LINE:161 [INFO]- "GET / HTTP/1.1" 200 390635
2026-02-26 13:27:55,965 FuncName:log_message LINE:161 [INFO]- "GET /static/css/style.css HTTP/1.1" 200 25991
2026-02-26 13:28:09,628 FuncName:log_message LINE:161 [INFO]- "GET / HTTP/1.1" 200 390634
2026-02-26 13:28:09,648 FuncName:log_message LINE:161 [INFO]- "GET /static/css/style.css HTTP/1.1" 200 25994
2026-02-26 13:28:16,217 FuncName:log_message LINE:161 [INFO]- "GET / HTTP/1.1" 200 390634
2026-02-26 13:28:16,235 FuncName:log_message LINE:161 [INFO]- "GET /static/css/style.css HTTP/1.1" 200 25994
2026-02-26 13:28:27,576 FuncName:log_message LINE:161 [INFO]- "GET / HTTP/1.1" 200 390634
2026-02-26 13:28:27,592 FuncName:log_message LINE:161 [INFO]- "GET /static/css/style.css HTTP/1.1" 200 25991
2026-02-26 13:28:37,168 FuncName:log_message LINE:161 [INFO]- "GET / HTTP/1.1" 200 390634
2026-02-26 13:28:37,184 FuncName:log_message LINE:161 [INFO]- "GET /static/css/style.css HTTP/1.1" 200 25989
2026-02-26 13:28:46,152 FuncName:log_message LINE:161 [INFO]- "GET /search.html?type=tag&s=%E4%BC%A0%E8%AE%B0 HTTP/1.1" 200 313741
2026-02-26 13:28:46,168 FuncName:log_message LINE:161 [INFO]- "GET /static/css/style.css HTTP/1.1" 200 25989
2026-02-26 13:28:47,817 FuncName:log_message LINE:161 [INFO]- "GET / HTTP/1.1" 200 390635
2026-02-26 13:28:47,834 FuncName:log_message LINE:161 [INFO]- "GET /static/css/style.css HTTP/1.1" 304 0
2026-02-26 13:28:51,040 FuncName:log_message LINE:161 [INFO]- "GET / HTTP/1.1" 200 390634
2026-02-26 13:28:51,060 FuncName:log_message LINE:161 [INFO]- "GET /static/css/style.css HTTP/1.1" 304 0
2026-02-26 13:28:56,065 FuncName:log_message LINE:161 [INFO]- "GET / HTTP/1.1" 200 390634
2026-02-26 13:28:56,085 FuncName:log_message LINE:161 [INFO]- "GET /static/css/style.css HTTP/1.1" 200 25989
2026-02-26 13:29:02,051 FuncName:log_message LINE:161 [INFO]- "GET / HTTP/1.1" 200 390634
2026-02-26 13:29:02,065 FuncName:log_message LINE:161 [INFO]- "GET /static/css/style.css HTTP/1.1" 200 25989
2026-02-26 13:29:51,835 FuncName:log_message LINE:161 [INFO]- "GET / HTTP/1.1" 200 390634
2026-02-26 13:29:51,854 FuncName:log_message LINE:161 [INFO]- "GET /static/css/style.css HTTP/1.1" 200 26170
2026-02-26 13:29:58,291 FuncName:log_message LINE:161 [INFO]- "GET / HTTP/1.1" 200 390634
2026-02-26 13:29:58,305 FuncName:log_message LINE:161 [INFO]- "GET /static/css/style.css HTTP/1.1" 200 26166
2026-02-26 13:30:08,229 FuncName:log_message LINE:161 [INFO]- "GET / HTTP/1.1" 200 390634
2026-02-26 13:30:08,244 FuncName:log_message LINE:161 [INFO]- "GET /static/css/style.css HTTP/1.1" 200 26167
2026-02-26 13:30:13,963 FuncName:log_message LINE:161 [INFO]- "GET / HTTP/1.1" 200 390634
2026-02-26 13:30:13,979 FuncName:log_message LINE:161 [INFO]- "GET /static/css/style.css HTTP/1.1" 200 26167
2026-02-26 13:30:19,606 FuncName:log_message LINE:161 [INFO]- "GET / HTTP/1.1" 200 390634
2026-02-26 13:30:19,622 FuncName:log_message LINE:161 [INFO]- "GET /static/css/style.css HTTP/1.1" 200 26166
2026-02-26 13:30:30,313 FuncName:log_message LINE:161 [INFO]- "GET / HTTP/1.1" 200 390634
2026-02-26 13:30:30,328 FuncName:log_message LINE:161 [INFO]- "GET /static/css/style.css HTTP/1.1" 200 26173
2026-02-26 13:30:36,606 FuncName:log_message LINE:161 [INFO]- "GET / HTTP/1.1" 200 390634
2026-02-26 13:30:36,622 FuncName:log_message LINE:161 [INFO]- "GET /static/css/style.css HTTP/1.1" 200 26166
2026-02-26 13:36:10,368 FuncName:log_message LINE:161 [INFO]- "GET / HTTP/1.1" 200 390634
2026-02-26 13:36:10,385 FuncName:log_message LINE:161 [INFO]- "GET /static/css/style.css HTTP/1.1" 200 26169
2026-02-26 13:36:12,257 FuncName:log_message LINE:161 [INFO]- "GET / HTTP/1.1" 200 390634
2026-02-26 13:36:12,274 FuncName:log_message LINE:161 [INFO]- "GET /static/css/style.css HTTP/1.1" 304 0
2026-02-26 13:36:53,135 FuncName:log_message LINE:161 [INFO]- "GET / HTTP/1.1" 200 390634
2026-02-26 13:36:53,155 FuncName:log_message LINE:161 [INFO]- "GET /static/css/style.css HTTP/1.1" 200 26191
2026-02-26 13:36:56,453 FuncName:log_message LINE:161 [INFO]- "GET / HTTP/1.1" 200 390634
2026-02-26 13:36:56,473 FuncName:log_message LINE:161 [INFO]- "GET /static/css/style.css HTTP/1.1" 304 0
2026-02-26 13:37:17,242 FuncName:log_message LINE:161 [INFO]- "GET / HTTP/1.1" 200 375670
2026-02-26 13:37:17,269 FuncName:log_message LINE:161 [INFO]- "GET /static/css/style.css HTTP/1.1" 200 26188
2026-02-26 13:37:21,905 FuncName:log_message LINE:161 [INFO]- "GET / HTTP/1.1" 200 375667
2026-02-26 13:37:21,922 FuncName:log_message LINE:161 [INFO]- "GET /static/css/style.css HTTP/1.1" 304 0
2026-02-26 13:37:42,564 FuncName:log_message LINE:161 [INFO]- "GET / HTTP/1.1" 200 375666
2026-02-26 13:37:42,583 FuncName:log_message LINE:161 [INFO]- "GET /static/css/style.css HTTP/1.1" 200 26192
2026-02-26 13:37:48,408 FuncName:log_message LINE:161 [INFO]- "GET / HTTP/1.1" 200 375666
2026-02-26 13:37:48,424 FuncName:log_message LINE:161 [INFO]- "GET /static/css/style.css HTTP/1.1" 200 26192
2026-02-26 13:37:56,558 FuncName:log_message LINE:161 [INFO]- "GET / HTTP/1.1" 200 375666
2026-02-26 13:37:56,576 FuncName:log_message LINE:161 [INFO]- "GET /static/css/style.css HTTP/1.1" 200 26192
2026-02-26 13:38:03,226 FuncName:log_message LINE:161 [INFO]- "GET / HTTP/1.1" 200 375666
2026-02-26 13:38:03,245 FuncName:log_message LINE:161 [INFO]- "GET /static/css/style.css HTTP/1.1" 200 26192
