2026-05-19 11:52:04,061 FuncName:run_with_reloader LINE:637 [INFO]- Watching for file changes with StatReloader
2026-05-19 11:52:16,995 FuncName:log_message LINE:161 [INFO]- "GET / HTTP/1.1" 200 365598
2026-05-19 11:52:17,021 FuncName:log_message LINE:161 [INFO]- "GET /static/css/bootstrap.css HTTP/1.1" 200 104190
2026-05-19 11:52:17,023 FuncName:log_message LINE:161 [INFO]- "GET /static/css/smohan.face.css HTTP/1.1" 200 2786
2026-05-19 11:52:17,025 FuncName:log_message LINE:161 [INFO]- "GET /static/css/default.css HTTP/1.1" 200 25501
2026-05-19 11:52:17,026 FuncName:log_message LINE:161 [INFO]- "GET /static/css/style.css HTTP/1.1" 200 26192
2026-05-19 11:52:17,027 FuncName:log_message LINE:161 [INFO]- "GET /static/js/jquery.base64.min.js HTTP/1.1" 200 1782
2026-05-19 11:52:17,027 FuncName:log_message LINE:161 [INFO]- "GET /static/js/jquery.min.js HTTP/1.1" 200 88152
2026-05-19 11:52:17,029 FuncName:log_message LINE:161 [INFO]- "GET /static/js/js.js HTTP/1.1" 200 12325
2026-05-19 11:52:17,029 FuncName:log_message LINE:161 [INFO]- "GET /static/js/jquery.cookie.js HTTP/1.1" 200 3121
2026-05-19 11:52:17,031 FuncName:log_message LINE:161 [INFO]- "GET /static/debug_toolbar/js/toolbar.js HTTP/1.1" 200 11275
2026-05-19 11:52:17,037 FuncName:log_message LINE:161 [INFO]- "GET /static/images/focus/WS_vxZj6Yh.jpg HTTP/1.1" 200 234580
2026-05-19 11:52:17,037 FuncName:log_message LINE:161 [INFO]- "GET /static/css/semantic.min.css HTTP/1.1" 200 1353496
2026-05-19 11:52:17,042 FuncName:log_message LINE:161 [INFO]- "GET /static/css/font-awesome.min.css HTTP/1.1" 200 27448
2026-05-19 11:52:17,059 FuncName:log_message LINE:161 [INFO]- "GET /static/images/focus/%E6%A5%9A%E9%97%A8%E7%9A%84%E4%B8%96%E7%95%8C_kNtwRfO.png HTTP/1.1" 200 4505650
2026-05-19 11:52:17,076 FuncName:log_message LINE:161 [INFO]- "GET /static/images/focus/%E6%98%9F%E9%99%85%E7%A9%BF%E8%B6%8A_qsdIyy0.png HTTP/1.1" 200 5315035
2026-05-19 11:52:17,109 FuncName:log_message LINE:161 [INFO]- "GET /static/images/scrollup.png HTTP/1.1" 200 583
2026-05-19 11:52:17,109 FuncName:log_message LINE:161 [INFO]- "GET /static/js/footer.js HTTP/1.1" 200 1342
2026-05-19 11:52:17,115 FuncName:log_message LINE:161 [INFO]- "GET /static/debug_toolbar/css/toolbar.css HTTP/1.1" 200 11479
2026-05-19 11:52:17,182 FuncName:log_message LINE:161 [INFO]- "GET /static/images/log_ic01.png HTTP/1.1" 200 1158
2026-05-19 11:52:17,185 FuncName:log_message LINE:161 [INFO]- "GET /static/images/log_ic02.png HTTP/1.1" 200 1143
2026-05-19 11:52:17,322 FuncName:log_message LINE:161 [INFO]- "GET /static/images/icon1.ico?v=888 HTTP/1.1" 200 21229
2026-05-19 11:52:17,322 FuncName:log_message LINE:161 [INFO]- "GET /static/images/slider.png HTTP/1.1" 200 53475
2026-05-19 11:52:17,459 FuncName:log_message LINE:161 [INFO]- "GET /static/debug_toolbar/js/utils.js HTTP/1.1" 200 3531
2026-05-19 11:52:17,459 FuncName:log_message LINE:161 [INFO]- "GET /static/css/fonts/fontawesome-webfont.woff2?v=4.5.0 HTTP/1.1" 200 66624
2026-05-19 11:52:17,459 FuncName:log_message LINE:161 [INFO]- "GET /static/debug_toolbar/css/print.css HTTP/1.1" 200 43
2026-05-19 11:52:17,630 FuncName:log_message LINE:161 [INFO]- "GET /static/images/icon1.ico HTTP/1.1" 200 21229
2026-05-19 11:52:33,174 FuncName:log_message LINE:161 [INFO]- "GET / HTTP/1.1" 200 365594
2026-05-19 11:52:44,980 FuncName:log_message LINE:161 [INFO]- "GET / HTTP/1.1" 200 365595
2026-05-19 11:52:45,008 FuncName:log_message LINE:161 [INFO]- "GET /static/css/bootstrap.css HTTP/1.1" 200 104190
2026-05-19 11:52:45,016 FuncName:log_message LINE:161 [INFO]- "GET /static/css/smohan.face.css HTTP/1.1" 200 2786
2026-05-19 11:52:45,018 FuncName:log_message LINE:161 [INFO]- "GET /static/css/style.css HTTP/1.1" 200 26192
2026-05-19 11:52:45,018 FuncName:log_message LINE:161 [INFO]- "GET /static/js/jquery.base64.min.js HTTP/1.1" 200 1782
2026-05-19 11:52:45,019 FuncName:log_message LINE:161 [INFO]- "GET /static/css/default.css HTTP/1.1" 200 25501
2026-05-19 11:52:45,021 FuncName:log_message LINE:161 [INFO]- "GET /static/js/jquery.cookie.js HTTP/1.1" 200 3121
2026-05-19 11:52:45,023 FuncName:log_message LINE:161 [INFO]- "GET /static/js/js.js HTTP/1.1" 200 12325
2026-05-19 11:52:45,023 FuncName:log_message LINE:161 [INFO]- "GET /static/js/jquery.min.js HTTP/1.1" 200 88152
2026-05-19 11:52:45,025 FuncName:log_message LINE:161 [INFO]- "GET /static/debug_toolbar/js/toolbar.js HTTP/1.1" 200 11275
2026-05-19 11:52:45,028 FuncName:log_message LINE:161 [INFO]- "GET /static/css/font-awesome.min.css HTTP/1.1" 200 27448
2026-05-19 11:52:45,031 FuncName:log_message LINE:161 [INFO]- "GET /static/images/focus/WS_vxZj6Yh.jpg HTTP/1.1" 200 234580
2026-05-19 11:52:45,038 FuncName:log_message LINE:161 [INFO]- "GET /static/css/semantic.min.css HTTP/1.1" 200 1353496
2026-05-19 11:52:45,056 FuncName:log_message LINE:161 [INFO]- "GET /static/images/focus/%E6%A5%9A%E9%97%A8%E7%9A%84%E4%B8%96%E7%95%8C_kNtwRfO.png HTTP/1.1" 200 4505650
2026-05-19 11:52:45,068 FuncName:log_message LINE:161 [INFO]- "GET /static/images/scrollup.png HTTP/1.1" 200 583
2026-05-19 11:52:45,069 FuncName:log_message LINE:161 [INFO]- "GET /static/images/focus/%E6%98%9F%E9%99%85%E7%A9%BF%E8%B6%8A_qsdIyy0.png HTTP/1.1" 200 5315035
2026-05-19 11:52:45,072 FuncName:log_message LINE:161 [INFO]- "GET /static/js/footer.js HTTP/1.1" 200 1342
2026-05-19 11:52:45,072 FuncName:log_message LINE:161 [INFO]- "GET /static/debug_toolbar/css/toolbar.css HTTP/1.1" 200 11479
2026-05-19 11:52:45,226 FuncName:log_message LINE:161 [INFO]- "GET /static/images/log_ic01.png HTTP/1.1" 200 1158
2026-05-19 11:52:45,238 FuncName:log_message LINE:161 [INFO]- "GET /static/images/log_ic02.png HTTP/1.1" 200 1143
2026-05-19 11:52:45,258 FuncName:log_message LINE:161 [INFO]- "GET /static/debug_toolbar/css/print.css HTTP/1.1" 200 43
2026-05-19 11:52:45,267 FuncName:log_message LINE:161 [INFO]- "GET /static/images/icon1.ico?v=888 HTTP/1.1" 200 21229
2026-05-19 11:52:45,267 FuncName:log_message LINE:161 [INFO]- "GET /static/images/slider.png HTTP/1.1" 200 53475
2026-05-19 11:52:45,350 FuncName:log_message LINE:161 [INFO]- "GET /static/css/fonts/fontawesome-webfont.woff2?v=4.5.0 HTTP/1.1" 200 66624
2026-05-19 11:52:45,352 FuncName:log_message LINE:161 [INFO]- "GET /static/debug_toolbar/js/utils.js HTTP/1.1" 200 3531
2026-05-19 11:52:45,454 FuncName:log_message LINE:161 [INFO]- "GET /static/images/icon1.ico HTTP/1.1" 200 21229
2026-05-19 11:52:50,466 FuncName:log_message LINE:161 [INFO]- "GET / HTTP/1.1" 200 365594
2026-05-19 11:53:16,326 FuncName:log_message LINE:161 [INFO]- "POST /user/login HTTP/1.1" 200 102
2026-05-19 11:53:25,783 FuncName:log_message LINE:161 [INFO]- "POST /user/login HTTP/1.1" 200 102
2026-05-19 11:53:27,131 FuncName:log_message LINE:161 [INFO]- "GET /forgetPwd.html HTTP/1.1" 200 156314
2026-05-19 11:53:27,159 FuncName:log_message LINE:161 [INFO]- "GET /static/css/gloab.css HTTP/1.1" 200 11807
2026-05-19 11:53:27,160 FuncName:log_message LINE:161 [INFO]- "GET /static/css/register.css HTTP/1.1" 200 11907
2026-05-19 11:53:27,182 FuncName:log_message LINE:161 [INFO]- "GET /static/js/register.js HTTP/1.1" 200 29201
2026-05-19 11:53:27,383 FuncName:log_message LINE:161 [INFO]- "GET /api/captcha HTTP/1.1" 200 13053
2026-05-19 11:53:37,371 FuncName:log_message LINE:161 [INFO]- "POST /user/fget?step=1 HTTP/1.1" 200 78
2026-05-19 11:53:41,429 FuncName:log_message LINE:161 [INFO]- "POST /user/fget?step=1 HTTP/1.1" 200 114
2026-05-19 11:53:45,732 FuncName:log_message LINE:161 [INFO]- "POST /user/fget?step=1 HTTP/1.1" 200 114
2026-05-19 11:53:48,914 FuncName:log_message LINE:161 [INFO]- "GET /api/captcha?0.8833712540039493 HTTP/1.1" 200 12007
2026-05-19 11:53:53,738 FuncName:log_message LINE:161 [INFO]- "POST /user/fget?step=1 HTTP/1.1" 200 78
2026-05-19 11:55:44,377 FuncName:log_message LINE:161 [INFO]- "GET /forgetPwd.html HTTP/1.1" 200 156314
2026-05-19 11:55:44,492 FuncName:log_message LINE:161 [INFO]- "GET /api/captcha HTTP/1.1" 200 13427
2026-05-19 11:55:51,327 FuncName:log_message LINE:161 [INFO]- "POST /user/fget?step=1 HTTP/1.1" 200 122
2026-05-19 11:56:01,644 FuncName:log_message LINE:161 [INFO]- "POST /api/email_vail?type=2 HTTP/1.1" 200 72
2026-05-19 11:56:11,066 FuncName:log_message LINE:161 [INFO]- "POST /api/email_vail?type=2 HTTP/1.1" 200 72
2026-05-19 11:56:12,214 FuncName:log_message LINE:161 [INFO]- "POST /api/email_vail?type=2 HTTP/1.1" 200 72
2026-05-19 11:56:12,353 FuncName:log_message LINE:161 [INFO]- "POST /api/email_vail?type=2 HTTP/1.1" 200 72
2026-05-19 11:56:12,553 FuncName:log_message LINE:161 [INFO]- "POST /api/email_vail?type=2 HTTP/1.1" 200 72
2026-05-19 11:56:13,009 FuncName:log_message LINE:161 [INFO]- "POST /api/email_vail?type=2 HTTP/1.1" 200 72
2026-05-19 11:56:21,085 FuncName:log_message LINE:161 [INFO]- "POST /api/email_vail?type=2 HTTP/1.1" 200 148
2026-05-19 11:56:32,907 FuncName:log_message LINE:161 [INFO]- "GET /forgetPwd.html HTTP/1.1" 200 156330
2026-05-19 11:56:33,030 FuncName:log_message LINE:161 [INFO]- "GET /api/captcha HTTP/1.1" 200 13114
2026-05-19 11:56:38,965 FuncName:log_message LINE:161 [INFO]- "POST /user/fget?step=1 HTTP/1.1" 200 122
2026-05-19 11:56:49,010 FuncName:log_message LINE:161 [INFO]- "POST /api/email_vail?type=2 HTTP/1.1" 200 148
2026-05-19 11:56:53,289 FuncName:log_message LINE:161 [INFO]- "POST /user/fget?step=2 HTTP/1.1" 200 94
2026-05-19 11:56:53,295 FuncName:log_message LINE:161 [INFO]- "GET /static/images/showpwd.png HTTP/1.1" 200 3030
2026-05-19 11:57:04,937 FuncName:log_message LINE:161 [INFO]- "POST /user/fget?step=3 HTTP/1.1" 200 94
2026-05-19 11:57:08,260 FuncName:log_message LINE:161 [INFO]- "GET /index.html HTTP/1.1" 200 365594
2026-05-19 11:57:33,352 FuncName:log_message LINE:161 [INFO]- "POST /user/login HTTP/1.1" 200 138
2026-05-19 11:57:38,323 FuncName:handle_error LINE:75 [INFO]- - Broken pipe from ('127.0.0.1', 50759)

2026-05-19 11:57:38,417 FuncName:log_message LINE:161 [INFO]- "GET /index.html? HTTP/1.1" 200 465661
2026-05-19 11:57:38,430 FuncName:log_message LINE:161 [INFO]- "GET /static/images/user.jpg HTTP/1.1" 200 3730
2026-05-19 11:57:42,836 FuncName:log_message LINE:161 [INFO]- "GET /index.html? HTTP/1.1" 200 465658
2026-05-19 11:57:46,793 FuncName:log_message LINE:161 [INFO]- "GET /movie.html?id=30286713 HTTP/1.1" 200 260679
2026-05-19 11:57:46,811 FuncName:log_message LINE:161 [INFO]- "GET /static/js/movie.js?v=20240501 HTTP/1.1" 200 7267
2026-05-19 11:57:47,206 FuncName:log_message LINE:161 [INFO]- "GET /favicon.ico HTTP/1.1" 302 0
2026-05-19 11:57:47,212 FuncName:log_message LINE:161 [WARNING]- "GET /static/images/icon.ico HTTP/1.1" 404 1905
2026-05-19 11:58:02,614 FuncName:log_message LINE:161 [INFO]- "GET /userInfo.html HTTP/1.1" 200 250004
2026-05-19 11:58:02,839 FuncName:log_message LINE:161 [INFO]- "GET /api/districts?parent=86 HTTP/1.1" 200 2719
2026-05-19 11:58:05,939 FuncName:log_message LINE:161 [INFO]- "GET /modifyEmail.html HTTP/1.1" 200 240391
2026-05-19 11:58:06,072 FuncName:log_message LINE:161 [INFO]- "GET /api/captcha HTTP/1.1" 200 13120
2026-05-19 11:58:07,929 FuncName:log_message LINE:161 [INFO]- "GET /userComment.html HTTP/1.1" 200 237635
2026-05-19 11:58:08,034 FuncName:log_message LINE:161 [INFO]- "GET /user/user_img/3/ HTTP/1.1" 200 3730
2026-05-19 11:58:10,182 FuncName:log_message LINE:161 [INFO]- "GET /userInfo.html HTTP/1.1" 200 250004
2026-05-19 11:58:10,389 FuncName:log_message LINE:161 [INFO]- "GET /api/districts?parent=86 HTTP/1.1" 200 2719
2026-05-19 11:58:12,775 FuncName:log_message LINE:161 [INFO]- "GET / HTTP/1.1" 200 464855
2026-05-19 12:00:01,196 FuncName:run_with_reloader LINE:637 [INFO]- Watching for file changes with StatReloader
2026-05-19 12:00:06,520 FuncName:log_message LINE:161 [INFO]- "GET / HTTP/1.1" 200 365594
2026-05-19 12:00:06,577 FuncName:log_message LINE:161 [INFO]- "GET /static/css/smohan.face.css HTTP/1.1" 200 2786
2026-05-19 12:00:06,581 FuncName:log_message LINE:161 [INFO]- "GET /static/css/style.css HTTP/1.1" 200 26192
2026-05-19 12:00:06,583 FuncName:log_message LINE:161 [INFO]- "GET /static/css/bootstrap.css HTTP/1.1" 200 104190
2026-05-19 12:00:06,583 FuncName:log_message LINE:161 [INFO]- "GET /static/css/default.css HTTP/1.1" 200 25501
2026-05-19 12:00:06,586 FuncName:log_message LINE:161 [INFO]- "GET /static/js/jquery.base64.min.js HTTP/1.1" 200 1782
2026-05-19 12:00:06,589 FuncName:log_message LINE:161 [INFO]- "GET /static/js/jquery.min.js HTTP/1.1" 200 88152
2026-05-19 12:00:06,590 FuncName:log_message LINE:161 [INFO]- "GET /static/js/jquery.cookie.js HTTP/1.1" 200 3121
2026-05-19 12:00:06,590 FuncName:log_message LINE:161 [INFO]- "GET /static/js/js.js HTTP/1.1" 200 12325
2026-05-19 12:00:06,593 FuncName:log_message LINE:161 [INFO]- "GET /static/debug_toolbar/js/toolbar.js HTTP/1.1" 200 11275
2026-05-19 12:00:06,604 FuncName:log_message LINE:161 [INFO]- "GET /static/css/semantic.min.css HTTP/1.1" 200 1353496
2026-05-19 12:00:06,606 FuncName:log_message LINE:161 [INFO]- "GET /static/images/focus/WS_vxZj6Yh.jpg HTTP/1.1" 200 234580
2026-05-19 12:00:06,613 FuncName:log_message LINE:161 [INFO]- "GET /static/css/font-awesome.min.css HTTP/1.1" 200 27448
2026-05-19 12:00:06,623 FuncName:log_message LINE:161 [INFO]- "GET /static/images/focus/%E6%A5%9A%E9%97%A8%E7%9A%84%E4%B8%96%E7%95%8C_kNtwRfO.png HTTP/1.1" 200 4505650
2026-05-19 12:00:06,654 FuncName:log_message LINE:161 [INFO]- "GET /static/images/scrollup.png HTTP/1.1" 200 583
2026-05-19 12:00:06,672 FuncName:log_message LINE:161 [INFO]- "GET /static/js/footer.js HTTP/1.1" 200 1342
2026-05-19 12:00:06,678 FuncName:log_message LINE:161 [INFO]- "GET /static/images/focus/%E6%98%9F%E9%99%85%E7%A9%BF%E8%B6%8A_qsdIyy0.png HTTP/1.1" 200 5315035
2026-05-19 12:00:06,690 FuncName:log_message LINE:161 [INFO]- "GET /static/debug_toolbar/css/toolbar.css HTTP/1.1" 200 11479
2026-05-19 12:00:06,846 FuncName:log_message LINE:161 [INFO]- "GET /static/images/log_ic01.png HTTP/1.1" 200 1158
2026-05-19 12:00:06,850 FuncName:log_message LINE:161 [INFO]- "GET /static/images/log_ic02.png HTTP/1.1" 200 1143
2026-05-19 12:00:06,901 FuncName:log_message LINE:161 [INFO]- "GET /static/images/icon1.ico?v=888 HTTP/1.1" 200 21229
2026-05-19 12:00:06,902 FuncName:log_message LINE:161 [INFO]- "GET /static/images/slider.png HTTP/1.1" 200 53475
2026-05-19 12:00:07,035 FuncName:log_message LINE:161 [INFO]- "GET /static/css/fonts/fontawesome-webfont.woff2?v=4.5.0 HTTP/1.1" 200 66624
2026-05-19 12:00:07,056 FuncName:log_message LINE:161 [INFO]- "GET /static/css/fonts/outline-icons.woff2 HTTP/1.1" 200 13576
2026-05-19 12:00:07,057 FuncName:log_message LINE:161 [INFO]- "GET /static/debug_toolbar/css/print.css HTTP/1.1" 200 43
2026-05-19 12:00:07,059 FuncName:log_message LINE:161 [INFO]- "GET /static/debug_toolbar/js/utils.js HTTP/1.1" 200 3531
2026-05-19 12:00:07,212 FuncName:log_message LINE:161 [INFO]- "GET /static/images/icon1.ico HTTP/1.1" 200 21229
2026-05-19 12:16:49,939 FuncName:log_message LINE:161 [INFO]- "GET /search.html?type=tag&s=%E5%8A%A8%E7%94%BB HTTP/1.1" 200 391660
2026-05-19 12:16:49,966 FuncName:log_message LINE:161 [INFO]- "GET /static/js/search.js HTTP/1.1" 200 3364
2026-05-19 12:16:56,037 FuncName:log_message LINE:161 [INFO]- "GET / HTTP/1.1" 200 475133
2026-05-19 12:20:11,892 FuncName:log_message LINE:161 [INFO]- "GET /user/logout HTTP/1.1" 200 138
2026-05-19 12:20:14,440 FuncName:log_message LINE:161 [INFO]- "GET / HTTP/1.1" 200 367375
2026-05-19 12:20:26,895 FuncName:log_message LINE:161 [INFO]- "POST /user/login HTTP/1.1" 200 138
2026-05-19 12:20:29,844 FuncName:handle_error LINE:75 [INFO]- - Broken pipe from ('127.0.0.1', 58123)

2026-05-19 12:20:30,037 FuncName:log_message LINE:161 [INFO]- "GET /? HTTP/1.1" 200 475132
2026-05-19 12:24:46,269 FuncName:trigger_reload LINE:251 [INFO]- E:\PyCharm Community Edition 2023.1.2\BiSheServer-master\api\views.py changed, reloading.
2026-05-19 12:24:48,556 FuncName:run_with_reloader LINE:637 [INFO]- Watching for file changes with StatReloader
2026-05-19 12:50:05,652 FuncName:trigger_reload LINE:251 [INFO]- E:\PyCharm Community Edition 2023.1.2\BiSheServer-master\BiShe\views.py changed, reloading.
2026-05-19 12:50:07,458 FuncName:run_with_reloader LINE:637 [INFO]- Watching for file changes with StatReloader
2026-05-19 12:54:31,089 FuncName:trigger_reload LINE:251 [INFO]- E:\PyCharm Community Edition 2023.1.2\BiSheServer-master\api\views.py changed, reloading.
2026-05-19 12:54:32,992 FuncName:run_with_reloader LINE:637 [INFO]- Watching for file changes with StatReloader
2026-05-19 12:54:48,012 FuncName:trigger_reload LINE:251 [INFO]- E:\PyCharm Community Edition 2023.1.2\BiSheServer-master\BiShe\views.py changed, reloading.
2026-05-19 12:54:49,667 FuncName:run_with_reloader LINE:637 [INFO]- Watching for file changes with StatReloader
2026-05-19 12:56:22,410 FuncName:handle_error LINE:75 [INFO]- - Broken pipe from ('127.0.0.1', 63194)

2026-05-19 12:56:30,945 FuncName:log_message LINE:161 [INFO]- "GET / HTTP/1.1" 200 387073
2026-05-19 12:56:48,382 FuncName:run_with_reloader LINE:637 [INFO]- Watching for file changes with StatReloader
2026-05-19 12:57:04,521 FuncName:log_message LINE:161 [INFO]- "GET / HTTP/1.1" 200 387074
2026-05-19 12:57:14,029 FuncName:log_message LINE:161 [INFO]- "GET /recommend.html HTTP/1.1" 200 14067
2026-05-19 12:57:17,753 FuncName:log_message LINE:161 [INFO]- "GET /index.html HTTP/1.1" 200 387073
2026-05-19 12:59:09,372 FuncName:log_message LINE:161 [INFO]- "GET / HTTP/1.1" 200 387073
2026-05-19 13:13:27,101 FuncName:trigger_reload LINE:251 [INFO]- E:\PyCharm Community Edition 2023.1.2\BiSheServer-master\BiShe\views.py changed, reloading.
2026-05-19 13:13:29,484 FuncName:run_with_reloader LINE:637 [INFO]- Watching for file changes with StatReloader
2026-05-19 13:14:40,769 FuncName:handle_error LINE:75 [INFO]- - Broken pipe from ('127.0.0.1', 64603)

2026-05-19 13:38:17,074 FuncName:log_message LINE:161 [INFO]- "GET / HTTP/1.1" 200 406565
2026-05-19 13:38:43,698 FuncName:log_message LINE:161 [INFO]- "GET / HTTP/1.1" 200 406561
2026-05-19 13:39:19,620 FuncName:log_message LINE:161 [INFO]- "GET / HTTP/1.1" 200 406561
2026-05-19 13:39:52,566 FuncName:run_with_reloader LINE:637 [INFO]- Watching for file changes with StatReloader
2026-05-19 13:40:05,729 FuncName:log_message LINE:161 [INFO]- "GET / HTTP/1.1" 200 406562
2026-05-19 13:40:11,099 FuncName:log_message LINE:161 [INFO]- "GET /movie.html?id=30335059 HTTP/1.1" 200 227601
2026-05-19 13:48:55,049 FuncName:log_message LINE:161 [INFO]- "GET / HTTP/1.1" 200 395065
2026-05-19 13:48:55,075 FuncName:log_message LINE:161 [INFO]- "GET /static/css/smohan.face.css HTTP/1.1" 200 2786
2026-05-19 13:48:55,078 FuncName:log_message LINE:161 [INFO]- "GET /static/css/style.css HTTP/1.1" 200 27069
2026-05-19 13:48:55,079 FuncName:log_message LINE:161 [INFO]- "GET /static/css/default.css HTTP/1.1" 200 25501
2026-05-19 13:48:55,079 FuncName:log_message LINE:161 [INFO]- "GET /static/css/bootstrap.css HTTP/1.1" 200 104190
2026-05-19 13:48:55,080 FuncName:log_message LINE:161 [INFO]- "GET /static/js/jquery.base64.min.js HTTP/1.1" 200 1782
2026-05-19 13:48:55,082 FuncName:log_message LINE:161 [INFO]- "GET /static/js/jquery.min.js HTTP/1.1" 200 88152
2026-05-19 13:48:55,084 FuncName:log_message LINE:161 [INFO]- "GET /static/js/jquery.cookie.js HTTP/1.1" 200 3121
2026-05-19 13:48:55,086 FuncName:log_message LINE:161 [INFO]- "GET /static/js/js.js HTTP/1.1" 200 13492
2026-05-19 13:48:55,088 FuncName:log_message LINE:161 [INFO]- "GET /static/debug_toolbar/js/toolbar.js HTTP/1.1" 200 11275
2026-05-19 13:48:55,091 FuncName:log_message LINE:161 [INFO]- "GET /static/css/font-awesome.min.css HTTP/1.1" 200 27448
2026-05-19 13:48:55,101 FuncName:log_message LINE:161 [INFO]- "GET /static/images/focus/WS_vxZj6Yh.jpg HTTP/1.1" 200 234580
2026-05-19 13:48:55,115 FuncName:log_message LINE:161 [INFO]- "GET /static/css/semantic.min.css HTTP/1.1" 200 1353496
2026-05-19 13:48:55,164 FuncName:log_message LINE:161 [INFO]- "GET /static/images/focus/%E6%A5%9A%E9%97%A8%E7%9A%84%E4%B8%96%E7%95%8C_kNtwRfO.png HTTP/1.1" 200 4505650
2026-05-19 13:48:55,168 FuncName:log_message LINE:161 [INFO]- "GET /static/images/scrollup.png HTTP/1.1" 200 583
2026-05-19 13:48:55,174 FuncName:log_message LINE:161 [INFO]- "GET /static/js/footer.js HTTP/1.1" 200 1342
2026-05-19 13:48:55,180 FuncName:log_message LINE:161 [INFO]- "GET /static/debug_toolbar/css/toolbar.css HTTP/1.1" 200 11479
2026-05-19 13:48:55,181 FuncName:log_message LINE:161 [INFO]- "GET /static/images/focus/%E6%98%9F%E9%99%85%E7%A9%BF%E8%B6%8A_qsdIyy0.png HTTP/1.1" 200 5315035
2026-05-19 13:48:55,331 FuncName:log_message LINE:161 [INFO]- "GET /static/images/log_ic01.png HTTP/1.1" 200 1158
2026-05-19 13:48:55,331 FuncName:log_message LINE:161 [INFO]- "GET /static/images/log_ic02.png HTTP/1.1" 200 1143
2026-05-19 13:48:55,344 FuncName:log_message LINE:161 [INFO]- "GET /static/debug_toolbar/css/print.css HTTP/1.1" 200 43
2026-05-19 13:48:55,354 FuncName:log_message LINE:161 [INFO]- "GET /static/images/icon1.ico?v=888 HTTP/1.1" 200 21229
2026-05-19 13:48:55,354 FuncName:log_message LINE:161 [INFO]- "GET /static/images/slider.png HTTP/1.1" 200 53475
2026-05-19 13:48:55,355 FuncName:log_message LINE:161 [INFO]- "GET /static/css/fonts/fontawesome-webfont.woff2?v=4.5.0 HTTP/1.1" 200 66624
2026-05-19 13:48:55,578 FuncName:log_message LINE:161 [INFO]- "GET /api/img_proxy?url=https://img9.doubanio.com/view/photo/s_ratio_poster/public/p2503231084.jpg HTTP/1.1" 200 22531
2026-05-19 13:48:55,583 FuncName:log_message LINE:161 [INFO]- "GET /static/debug_toolbar/js/utils.js HTTP/1.1" 200 3531
2026-05-19 13:48:55,669 FuncName:log_message LINE:161 [INFO]- "GET /api/img_proxy?url=https://img1.doubanio.com/view/photo/s_ratio_poster/public/p2592093348.jpg HTTP/1.1" 200 19667
2026-05-19 13:48:55,680 FuncName:log_message LINE:161 [INFO]- "GET /api/img_proxy?url=https://img1.doubanio.com/view/photo/s_ratio_poster/public/p1962998531.jpg HTTP/1.1" 200 18028
2026-05-19 13:48:55,686 FuncName:log_message LINE:161 [INFO]- "GET /api/img_proxy?url=https://img1.doubanio.com/view/photo/s_ratio_poster/public/p2532084061.jpg HTTP/1.1" 200 10804
2026-05-19 13:48:55,702 FuncName:log_message LINE:161 [INFO]- "GET /api/img_proxy?url=https://img1.doubanio.com/view/photo/s_ratio_poster/public/p2537825587.jpg HTTP/1.1" 200 34867
2026-05-19 13:48:55,721 FuncName:log_message LINE:161 [INFO]- "GET /api/img_proxy?url=https://img1.doubanio.com/view/photo/s_ratio_poster/public/p2257995361.jpg HTTP/1.1" 200 14558
2026-05-19 13:48:55,902 FuncName:log_message LINE:161 [INFO]- "GET /api/img_proxy?url=https://img1.doubanio.com/view/photo/s_ratio_poster/public/p2567214398.jpg HTTP/1.1" 200 28441
2026-05-19 13:48:55,923 FuncName:log_message LINE:161 [INFO]- "GET /api/img_proxy?url=https://img1.doubanio.com/view/photo/s_ratio_poster/public/p511118051.jpg HTTP/1.1" 200 22631
2026-05-19 13:48:55,933 FuncName:log_message LINE:161 [INFO]- "GET /api/img_proxy?url=https://img1.doubanio.com/view/photo/s_ratio_poster/public/p465939041.jpg HTTP/1.1" 200 24000
2026-05-19 13:48:55,942 FuncName:log_message LINE:161 [INFO]- "GET /api/img_proxy?url=https://img1.doubanio.com/view/photo/s_ratio_poster/public/p2562562391.jpg HTTP/1.1" 200 26974
2026-05-19 13:48:55,949 FuncName:log_message LINE:161 [INFO]- "GET /api/img_proxy?url=https://img1.doubanio.com/view/photo/s_ratio_poster/public/p2570059839.jpg HTTP/1.1" 200 29532
2026-05-19 13:48:56,037 FuncName:log_message LINE:161 [INFO]- "GET /api/img_proxy?url=https://img9.doubanio.com/view/photo/s_ratio_poster/public/p2516955655.jpg HTTP/1.1" 200 18873
2026-05-19 13:48:56,080 FuncName:log_message LINE:161 [INFO]- "GET /api/img_proxy?url=https://img9.doubanio.com/view/photo/s_ratio_poster/public/p2561673444.jpg HTTP/1.1" 200 14991
2026-05-19 13:48:56,166 FuncName:log_message LINE:161 [INFO]- "GET /api/img_proxy?url=https://img1.doubanio.com/view/photo/s_ratio_poster/public/p2557404119.jpg HTTP/1.1" 200 33644
2026-05-19 13:48:56,178 FuncName:log_message LINE:161 [INFO]- "GET /api/img_proxy?url=https://img1.doubanio.com/view/photo/s_ratio_poster/public/p2497633150.jpg HTTP/1.1" 200 26699
2026-05-19 13:48:56,193 FuncName:log_message LINE:161 [INFO]- "GET /api/img_proxy?url=https://img1.doubanio.com/view/photo/s_ratio_poster/public/p792443418.jpg HTTP/1.1" 200 23520
2026-05-19 13:48:56,227 FuncName:log_message LINE:161 [INFO]- "GET /api/img_proxy?url=https://img9.doubanio.com/view/photo/s_ratio_poster/public/p2563752286.jpg HTTP/1.1" 200 24724
2026-05-19 13:48:56,303 FuncName:log_message LINE:161 [INFO]- "GET /api/img_proxy?url=https://img1.doubanio.com/view/photo/s_ratio_poster/public/p2560623083.jpg HTTP/1.1" 200 27233
2026-05-19 13:48:56,321 FuncName:log_message LINE:161 [INFO]- "GET /api/img_proxy?url=https://img9.doubanio.com/view/photo/s_ratio_poster/public/p2455050536.jpg HTTP/1.1" 200 22300
2026-05-19 13:48:56,385 FuncName:log_message LINE:161 [INFO]- "GET /api/img_proxy?url=https://img1.doubanio.com/view/photo/s_ratio_poster/public/p2562107493.jpg HTTP/1.1" 200 26171
2026-05-19 13:48:56,403 FuncName:log_message LINE:161 [INFO]- "GET /api/img_proxy?url=https://img9.doubanio.com/view/photo/s_ratio_poster/public/p2588363314.jpg HTTP/1.1" 200 39578
2026-05-19 13:48:56,408 FuncName:log_message LINE:161 [INFO]- "GET /static/images/icon1.ico HTTP/1.1" 200 21229
2026-05-19 13:48:56,462 FuncName:log_message LINE:161 [INFO]- "GET /api/img_proxy?url=https://img1.doubanio.com/view/photo/s_ratio_poster/public/p2581570053.jpg HTTP/1.1" 200 30445
2026-05-19 13:48:56,549 FuncName:log_message LINE:161 [INFO]- "GET /api/img_proxy?url=https://img9.doubanio.com/view/photo/s_ratio_poster/public/p2556695236.jpg HTTP/1.1" 200 25075
2026-05-19 13:48:56,625 FuncName:log_message LINE:161 [INFO]- "GET /api/img_proxy?url=https://img9.doubanio.com/view/photo/s_ratio_poster/public/p2574212754.jpg HTTP/1.1" 200 17603
2026-05-19 13:48:56,641 FuncName:log_message LINE:161 [INFO]- "GET /api/img_proxy?url=https://img1.doubanio.com/view/photo/s_ratio_poster/public/p2541035591.jpg HTTP/1.1" 200 25196
2026-05-19 13:48:56,643 FuncName:log_message LINE:161 [WARNING]- "GET /api/img_proxy?url=https://img1.doubanio.com/view/photo/s_ratio_poster/public/p2560738988.jpg HTTP/1.1" 404 0
2026-05-19 13:48:56,664 FuncName:log_message LINE:161 [INFO]- "GET /api/img_proxy?url=https://img1.doubanio.com/view/photo/s_ratio_poster/public/p2565920563.jpg HTTP/1.1" 200 32589
2026-05-19 13:48:56,767 FuncName:log_message LINE:161 [INFO]- "GET /api/img_proxy?url=https://img9.doubanio.com/view/photo/s_ratio_poster/public/p2397258764.jpg HTTP/1.1" 200 34927
2026-05-19 13:48:56,813 FuncName:log_message LINE:161 [INFO]- "GET /api/img_proxy?url=https://img9.doubanio.com/view/photo/s_ratio_poster/public/p2548872045.jpg HTTP/1.1" 200 17399
2026-05-19 13:48:56,897 FuncName:log_message LINE:161 [INFO]- "GET /api/img_proxy?url=https://img1.doubanio.com/view/photo/s_ratio_poster/public/p2551186897.jpg HTTP/1.1" 200 27732
2026-05-19 13:48:56,902 FuncName:log_message LINE:161 [INFO]- "GET /api/img_proxy?url=https://img1.doubanio.com/view/photo/s_ratio_poster/public/p2588123907.jpg HTTP/1.1" 200 22836
2026-05-19 13:48:56,904 FuncName:log_message LINE:161 [INFO]- "GET /api/img_proxy?url=https://img1.doubanio.com/view/photo/s_ratio_poster/public/p2549159523.jpg HTTP/1.1" 200 13592
2026-05-19 13:48:56,908 FuncName:log_message LINE:161 [WARNING]- "GET /api/img_proxy?url=https://img1.doubanio.com/view/photo/s_ratio_poster/public/p2561716440.jpg HTTP/1.1" 404 0
2026-05-19 13:48:57,042 FuncName:log_message LINE:161 [INFO]- "GET /api/img_proxy?url=https://img1.doubanio.com/view/photo/s_ratio_poster/public/p1505392928.jpg HTTP/1.1" 200 28428
2026-05-19 13:48:57,064 FuncName:log_message LINE:161 [INFO]- "GET /api/img_proxy?url=https://img1.doubanio.com/view/photo/s_ratio_poster/public/p2289885277.jpg HTTP/1.1" 200 15191
2026-05-19 13:52:29,365 FuncName:log_message LINE:161 [INFO]- "GET /movie.html?id=1291546 HTTP/1.1" 200 209309
2026-05-19 13:52:29,383 FuncName:log_message LINE:161 [INFO]- "GET /static/js/js.js HTTP/1.1" 304 0
2026-05-19 13:52:29,856 FuncName:log_message LINE:161 [INFO]- "GET /api/img_proxy?url=https://img1.doubanio.com/view/photo/s_ratio_poster/public/p2527725378.jpg HTTP/1.1" 200 22990
2026-05-19 13:52:29,868 FuncName:log_message LINE:161 [WARNING]- "GET /api/img_proxy?url=https://img1.doubanio.com/view/photo/s_ratio_poster/public/p2560738988.jpg HTTP/1.1" 404 0
2026-05-19 13:52:29,898 FuncName:log_message LINE:161 [INFO]- "GET /api/img_proxy?url=https://img1.doubanio.com/view/photo/s_ratio_poster/public/p2527744011.jpg HTTP/1.1" 200 17622
2026-05-19 13:52:29,944 FuncName:log_message LINE:161 [INFO]- "GET /api/img_proxy?url=https://img1.doubanio.com/view/photo/s_ratio_poster/public/p1810989198.jpg HTTP/1.1" 200 27984
2026-05-19 13:52:30,055 FuncName:log_message LINE:161 [INFO]- "GET /api/img_proxy?url=https://img9.doubanio.com/view/photo/s_ratio_poster/public/p2192306736.jpg HTTP/1.1" 200 21054
2026-05-19 13:52:30,150 FuncName:log_message LINE:161 [INFO]- "GET /api/img_proxy?url=https://img1.doubanio.com/view/photo/s_ratio_poster/public/p2502840643.jpg HTTP/1.1" 200 27964
2026-05-19 13:52:40,980 FuncName:log_message LINE:161 [INFO]- "GET /recommend.html HTTP/1.1" 200 14067
2026-05-19 13:52:41,001 FuncName:log_message LINE:161 [INFO]- "GET /static/js/js.js HTTP/1.1" 304 0
2026-05-19 14:49:33,231 FuncName:log_message LINE:161 [INFO]- "GET / HTTP/1.1" 200 378308
2026-05-19 14:49:33,298 FuncName:log_message LINE:161 [INFO]- "GET /static/css/style.css HTTP/1.1" 304 0
2026-05-19 14:49:33,298 FuncName:log_message LINE:161 [INFO]- "GET /static/js/js.js HTTP/1.1" 304 0
2026-05-19 14:49:33,514 FuncName:log_message LINE:161 [INFO]- "GET /api/img_proxy?url=https://img9.doubanio.com/view/photo/s_ratio_poster/public/p2565837646.jpg HTTP/1.1" 200 25425
2026-05-19 14:49:33,549 FuncName:log_message LINE:161 [INFO]- "GET /api/img_proxy?url=https://img9.doubanio.com/view/photo/s_ratio_poster/public/p2592668446.jpg HTTP/1.1" 200 39024
2026-05-19 14:49:33,553 FuncName:log_message LINE:161 [INFO]- "GET /api/img_proxy?url=https://img9.doubanio.com/view/photo/s_ratio_poster/public/p2516773515.jpg HTTP/1.1" 200 16122
2026-05-19 14:49:33,582 FuncName:log_message LINE:161 [WARNING]- "GET /api/img_proxy?url=https://img9.doubanio.com/view/photo/s_ratio_poster/public/p2579157034.jpg HTTP/1.1" 404 0
2026-05-19 14:49:33,672 FuncName:log_message LINE:161 [INFO]- "GET /api/img_proxy?url=https://img9.doubanio.com/view/photo/s_ratio_poster/public/p2554612474.jpg HTTP/1.1" 200 39946
2026-05-19 14:49:33,700 FuncName:log_message LINE:161 [INFO]- "GET /api/img_proxy?url=https://img1.doubanio.com/view/photo/s_ratio_poster/public/p2561674550.jpg HTTP/1.1" 200 22857
2026-05-19 14:49:33,736 FuncName:log_message LINE:161 [INFO]- "GET /api/img_proxy?url=https://img9.doubanio.com/view/photo/s_ratio_poster/public/p2520013084.jpg HTTP/1.1" 200 21747
2026-05-19 14:49:33,773 FuncName:log_message LINE:161 [INFO]- "GET /api/img_proxy?url=https://img1.doubanio.com/view/photo/s_ratio_poster/public/p2583030912.jpg HTTP/1.1" 200 20412
2026-05-19 14:49:33,790 FuncName:log_message LINE:161 [INFO]- "GET /api/img_proxy?url=https://img1.doubanio.com/view/photo/s_ratio_poster/public/p2523139700.jpg HTTP/1.1" 200 28560
2026-05-19 14:49:33,798 FuncName:log_message LINE:161 [INFO]- "GET /api/img_proxy?url=https://img9.doubanio.com/view/photo/s_ratio_poster/public/p2562935526.jpg HTTP/1.1" 200 26833
2026-05-19 14:49:33,837 FuncName:log_message LINE:161 [WARNING]- "GET /api/img_proxy?url=https://img1.doubanio.com/view/photo/s_ratio_poster/public/p2518381823.jpg HTTP/1.1" 404 0
2026-05-19 14:49:33,879 FuncName:log_message LINE:161 [INFO]- "GET /api/img_proxy?url=https://img9.doubanio.com/view/photo/s_ratio_poster/public/p2574029074.jpg HTTP/1.1" 200 29526
2026-05-19 14:49:33,904 FuncName:log_message LINE:161 [INFO]- "GET /api/img_proxy?url=https://img1.doubanio.com/view/photo/s_ratio_poster/public/p2382828101.jpg HTTP/1.1" 200 10332
2026-05-19 14:49:33,961 FuncName:log_message LINE:161 [INFO]- "GET /api/img_proxy?url=https://img1.doubanio.com/view/photo/s_ratio_poster/public/p2558003207.jpg HTTP/1.1" 200 9320
2026-05-19 14:49:33,988 FuncName:log_message LINE:161 [INFO]- "GET /api/img_proxy?url=https://img9.doubanio.com/view/photo/s_ratio_poster/public/p2551320385.jpg HTTP/1.1" 200 26866
2026-05-19 14:49:34,081 FuncName:log_message LINE:161 [INFO]- "GET /api/img_proxy?url=https://img9.doubanio.com/view/photo/s_ratio_poster/public/p2545480685.jpg HTTP/1.1" 200 14628
2026-05-19 14:49:34,160 FuncName:log_message LINE:161 [INFO]- "GET /api/img_proxy?url=https://img1.doubanio.com/view/photo/s_ratio_poster/public/p2563008383.jpg HTTP/1.1" 200 15512
2026-05-19 14:49:34,189 FuncName:log_message LINE:161 [INFO]- "GET /api/img_proxy?url=https://img9.doubanio.com/view/photo/s_ratio_poster/public/p2249252064.jpg HTTP/1.1" 200 32378
2026-05-19 14:49:34,355 FuncName:log_message LINE:161 [WARNING]- "GET /api/img_proxy?url=https://img1.doubanio.com/view/photo/s_ratio_poster/public/p2561716440.jpg HTTP/1.1" 404 0
2026-05-19 14:49:34,582 FuncName:log_message LINE:161 [INFO]- "GET /api/img_proxy?url=https://img1.doubanio.com/view/photo/s_ratio_poster/public/p2569121802.jpg HTTP/1.1" 200 19300
2026-05-19 14:49:34,604 FuncName:log_message LINE:161 [WARNING]- "GET /api/img_proxy?url=https://img1.doubanio.com/view/photo/s_ratio_poster/public/p2579932167.jpg HTTP/1.1" 404 0
2026-05-19 14:50:32,630 FuncName:log_message LINE:161 [INFO]- "GET /admin HTTP/1.1" 301 0
2026-05-19 14:50:32,656 FuncName:log_message LINE:161 [INFO]- "GET /admin/ HTTP/1.1" 302 0
2026-05-19 14:50:32,676 FuncName:log_message LINE:161 [INFO]- "GET /admin/login/?next=/admin/ HTTP/1.1" 200 9126
2026-05-19 14:50:32,702 FuncName:log_message LINE:161 [INFO]- "GET /static/admin/simpleui-x/elementui/theme-chalk/index.css HTTP/1.1" 200 232478
2026-05-19 14:50:32,712 FuncName:log_message LINE:161 [INFO]- "GET /static/admin/simpleui-x/css/login.css?_=2.1 HTTP/1.1" 200 500
2026-05-19 14:50:32,714 FuncName:log_message LINE:161 [INFO]- "GET /static/admin/simpleui-x/elementui/umd/locale/en.js?_=2026.01.13 HTTP/1.1" 200 3461
2026-05-19 14:50:32,717 FuncName:log_message LINE:161 [INFO]- "GET /static/admin/simpleui-x/js/vue.min.js?_=2026.01.13 HTTP/1.1" 200 93675
2026-05-19 14:50:32,717 FuncName:log_message LINE:161 [INFO]- "GET /static/admin/simpleui-x/js/login.js?_=3.3 HTTP/1.1" 200 669
2026-05-19 14:50:32,718 FuncName:log_message LINE:161 [INFO]- "GET /static/admin/simpleui-x/fontawesome-free-6.2.0-web/css/all.min.css HTTP/1.1" 200 101784
2026-05-19 14:50:32,718 FuncName:log_message LINE:161 [INFO]- "GET /static/admin/simpleui-x/img/logo.png HTTP/1.1" 200 115997
2026-05-19 14:50:32,720 FuncName:log_message LINE:161 [INFO]- "GET /static/admin/simpleui-x/particles/particles.js HTTP/1.1" 200 51264
2026-05-19 14:50:32,723 FuncName:log_message LINE:161 [INFO]- "GET /static/admin/simpleui-x/particles/app.js HTTP/1.1" 200 3728
2026-05-19 14:50:32,725 FuncName:log_message LINE:161 [INFO]- "GET /static/admin/simpleui-x/elementui/index.js?_=2026.01.13 HTTP/1.1" 200 567853
2026-05-19 14:50:32,729 FuncName:log_message LINE:161 [INFO]- "GET /static/admin/simpleui-x/img/bg.svg HTTP/1.1" 200 9547
2026-05-19 14:50:32,803 FuncName:log_message LINE:161 [INFO]- "GET /static/admin/simpleui-x/fontawesome-free-6.2.0-web/webfonts/fa-solid-900.woff2 HTTP/1.1" 200 150472
2026-05-19 14:50:32,834 FuncName:log_message LINE:161 [INFO]- "GET /favicon.ico HTTP/1.1" 302 0
2026-05-19 14:50:32,841 FuncName:log_message LINE:161 [WARNING]- "GET /static/images/icon.ico HTTP/1.1" 404 1905
2026-05-19 15:07:45,551 FuncName:log_message LINE:161 [INFO]- "GET /static/admin/simpleui-x/elementui/theme-chalk/fonts/element-icons.woff HTTP/1.1" 200 28200
2026-05-19 15:07:51,023 FuncName:log_message LINE:161 [INFO]- "POST /admin/login/?next=/admin/ HTTP/1.1" 302 0
2026-05-19 15:07:51,610 FuncName:log_message LINE:161 [INFO]- "GET /admin/ HTTP/1.1" 200 31453
2026-05-19 15:07:51,647 FuncName:log_message LINE:161 [INFO]- "GET /static/admin/simpleui-x/css/index.css?_=3.2 HTTP/1.1" 200 6608
2026-05-19 15:07:51,648 FuncName:log_message LINE:161 [INFO]- "GET /static/admin/simpleui-x/waves/waves.min.css?_=2.1 HTTP/1.1" 200 3861
2026-05-19 15:07:51,651 FuncName:log_message LINE:161 [INFO]- "GET /static/admin/simpleui-x/automatic/segment.js?_=2026.01.13 HTTP/1.1" 200 1186
2026-05-19 15:07:51,651 FuncName:log_message LINE:161 [INFO]- "GET /static/admin/simpleui-x/automatic/dicts.js?_=2026.01.13 HTTP/1.1" 200 6292
2026-05-19 15:07:51,653 FuncName:log_message LINE:161 [INFO]- "GET /static/admin/simpleui-x/locale/en-us.js?_=2026.01.13 HTTP/1.1" 200 811
2026-05-19 15:07:51,653 FuncName:log_message LINE:161 [INFO]- "GET /static/admin/simpleui-x/locale/zh-hans.js?_=2026.01.13 HTTP/1.1" 200 1254
2026-05-19 15:07:51,655 FuncName:log_message LINE:161 [INFO]- "GET /static/admin/simpleui-x/theme/theme.js?_=2026.01.13 HTTP/1.1" 200 4274
2026-05-19 15:07:51,655 FuncName:log_message LINE:161 [INFO]- "GET /static/admin/simpleui-x/js/cookie.js?_=2026.01.13 HTTP/1.1" 200 524
2026-05-19 15:07:51,658 FuncName:log_message LINE:161 [INFO]- "GET /static/admin/simpleui-x/waves/waves.min.js?_=2026.01.13 HTTP/1.1" 200 6329
2026-05-19 15:07:51,660 FuncName:log_message LINE:161 [INFO]- "GET /static/admin/simpleui-x/js/menu.js?_=2026.01.13 HTTP/1.1" 200 1189
2026-05-19 15:07:51,661 FuncName:log_message LINE:161 [INFO]- "GET /static/admin/simpleui-x/js/index.js?_=2026.01.13 HTTP/1.1" 200 20820
2026-05-19 15:07:51,798 FuncName:log_message LINE:161 [INFO]- "GET /static/admin/simpleui-x/fontawesome-free-6.2.0-web/webfonts/fa-regular-400.woff2 HTTP/1.1" 200 25096
2026-05-19 15:07:51,799 FuncName:log_message LINE:161 [INFO]- "GET /static/admin/simpleui-x/fontawesome-free-6.2.0-web/webfonts/fa-brands-400.woff2 HTTP/1.1" 200 107460
2026-05-19 15:08:05,692 FuncName:log_message LINE:161 [INFO]- "GET /admin/api/indexfocus/ HTTP/1.1" 200 44529
2026-05-19 15:08:05,704 FuncName:log_message LINE:161 [INFO]- "GET /static/admin/simpleui-x/locale/zh-hans.js HTTP/1.1" 200 1254
2026-05-19 15:08:05,706 FuncName:log_message LINE:161 [INFO]- "GET /static/admin/simpleui-x/js/language.js?_=2.1.2 HTTP/1.1" 200 189
2026-05-19 15:08:05,706 FuncName:log_message LINE:161 [INFO]- "GET /static/admin/simpleui-x/theme/simpleui.css HTTP/1.1" 200 4270
2026-05-19 15:08:05,706 FuncName:log_message LINE:161 [INFO]- "GET /static/admin/simpleui-x/css/base.css?_=2.7 HTTP/1.1" 200 3264
2026-05-19 15:08:05,707 FuncName:log_message LINE:161 [INFO]- "GET /static/admin/simpleui-x/locale/en-us.js?_=2.1.2 HTTP/1.1" 200 811
2026-05-19 15:08:05,707 FuncName:log_message LINE:161 [INFO]- "GET /static/admin/css/base.css?_=2.7 HTTP/1.1" 200 16378
2026-05-19 15:08:05,714 FuncName:log_message LINE:161 [INFO]- "GET /static/admin/css/changelists.css?_=20180905 HTTP/1.1" 200 6190
2026-05-19 15:08:05,716 FuncName:log_message LINE:161 [INFO]- "GET /static/admin/css/forms.css HTTP/1.1" 200 8518
2026-05-19 15:08:05,717 FuncName:log_message LINE:161 [INFO]- "GET /static/admin/simpleui-x/js/cookie.js HTTP/1.1" 200 524
2026-05-19 15:08:05,717 FuncName:log_message LINE:161 [INFO]- "GET /static/admin/css/responsive.css?_=20180905 HTTP/1.1" 200 18052
2026-05-19 15:08:05,719 FuncName:log_message LINE:161 [INFO]- "GET /static/admin/css/fonts.css HTTP/1.1" 200 423
2026-05-19 15:08:05,721 FuncName:log_message LINE:161 [INFO]- "GET /static/admin/js/jquery.init.js HTTP/1.1" 200 363
2026-05-19 15:08:05,723 FuncName:log_message LINE:161 [INFO]- "GET /static/admin/js/core.js HTTP/1.1" 200 5723
2026-05-19 15:08:05,723 FuncName:log_message LINE:161 [INFO]- "GET /static/admin/js/admin/RelatedObjectLookups.js HTTP/1.1" 200 6918
2026-05-19 15:08:05,726 FuncName:log_message LINE:161 [INFO]- "GET /static/admin/js/actions.js HTTP/1.1" 200 6766
2026-05-19 15:08:05,729 FuncName:log_message LINE:161 [INFO]- "GET /static/admin/js/urlify.js HTTP/1.1" 200 8941
2026-05-19 15:08:05,730 FuncName:log_message LINE:161 [INFO]- "GET /static/admin/js/prepopulate.js HTTP/1.1" 200 1530
2026-05-19 15:08:05,733 FuncName:log_message LINE:161 [INFO]- "GET /static/admin/js/vendor/jquery/jquery.js HTTP/1.1" 200 280364
2026-05-19 15:08:05,733 FuncName:log_message LINE:161 [INFO]- "GET /static/admin/simpleui-x/automatic/dicts.js HTTP/1.1" 200 6292
2026-05-19 15:08:05,735 FuncName:log_message LINE:161 [INFO]- "GET /static/admin/simpleui-x/automatic/segment.js HTTP/1.1" 200 1186
2026-05-19 15:08:05,736 FuncName:log_message LINE:161 [INFO]- "GET /static/admin/js/vendor/xregexp/xregexp.js HTTP/1.1" 200 128820
2026-05-19 15:08:05,736 FuncName:log_message LINE:161 [INFO]- "GET /static/admin/js/vendor/jquery/jquery.min.js HTTP/1.1" 200 88145
2026-05-19 15:08:05,738 FuncName:log_message LINE:161 [INFO]- "GET /static/admin/css/widgets.css HTTP/1.1" 200 10322
2026-05-19 15:08:05,738 FuncName:log_message LINE:161 [INFO]- "GET /static/admin/simpleui-x/js/axios.min.js HTTP/1.1" 200 14237
2026-05-19 15:08:06,107 FuncName:log_message LINE:161 [INFO]- "GET /admin/jsi18n/ HTTP/1.1" 200 8398
2026-05-19 15:08:06,145 FuncName:log_message LINE:161 [INFO]- "GET /static/admin/fonts/Roboto-Regular-webfont.woff HTTP/1.1" 200 85876
2026-05-19 15:08:06,155 FuncName:log_message LINE:161 [INFO]- "GET /static/admin/img/sorting-icons.svg HTTP/1.1" 200 1097
2026-05-19 15:08:06,155 FuncName:log_message LINE:161 [INFO]- "GET /static/admin/img/search.svg HTTP/1.1" 200 458
2026-05-19 15:08:06,183 FuncName:log_message LINE:161 [INFO]- "GET /static/admin/fonts/Roboto-Bold-webfont.woff HTTP/1.1" 200 86184
2026-05-19 15:08:06,184 FuncName:log_message LINE:161 [INFO]- "GET /static/admin/fonts/Roboto-Light-webfont.woff HTTP/1.1" 200 85692
2026-05-19 15:08:16,196 FuncName:log_message LINE:161 [INFO]- "POST /admin/api/indexfocus/ HTTP/1.1" 302 0
2026-05-19 15:08:17,638 FuncName:log_message LINE:161 [INFO]- "GET /admin/api/indexfocus/ HTTP/1.1" 200 44641
2026-05-19 15:08:18,044 FuncName:log_message LINE:161 [INFO]- "GET /admin/jsi18n/ HTTP/1.1" 200 8398
2026-05-19 15:08:19,845 FuncName:log_message LINE:161 [INFO]- "GET / HTTP/1.1" 200 419142
2026-05-19 15:08:19,870 FuncName:log_message LINE:161 [INFO]- "GET /static/css/style.css HTTP/1.1" 304 0
2026-05-19 15:08:19,871 FuncName:log_message LINE:161 [INFO]- "GET /static/js/js.js HTTP/1.1" 304 0
2026-05-19 15:08:19,922 FuncName:log_message LINE:161 [INFO]- "GET /static/images/focus/%E6%A5%9A%E9%97%A8%E7%9A%84%E4%B8%96%E7%95%8C_C11c2Nf.png HTTP/1.1" 200 4509163
2026-05-19 15:08:20,088 FuncName:log_message LINE:161 [INFO]- "GET /api/img_proxy?url=https://img9.doubanio.com/view/photo/s_ratio_poster/public/p2548840165.jpg HTTP/1.1" 200 41384
2026-05-19 15:08:20,205 FuncName:log_message LINE:161 [INFO]- "GET /api/img_proxy?url=https://img1.doubanio.com/view/photo/s_ratio_poster/public/p2365915662.jpg HTTP/1.1" 200 30655
2026-05-19 15:08:20,206 FuncName:log_message LINE:161 [INFO]- "GET /api/img_proxy?url=https://img1.doubanio.com/view/photo/s_ratio_poster/public/p2579434298.jpg HTTP/1.1" 200 38976
2026-05-19 15:08:20,218 FuncName:log_message LINE:161 [INFO]- "GET /api/img_proxy?url=https://img1.doubanio.com/view/photo/s_ratio_poster/public/p2551796037.jpg HTTP/1.1" 200 27641
2026-05-19 15:08:20,340 FuncName:log_message LINE:161 [WARNING]- "GET /api/img_proxy?url=https://img1.doubanio.com/view/photo/s_ratio_poster/public/p1910926158.jpg HTTP/1.1" 404 0
2026-05-19 15:08:20,368 FuncName:log_message LINE:161 [INFO]- "GET /api/img_proxy?url=https://img1.doubanio.com/view/photo/s_ratio_poster/public/p2550080022.jpg HTTP/1.1" 200 29384
2026-05-19 15:08:20,429 FuncName:log_message LINE:161 [INFO]- "GET /api/img_proxy?url=https://img1.doubanio.com/view/photo/s_ratio_poster/public/p1512562287.jpg HTTP/1.1" 200 20943
2026-05-19 15:08:20,577 FuncName:log_message LINE:161 [INFO]- "GET /api/img_proxy?url=https://img1.doubanio.com/view/photo/s_ratio_poster/public/p2574697967.jpg HTTP/1.1" 200 32198
2026-05-19 15:08:20,628 FuncName:log_message LINE:161 [INFO]- "GET /api/img_proxy?url=https://img1.doubanio.com/view/photo/s_ratio_poster/public/p2551716549.jpg HTTP/1.1" 200 29666
2026-05-19 15:08:20,645 FuncName:log_message LINE:161 [INFO]- "GET /api/img_proxy?url=https://img1.doubanio.com/view/photo/s_ratio_poster/public/p589731063.jpg HTTP/1.1" 200 13727
2026-05-19 15:08:20,659 FuncName:log_message LINE:161 [INFO]- "GET /api/img_proxy?url=https://img1.doubanio.com/view/photo/s_ratio_poster/public/p2548457568.jpg HTTP/1.1" 200 26887
2026-05-19 15:08:20,699 FuncName:log_message LINE:161 [INFO]- "GET /api/img_proxy?url=https://img9.doubanio.com/view/photo/s_ratio_poster/public/p2223011274.jpg HTTP/1.1" 200 29580
2026-05-19 15:08:20,719 FuncName:log_message LINE:161 [INFO]- "GET /api/img_proxy?url=https://img9.doubanio.com/view/photo/s_ratio_poster/public/p2547896006.jpg HTTP/1.1" 200 30291
2026-05-19 15:08:20,777 FuncName:log_message LINE:161 [INFO]- "GET /api/img_proxy?url=https://img1.doubanio.com/view/photo/s_ratio_poster/public/p2521531622.jpg HTTP/1.1" 200 30806
2026-05-19 15:08:20,805 FuncName:log_message LINE:161 [INFO]- "GET /api/img_proxy?url=https://img9.doubanio.com/view/photo/s_ratio_poster/public/p2571514745.jpg HTTP/1.1" 200 29780
2026-05-19 15:08:20,878 FuncName:log_message LINE:161 [INFO]- "GET /api/img_proxy?url=https://img1.doubanio.com/view/photo/s_ratio_poster/public/p2545486463.jpg HTTP/1.1" 200 30023
2026-05-19 15:08:20,973 FuncName:log_message LINE:161 [INFO]- "GET /api/img_proxy?url=https://img1.doubanio.com/view/photo/s_ratio_poster/public/p2543618988.jpg HTTP/1.1" 200 32799
2026-05-19 15:08:20,984 FuncName:log_message LINE:161 [INFO]- "GET /api/img_proxy?url=https://img1.doubanio.com/view/photo/s_ratio_poster/public/p2577135811.jpg HTTP/1.1" 200 19841
2026-05-19 15:08:21,095 FuncName:log_message LINE:161 [WARNING]- "GET /api/img_proxy?url=https://img1.doubanio.com/view/photo/s_ratio_poster/public/p2561716440.jpg HTTP/1.1" 404 0
2026-05-19 15:08:21,103 FuncName:log_message LINE:161 [INFO]- "GET /api/img_proxy?url=https://img1.doubanio.com/view/photo/s_ratio_poster/public/p2549294001.jpg HTTP/1.1" 200 24587
2026-05-19 15:08:21,185 FuncName:log_message LINE:161 [INFO]- "GET /api/img_proxy?url=https://img1.doubanio.com/view/photo/s_ratio_poster/public/p2563064642.jpg HTTP/1.1" 200 15841
